-Sailor n°0 moves +5/+0
-Sailor n°5 moves +1/+2
-Sailor n°5 rows.
-Sailor n°2 moves +1/+0
-Sailor n°3 moves +3/+0
-Sailor n°10 moves +1/+0
-Sailor n°4 moves +0/+3
-Sailor n°4 rows.
-Sailo...
-Sailor n°0 moves +0/+3
-Sailor n°0 rows.
-Sailor n°5 moves -1/-3
-Sailor n°5 rows.
-Sailor n°3 moves +1/-2
-Sailor n°3 lowered the sail.
-Sailor n°2 moves +0/+1
-Sailor n°2 rows.
-Sailor...
-Sailor n°0 rows.
-Sailor n°5 rows.
-Sailor n°3 lifted the sail.
-Sailor n°2 rows.
-Sailor n°10 rows.
-Sailor n°4 rows.
-Sailor n°11 rows.
-Sailor n°9 rows.
-Sailor n°8 rows.
-Sailor n°7 ...
-Sailor n°0 rows.
-Sailor n°5 rows.
-Sailor n°3 lowered the sail.
-Sailor n°2 rows.
-Sailor n°10 rows.
-Sailor n°4 rows.
-Sailor n°11 rows.
-Sailor n°9 rows.
-Sailor n°8 rows.
-Sailor n°7...
-Sailor n°0 rows.
-Sailor n°5 rows.
-Sailor n°3 moves +0/+1
-Sailor n°3 turned the rudder with an angle of -2
-Sailor n°2 rows.
-Sailor n°10 moves +1/+3
-Sailor n°10 rows.
-Sailor n°4 row...
-Sailor n°0 rows.
-Sailor n°5 rows.
-Sailor n°3 moves +0/-1
-Sailor n°3 lowered the sail.
-Sailor n°2 rows.
-Sailor n°10 moves -1/-3
-Sailor n°10 rows.
-Sailor n°4 rows.
-Sailor n°11 move...
-Sailor n°0 rows.
-Sailor n°5 rows.
-Sailor n°3 lifted the sail.
-Sailor n°2 rows.
-Sailor n°10 rows.
-Sailor n°4 rows.
-Sailor n°11 rows.
-Sailor n°9 rows.
-Sailor n°8 rows.
-Sailor n°7 ...
-Sailor n°0 rows.
-Sailor n°5 rows.
-Sailor n°3 lowered the sail.
-Sailor n°2 rows.
-Sailor n°10 rows.
-Sailor n°4 rows.
-Sailor n°11 rows.
-Sailor n°9 rows.
-Sailor n°8 rows.
-Sailor n°7...
-Sailor n°0 rows.
-Sailor n°5 rows.
-Sailor n°3 lifted the sail.
-Sailor n°2 rows.
-Sailor n°10 rows.
-Sailor n°4 rows.
-Sailor n°11 rows.
-Sailor n°9 rows.
-Sailor n°8 rows.
-Sailor n°7 ...
-Sailor n°0 rows.
-Sailor n°5 rows.
-Sailor n°3 lowered the sail.
-Sailor n°2 rows.
-Sailor n°10 rows.
-Sailor n°4 rows.
-Sailor n°11 rows.
-Sailor n°9 rows.
-Sailor n°8 rows.
-Sailor n°7...
-Sailor n°0 rows.
-Sailor n°5 rows.
-Sailor n°3 lifted the sail.
-Sailor n°2 rows.
-Sailor n°10 rows.
-Sailor n°4 rows.
-Sailor n°11 rows.
-Sailor n°9 rows.
-Sailor n°8 rows.
-Sailor n°7 ...
-Sailor n°0 rows.
-Sailor n°5 rows.
-Sailor n°3 lowered the sail.
-Sailor n°2 rows.
-Sailor n°10 rows.
-Sailor n°4 rows.
-Sailor n°11 rows.
-Sailor n°9 rows.
-Sailor n°8 rows.
-Sailor n°7...
