[{"sailorId":0,"xdistance":5,"ydistance":0,"type":"MOVING"},{"sailorId":0,"rotation":-0.50838697283949,"type":"TURN"},{"sailorId":8,"xdistance":2,"ydistance":0,"type":"MOVING"},{"sailorId":8,"type":"O
[{"sailorId":0,"xdistance":0,"ydistance":2,"type":"MOVING"},{"sailorId":0,"rotation":-0.14274265543050357,"type":"TURN"},{"sailorId":8,"xdistance":0,"ydistance":0,"type":"MOVING"},{"sailorId":8,"type"
[{"sailorId":0,"xdistance":0,"ydistance":0,"type":"MOVING"},{"sailorId":0,"rotation":-0.008036279059207674,"type":"TURN"},{"sailorId":8,"xdistance":0,"ydistance":0,"type":"MOVING"},{"sailorId":8,"type
[{"sailorId":0,"xdistance":0,"ydistance":0,"type":"MOVING"},{"sailorId":0,"rotation":-4.7173117684951027E-4,"type":"TURN"},{"sailorId":8,"xdistance":0,"ydistance":0,"type":"MOVING"},{"sailorId":8,"typ
[{"sailorId":0,"xdistance":0,"ydistance":0,"type":"MOVING"},{"sailorId":0,"rotation":2.5428987995179675E-5,"type":"TURN"},{"sailorId":8,"xdistance":0,"ydistance":0,"type":"MOVING"},{"sailorId":8,"type
[{"sailorId":0,"xdistance":0,"ydistance":0,"type":"MOVING"},{"sailorId":0,"rotation":9.581223864496557E-5,"type":"TURN"},{"sailorId":8,"xdistance":0,"ydistance":0,"type":"MOVING"},{"sailorId":8,"type"
[{"sailorId":0,"xdistance":0,"ydistance":0,"type":"MOVING"},{"sailorId":0,"rotation":1.684643210778658E-4,"type":"TURN"},{"sailorId":8,"xdistance":0,"ydistance":0,"type":"MOVING"},{"sailorId":8,"type"
[{"sailorId":0,"xdistance":0,"ydistance":0,"type":"MOVING"},{"sailorId":0,"rotation":3.22959993646843E-4,"type":"TURN"},{"sailorId":8,"xdistance":0,"ydistance":0,"type":"MOVING"},{"sailorId":8,"type":
[{"sailorId":0,"xdistance":0,"ydistance":0,"type":"MOVING"},{"sailorId":0,"rotation":7.404105845263409E-4,"type":"TURN"},{"sailorId":8,"xdistance":0,"ydistance":0,"type":"MOVING"},{"sailorId":8,"type"
[{"sailorId":0,"xdistance":0,"ydistance":0,"type":"MOVING"},{"sailorId":0,"rotation":0.002350906916674389,"type":"TURN"},{"sailorId":8,"xdistance":0,"ydistance":0,"type":"MOVING"},{"sailorId":8,"type"
[{"sailorId":0,"xdistance":0,"ydistance":0,"type":"MOVING"},{"sailorId":0,"rotation":0.016893343244705927,"type":"TURN"},{"sailorId":8,"xdistance":0,"ydistance":0,"type":"MOVING"},{"sailorId":8,"type"
[{"sailorId":0,"xdistance":0,"ydistance":0,"type":"MOVING"},{"sailorId":0,"rotation":0.7853981633974483,"type":"TURN"},{"sailorId":4,"xdistance":0,"ydistance":0,"type":"MOVING"},{"sailorId":4,"type":"
[{"sailorId":0,"xdistance":0,"ydistance":0,"type":"MOVING"},{"sailorId":0,"rotation":0.5377930210075803,"type":"TURN"},{"sailorId":8,"xdistance":0,"ydistance":0,"type":"MOVING"},{"sailorId":8,"type":"
[{"sailorId":0,"xdistance":0,"ydistance":0,"type":"MOVING"},{"sailorId":0,"rotation":0.012657860357276896,"type":"TURN"},{"sailorId":8,"xdistance":0,"ydistance":0,"type":"MOVING"},{"sailorId":8,"type"
[{"sailorId":0,"xdistance":0,"ydistance":0,"type":"MOVING"},{"sailorId":0,"rotation":3.259793242262887E-4,"type":"TURN"},{"sailorId":8,"xdistance":0,"ydistance":0,"type":"MOVING"},{"sailorId":8,"type"
[{"sailorId":0,"xdistance":0,"ydistance":0,"type":"MOVING"},{"sailorId":0,"rotation":1.511112951479987E-5,"type":"TURN"},{"sailorId":8,"xdistance":0,"ydistance":0,"type":"MOVING"},{"sailorId":8,"type"
[{"sailorId":0,"xdistance":0,"ydistance":0,"type":"MOVING"},{"sailorId":0,"rotation":7.962781517711903E-6,"type":"TURN"},{"sailorId":8,"xdistance":0,"ydistance":0,"type":"MOVING"},{"sailorId":8,"type"
[{"sailorId":0,"xdistance":0,"ydistance":0,"type":"MOVING"},{"sailorId":0,"rotation":9.163906290687862E-6,"type":"TURN"},{"sailorId":8,"xdistance":0,"ydistance":0,"type":"MOVING"},{"sailorId":8,"type"
[{"sailorId":0,"xdistance":0,"ydistance":0,"type":"MOVING"},{"sailorId":0,"rotation":1.0969372885583084E-5,"type":"TURN"},{"sailorId":8,"xdistance":0,"ydistance":0,"type":"MOVING"},{"sailorId":8,"type
[{"sailorId":0,"xdistance":0,"ydistance":0,"type":"MOVING"},{"sailorId":0,"rotation":1.3292995292069065E-5,"type":"TURN"},{"sailorId":8,"xdistance":0,"ydistance":0,"type":"MOVING"},{"sailorId":8,"type
[{"sailorId":0,"xdistance":0,"ydistance":0,"type":"MOVING"},{"sailorId":0,"rotation":1.6322097306620265E-5,"type":"TURN"},{"sailorId":8,"xdistance":0,"ydistance":0,"type":"MOVING"},{"sailorId":8,"type
[{"sailorId":0,"xdistance":0,"ydistance":0,"type":"MOVING"},{"sailorId":0,"rotation":2.0345529613940982E-5,"type":"TURN"},{"sailorId":8,"xdistance":0,"ydistance":0,"type":"MOVING"},{"sailorId":8,"type
[{"sailorId":0,"xdistance":0,"ydistance":0,"type":"MOVING"},{"sailorId":0,"rotation":2.5806919309978582E-5,"type":"TURN"},{"sailorId":8,"xdistance":0,"ydistance":0,"type":"MOVING"},{"sailorId":8,"type
[{"sailorId":0,"xdistance":0,"ydistance":0,"type":"MOVING"},{"sailorId":0,"rotation":3.3410141293543916E-5,"type":"TURN"},{"sailorId":8,"xdistance":0,"ydistance":0,"type":"MOVING"},{"sailorId":8,"type
[{"sailorId":0,"xdistance":0,"ydistance":0,"type":"MOVING"},{"sailorId":0,"rotation":4.431623762268799E-5,"type":"TURN"},{"sailorId":8,"xdistance":0,"ydistance":0,"type":"MOVING"},{"sailorId":8,"type"
[{"sailorId":0,"xdistance":0,"ydistance":0,"type":"MOVING"},{"sailorId":0,"rotation":6.053074644274403E-5,"type":"TURN"},{"sailorId":8,"xdistance":0,"ydistance":0,"type":"MOVING"},{"sailorId":8,"type"
[{"sailorId":0,"xdistance":0,"ydistance":0,"type":"MOVING"},{"sailorId":0,"rotation":8.57162264846778E-5,"type":"TURN"},{"sailorId":8,"xdistance":0,"ydistance":0,"type":"MOVING"},{"sailorId":8,"type":
[{"sailorId":0,"xdistance":0,"ydistance":0,"type":"MOVING"},{"sailorId":0,"rotation":1.2703601015662258E-4,"type":"TURN"},{"sailorId":8,"xdistance":0,"ydistance":0,"type":"MOVING"},{"sailorId":8,"type
[{"sailorId":0,"xdistance":0,"ydistance":0,"type":"MOVING"},{"sailorId":0,"rotation":1.9976944372679384E-4,"type":"TURN"},{"sailorId":8,"xdistance":0,"ydistance":0,"type":"MOVING"},{"sailorId":8,"type
[{"sailorId":0,"xdistance":0,"ydistance":0,"type":"MOVING"},{"sailorId":0,"rotation":3.404252772316596E-4,"type":"TURN"},{"sailorId":8,"xdistance":0,"ydistance":0,"type":"MOVING"},{"sailorId":8,"type"
[{"sailorId":0,"xdistance":0,"ydistance":0,"type":"MOVING"},{"sailorId":0,"rotation":6.509580387108471E-4,"type":"TURN"},{"sailorId":8,"xdistance":0,"ydistance":0,"type":"MOVING"},{"sailorId":8,"type"
[{"sailorId":0,"xdistance":0,"ydistance":0,"type":"MOVING"},{"sailorId":0,"rotation":0.0014897876433437318,"type":"TURN"},{"sailorId":8,"xdistance":0,"ydistance":0,"type":"MOVING"},{"sailorId":8,"type
[{"sailorId":0,"xdistance":0,"ydistance":0,"type":"MOVING"},{"sailorId":0,"rotation":0.004708829473371701,"type":"TURN"},{"sailorId":8,"xdistance":0,"ydistance":0,"type":"MOVING"},{"sailorId":8,"type"
[{"sailorId":0,"xdistance":0,"ydistance":0,"type":"MOVING"},{"sailorId":0,"rotation":0.03301700809983821,"type":"TURN"},{"sailorId":8,"xdistance":0,"ydistance":0,"type":"MOVING"},{"sailorId":8,"type":
[{"sailorId":0,"xdistance":0,"ydistance":0,"type":"MOVING"},{"sailorId":0,"rotation":0.7853981633974483,"type":"TURN"},{"sailorId":4,"xdistance":0,"ydistance":0,"type":"MOVING"},{"sailorId":4,"type":"
[{"sailorId":0,"xdistance":0,"ydistance":0,"type":"MOVING"},{"sailorId":0,"rotation":0.24388594415457776,"type":"TURN"},{"sailorId":8,"xdistance":0,"ydistance":0,"type":"MOVING"},{"sailorId":8,"type":
[{"sailorId":0,"xdistance":0,"ydistance":0,"type":"MOVING"},{"sailorId":0,"rotation":0.005782987541742113,"type":"TURN"},{"sailorId":8,"xdistance":0,"ydistance":0,"type":"MOVING"},{"sailorId":8,"type"
[{"sailorId":0,"xdistance":0,"ydistance":0,"type":"MOVING"},{"sailorId":0,"rotation":1.5054490939903076E-4,"type":"TURN"},{"sailorId":8,"xdistance":0,"ydistance":0,"type":"MOVING"},{"sailorId":8,"type
[{"sailorId":0,"xdistance":0,"ydistance":0,"type":"MOVING"},{"sailorId":0,"rotation":1.0977466728956387E-5,"type":"TURN"},{"sailorId":8,"xdistance":0,"ydistance":0,"type":"MOVING"},{"sailorId":8,"type
[{"sailorId":0,"xdistance":0,"ydistance":0,"type":"MOVING"},{"sailorId":0,"rotation":8.525414202154025E-6,"type":"TURN"},{"sailorId":8,"xdistance":0,"ydistance":0,"type":"MOVING"},{"sailorId":8,"type"
[{"sailorId":0,"xdistance":0,"ydistance":0,"type":"MOVING"},{"sailorId":0,"rotation":9.96279879972306E-6,"type":"TURN"},{"sailorId":8,"xdistance":0,"ydistance":0,"type":"MOVING"},{"sailorId":8,"type":
[{"sailorId":0,"xdistance":0,"ydistance":0,"type":"MOVING"},{"sailorId":0,"rotation":1.1898597918946763E-5,"type":"TURN"},{"sailorId":8,"xdistance":0,"ydistance":0,"type":"MOVING"},{"sailorId":8,"type
[{"sailorId":0,"xdistance":0,"ydistance":0,"type":"MOVING"},{"sailorId":0,"rotation":1.4374759367719037E-5,"type":"TURN"},{"sailorId":8,"xdistance":0,"ydistance":0,"type":"MOVING"},{"sailorId":8,"type
[{"sailorId":0,"xdistance":0,"ydistance":0,"type":"MOVING"},{"sailorId":0,"rotation":1.7588309427107873E-5,"type":"TURN"},{"sailorId":8,"xdistance":0,"ydistance":0,"type":"MOVING"},{"sailorId":8,"type
[{"sailorId":0,"xdistance":0,"ydistance":0,"type":"MOVING"},{"sailorId":0,"rotation":2.1835174740303387E-5,"type":"TURN"},{"sailorId":8,"xdistance":0,"ydistance":0,"type":"MOVING"},{"sailorId":8,"type
[{"sailorId":0,"xdistance":0,"ydistance":0,"type":"MOVING"},{"sailorId":0,"rotation":2.7566158727232448E-5,"type":"TURN"},{"sailorId":8,"xdistance":0,"ydistance":0,"type":"MOVING"},{"sailorId":8,"type
[{"sailorId":0,"xdistance":0,"ydistance":0,"type":"MOVING"},{"sailorId":0,"rotation":3.5490106783164777E-5,"type":"TURN"},{"sailorId":8,"xdistance":0,"ydistance":0,"type":"MOVING"},{"sailorId":8,"type
[{"sailorId":0,"xdistance":0,"ydistance":0,"type":"MOVING"},{"sailorId":0,"rotation":4.67639447436774E-5,"type":"TURN"},{"sailorId":8,"xdistance":0,"ydistance":0,"type":"MOVING"},{"sailorId":8,"type":
[{"sailorId":0,"xdistance":0,"ydistance":0,"type":"MOVING"},{"sailorId":0,"rotation":6.336099833670339E-5,"type":"TURN"},{"sailorId":8,"xdistance":0,"ydistance":0,"type":"MOVING"},{"sailorId":8,"type"
[{"sailorId":0,"xdistance":0,"ydistance":0,"type":"MOVING"},{"sailorId":0,"rotation":8.883004210158418E-5,"type":"TURN"},{"sailorId":8,"xdistance":0,"ydistance":0,"type":"MOVING"},{"sailorId":8,"type"
[{"sailorId":0,"xdistance":0,"ydistance":0,"type":"MOVING"},{"sailorId":0,"rotation":1.2998050496859648E-4,"type":"TURN"},{"sailorId":8,"xdistance":0,"ydistance":0,"type":"MOVING"},{"sailorId":8,"type
[{"sailorId":0,"xdistance":0,"ydistance":0,"type":"MOVING"},{"sailorId":0,"rotation":2.00986019371463E-4,"type":"TURN"},{"sailorId":8,"xdistance":0,"ydistance":0,"type":"MOVING"},{"sailorId":8,"type":
[{"sailorId":0,"xdistance":0,"ydistance":0,"type":"MOVING"},{"sailorId":0,"rotation":3.3462981022713834E-4,"type":"TURN"},{"sailorId":8,"xdistance":0,"ydistance":0,"type":"MOVING"},{"sailorId":8,"type
[{"sailorId":0,"xdistance":0,"ydistance":0,"type":"MOVING"},{"sailorId":0,"rotation":6.183765557612464E-4,"type":"TURN"},{"sailorId":8,"xdistance":0,"ydistance":0,"type":"MOVING"},{"sailorId":8,"type"
[{"sailorId":0,"xdistance":0,"ydistance":0,"type":"MOVING"},{"sailorId":0,"rotation":0.001338995377019092,"type":"TURN"},{"sailorId":8,"xdistance":0,"ydistance":0,"type":"MOVING"},{"sailorId":8,"type"
[{"sailorId":0,"xdistance":0,"ydistance":0,"type":"MOVING"},{"sailorId":0,"rotation":0.003805356859447162,"type":"TURN"},{"sailorId":8,"xdistance":0,"ydistance":0,"type":"MOVING"},{"sailorId":8,"type"
[{"sailorId":0,"xdistance":0,"ydistance":0,"type":"MOVING"},{"sailorId":0,"rotation":0.019605781256396337,"type":"TURN"},{"sailorId":8,"xdistance":0,"ydistance":0,"type":"MOVING"},{"sailorId":8,"type"
[{"sailorId":0,"xdistance":0,"ydistance":0,"type":"MOVING"},{"sailorId":0,"rotation":0.7853981633974483,"type":"TURN"},{"sailorId":4,"xdistance":0,"ydistance":0,"type":"MOVING"},{"sailorId":4,"type":"
[{"sailorId":0,"xdistance":0,"ydistance":0,"type":"MOVING"},{"sailorId":0,"rotation":0.17595453513700487,"type":"TURN"},{"sailorId":8,"xdistance":0,"ydistance":0,"type":"MOVING"},{"sailorId":8,"type":
[{"sailorId":0,"xdistance":0,"ydistance":0,"type":"MOVING"},{"sailorId":0,"rotation":0.004185855448962439,"type":"TURN"},{"sailorId":8,"xdistance":0,"ydistance":0,"type":"MOVING"},{"sailorId":8,"type"
[{"sailorId":0,"xdistance":0,"ydistance":0,"type":"MOVING"},{"sailorId":0,"rotation":1.1047592799506845E-4,"type":"TURN"},{"sailorId":8,"xdistance":0,"ydistance":0,"type":"MOVING"},{"sailorId":8,"type
[{"sailorId":0,"xdistance":0,"ydistance":0,"type":"MOVING"},{"sailorId":0,"rotation":9.667857004513891E-6,"type":"TURN"},{"sailorId":8,"xdistance":0,"ydistance":0,"type":"MOVING"},{"sailorId":8,"type"
[{"sailorId":0,"xdistance":0,"ydistance":0,"type":"MOVING"},{"sailorId":0,"rotation":8.187665851755455E-6,"type":"TURN"},{"sailorId":8,"xdistance":0,"ydistance":0,"type":"MOVING"},{"sailorId":8,"type"
[{"sailorId":0,"xdistance":0,"ydistance":0,"type":"MOVING"},{"sailorId":0,"rotation":9.597524892601683E-6,"type":"TURN"},{"sailorId":8,"xdistance":0,"ydistance":0,"type":"MOVING"},{"sailorId":8,"type"
[{"sailorId":0,"xdistance":0,"ydistance":0,"type":"MOVING"},{"sailorId":0,"rotation":1.1464325357035676E-5,"type":"TURN"},{"sailorId":8,"xdistance":0,"ydistance":0,"type":"MOVING"},{"sailorId":8,"type
[{"sailorId":0,"xdistance":0,"ydistance":0,"type":"MOVING"},{"sailorId":0,"rotation":1.3851671461617698E-5,"type":"TURN"},{"sailorId":8,"xdistance":0,"ydistance":0,"type":"MOVING"},{"sailorId":8,"type
[{"sailorId":0,"xdistance":0,"ydistance":0,"type":"MOVING"},{"sailorId":0,"rotation":1.695042324345586E-5,"type":"TURN"},{"sailorId":8,"xdistance":0,"ydistance":0,"type":"MOVING"},{"sailorId":8,"type"
[{"sailorId":0,"xdistance":0,"ydistance":0,"type":"MOVING"},{"sailorId":0,"rotation":2.104632539268181E-5,"type":"TURN"},{"sailorId":8,"xdistance":0,"ydistance":0,"type":"MOVING"},{"sailorId":8,"type"
[{"sailorId":0,"xdistance":0,"ydistance":0,"type":"MOVING"},{"sailorId":0,"rotation":2.6574763142939162E-5,"type":"TURN"},{"sailorId":8,"xdistance":0,"ydistance":0,"type":"MOVING"},{"sailorId":8,"type
[{"sailorId":0,"xdistance":0,"ydistance":0,"type":"MOVING"},{"sailorId":0,"rotation":3.422056368007631E-5,"type":"TURN"},{"sailorId":8,"xdistance":0,"ydistance":0,"type":"MOVING"},{"sailorId":8,"type"
[{"sailorId":0,"xdistance":0,"ydistance":0,"type":"MOVING"},{"sailorId":0,"rotation":4.510188880280097E-5,"type":"TURN"},{"sailorId":8,"xdistance":0,"ydistance":0,"type":"MOVING"},{"sailorId":8,"type"
[{"sailorId":0,"xdistance":0,"ydistance":0,"type":"MOVING"},{"sailorId":0,"rotation":6.11268374133278E-5,"type":"TURN"},{"sailorId":8,"xdistance":0,"ydistance":0,"type":"MOVING"},{"sailorId":8,"type":
[{"sailorId":0,"xdistance":0,"ydistance":0,"type":"MOVING"},{"sailorId":0,"rotation":8.572883996338376E-5,"type":"TURN"},{"sailorId":8,"xdistance":0,"ydistance":0,"type":"MOVING"},{"sailorId":8,"type"
[{"sailorId":0,"xdistance":0,"ydistance":0,"type":"MOVING"},{"sailorId":0,"rotation":1.2550069445005363E-4,"type":"TURN"},{"sailorId":8,"xdistance":0,"ydistance":0,"type":"MOVING"},{"sailorId":8,"type
[{"sailorId":0,"xdistance":0,"ydistance":0,"type":"MOVING"},{"sailorId":0,"rotation":1.9417769044483002E-4,"type":"TURN"},{"sailorId":8,"xdistance":0,"ydistance":0,"type":"MOVING"},{"sailorId":8,"type
[{"sailorId":0,"xdistance":0,"ydistance":0,"type":"MOVING"},{"sailorId":0,"rotation":3.235680850994793E-4,"type":"TURN"},{"sailorId":8,"xdistance":0,"ydistance":0,"type":"MOVING"},{"sailorId":8,"type"
[{"sailorId":0,"xdistance":0,"ydistance":0,"type":"MOVING"},{"sailorId":0,"rotation":5.986822220114263E-4,"type":"TURN"},{"sailorId":8,"xdistance":0,"ydistance":0,"type":"MOVING"},{"sailorId":8,"type"
[{"sailorId":0,"xdistance":0,"ydistance":0,"type":"MOVING"},{"sailorId":0,"rotation":0.00129898378963067,"type":"TURN"},{"sailorId":8,"xdistance":0,"ydistance":0,"type":"MOVING"},{"sailorId":8,"type":
[{"sailorId":0,"xdistance":0,"ydistance":0,"type":"MOVING"},{"sailorId":0,"rotation":0.003706057906178728,"type":"TURN"},{"sailorId":8,"xdistance":0,"ydistance":0,"type":"MOVING"},{"sailorId":8,"type"
[{"sailorId":0,"xdistance":0,"ydistance":0,"type":"MOVING"},{"sailorId":0,"rotation":0.019304042832868573,"type":"TURN"},{"sailorId":8,"xdistance":0,"ydistance":0,"type":"MOVING"},{"sailorId":8,"type"
[{"sailorId":0,"xdistance":0,"ydistance":0,"type":"MOVING"},{"sailorId":0,"rotation":0.7853981633974483,"type":"TURN"},{"sailorId":4,"xdistance":0,"ydistance":0,"type":"MOVING"},{"sailorId":4,"type":"
[{"sailorId":0,"xdistance":0,"ydistance":0,"type":"MOVING"},{"sailorId":0,"rotation":0.2045475103857468,"type":"TURN"},{"sailorId":8,"xdistance":0,"ydistance":0,"type":"MOVING"},{"sailorId":8,"type":"
[{"sailorId":0,"xdistance":0,"ydistance":0,"type":"MOVING"},{"sailorId":0,"rotation":0.004711028314198451,"type":"TURN"},{"sailorId":8,"xdistance":0,"ydistance":0,"type":"MOVING"},{"sailorId":8,"type"
[{"sailorId":0,"xdistance":0,"ydistance":0,"type":"MOVING"},{"sailorId":0,"rotation":1.2076550068229608E-4,"type":"TURN"},{"sailorId":8,"xdistance":0,"ydistance":0,"type":"MOVING"},{"sailorId":8,"type
[{"sailorId":0,"xdistance":0,"ydistance":0,"type":"MOVING"},{"sailorId":0,"rotation":1.0940902320566437E-5,"type":"TURN"},{"sailorId":8,"xdistance":0,"ydistance":0,"type":"MOVING"},{"sailorId":8,"type
[{"sailorId":0,"xdistance":0,"ydistance":0,"type":"MOVING"},{"sailorId":0,"rotation":9.464624244337472E-6,"type":"TURN"},{"sailorId":8,"xdistance":0,"ydistance":0,"type":"MOVING"},{"sailorId":8,"type"
[{"sailorId":0,"xdistance":0,"ydistance":0,"type":"MOVING"},{"sailorId":0,"rotation":1.1041024323699133E-5,"type":"TURN"},{"sailorId":8,"xdistance":0,"ydistance":0,"type":"MOVING"},{"sailorId":8,"type
[{"sailorId":0,"xdistance":0,"ydistance":0,"type":"MOVING"},{"sailorId":0,"rotation":1.310161110801289E-5,"type":"TURN"},{"sailorId":8,"xdistance":0,"ydistance":0,"type":"MOVING"},{"sailorId":8,"type"
[{"sailorId":0,"xdistance":0,"ydistance":0,"type":"MOVING"},{"sailorId":0,"rotation":1.5711652291638956E-5,"type":"TURN"},{"sailorId":8,"xdistance":0,"ydistance":0,"type":"MOVING"},{"sailorId":8,"type
[{"sailorId":0,"xdistance":0,"ydistance":0,"type":"MOVING"},{"sailorId":0,"rotation":1.9063386730966414E-5,"type":"TURN"},{"sailorId":8,"xdistance":0,"ydistance":0,"type":"MOVING"},{"sailorId":8,"type
[{"sailorId":0,"xdistance":0,"ydistance":0,"type":"MOVING"},{"sailorId":0,"rotation":2.3439883233500325E-5,"type":"TURN"},{"sailorId":8,"xdistance":0,"ydistance":0,"type":"MOVING"},{"sailorId":8,"type
[{"sailorId":0,"xdistance":0,"ydistance":0,"type":"MOVING"},{"sailorId":0,"rotation":2.926446390372206E-5,"type":"TURN"},{"sailorId":8,"xdistance":0,"ydistance":0,"type":"MOVING"},{"sailorId":8,"type"
[{"sailorId":0,"xdistance":0,"ydistance":0,"type":"MOVING"},{"sailorId":0,"rotation":3.718876004832339E-5,"type":"TURN"},{"sailorId":8,"xdistance":0,"ydistance":0,"type":"MOVING"},{"sailorId":8,"type"
[{"sailorId":0,"xdistance":0,"ydistance":0,"type":"MOVING"},{"sailorId":0,"rotation":4.825020726118012E-5,"type":"TURN"},{"sailorId":8,"xdistance":0,"ydistance":0,"type":"MOVING"},{"sailorId":8,"type"
[{"sailorId":0,"xdistance":0,"ydistance":0,"type":"MOVING"},{"sailorId":0,"rotation":6.416694066402329E-5,"type":"TURN"},{"sailorId":8,"xdistance":0,"ydistance":0,"type":"MOVING"},{"sailorId":8,"type"
[{"sailorId":0,"xdistance":0,"ydistance":0,"type":"MOVING"},{"sailorId":0,"rotation":8.792100002485981E-5,"type":"TURN"},{"sailorId":8,"xdistance":0,"ydistance":0,"type":"MOVING"},{"sailorId":8,"type"
[{"sailorId":0,"xdistance":0,"ydistance":0,"type":"MOVING"},{"sailorId":0,"rotation":1.2498978604025268E-4,"type":"TURN"},{"sailorId":8,"xdistance":0,"ydistance":0,"type":"MOVING"},{"sailorId":8,"type
[{"sailorId":0,"xdistance":0,"ydistance":0,"type":"MOVING"},{"sailorId":0,"rotation":1.861628562691564E-4,"type":"TURN"},{"sailorId":8,"xdistance":0,"ydistance":0,"type":"MOVING"},{"sailorId":8,"type"
[{"sailorId":0,"xdistance":0,"ydistance":0,"type":"MOVING"},{"sailorId":0,"rotation":2.946637798717511E-4,"type":"TURN"},{"sailorId":8,"xdistance":0,"ydistance":0,"type":"MOVING"},{"sailorId":8,"type"
[{"sailorId":0,"xdistance":0,"ydistance":0,"type":"MOVING"},{"sailorId":0,"rotation":5.066498233476935E-4,"type":"TURN"},{"sailorId":8,"xdistance":0,"ydistance":0,"type":"MOVING"},{"sailorId":8,"type"
