-Sailor n°6 moves +2/+0
-Sailor n°5 moves +0/-2
-Sailor n°5 rows.
-Sailor n°0 moves +1/+0
-Sailor n°9 moves +1/+0
-Sailor n°11 moves +1/+0
-Sailor n°1 moves +1/+0
-Sailor n°3 moves +0/+2
...
-Sailor n°6 moves +2/+1
-Sailor n°6 turned the rudder with an angle of +6
-Sailor n°0 moves +0/+2
-Sailor n°0 rows.
-Sailor n°5 moves +2/+0
-Sailor n°5 rows.
-Sailor n°9 rows.
-Sailor n°1...
-Sailor n°6 moves -1/+1
-Sailor n°6 rows.
-Sailor n°0 moves +2/-1
-Sailor n°0 lifted the sail.
-Sailor n°5 moves -1/+0
-Sailor n°5 rows.
-Sailor n°9 moves +1/+0
-Sailor n°9 rows.
-Sailor ...
-Sailor n°6 rows.
-Sailor n°0 lowered the sail.
-Sailor n°5 rows.
-Sailor n°9 rows.
-Sailor n°1 rows.
-Sailor n°3 rows.
-Sailor n°8 rows.
-Sailor n°2 rows.
-Sailor n°10 rows.
-Sailor n°4 ...
-Sailor n°6 rows.
-Sailor n°0 lifted the sail.
-Sailor n°5 rows.
-Sailor n°9 rows.
-Sailor n°1 rows.
-Sailor n°3 rows.
-Sailor n°8 rows.
-Sailor n°2 rows.
-Sailor n°10 rows.
-Sailor n°4 r...
-Sailor n°6 rows.
-Sailor n°0 lowered the sail.
-Sailor n°5 rows.
-Sailor n°9 rows.
-Sailor n°1 rows.
-Sailor n°3 rows.
-Sailor n°8 rows.
-Sailor n°2 rows.
-Sailor n°10 rows.
-Sailor n°4 ...
-Sailor n°6 rows.
-Sailor n°0 lifted the sail.
-Sailor n°5 rows.
-Sailor n°9 rows.
-Sailor n°1 rows.
-Sailor n°3 rows.
-Sailor n°8 rows.
-Sailor n°2 rows.
-Sailor n°10 rows.
-Sailor n°4 r...
-Sailor n°6 rows.
-Sailor n°0 lowered the sail.
-Sailor n°5 rows.
-Sailor n°9 rows.
-Sailor n°1 rows.
-Sailor n°3 rows.
-Sailor n°8 rows.
-Sailor n°2 rows.
-Sailor n°10 rows.
-Sailor n°4 ...
-Sailor n°6 rows.
-Sailor n°0 lifted the sail.
-Sailor n°5 rows.
-Sailor n°9 rows.
-Sailor n°1 rows.
-Sailor n°3 rows.
-Sailor n°8 rows.
-Sailor n°2 rows.
-Sailor n°10 rows.
-Sailor n°4 r...
-Sailor n°6 rows.
-Sailor n°0 lowered the sail.
-Sailor n°5 rows.
-Sailor n°9 rows.
-Sailor n°1 rows.
-Sailor n°3 rows.
-Sailor n°8 rows.
-Sailor n°2 rows.
-Sailor n°10 rows.
-Sailor n°4 ...
-Sailor n°6 rows.
-Sailor n°0 lifted the sail.
-Sailor n°5 rows.
-Sailor n°9 rows.
-Sailor n°1 rows.
-Sailor n°3 rows.
-Sailor n°8 rows.
-Sailor n°2 rows.
-Sailor n°10 rows.
-Sailor n°4 r...
-Sailor n°6 rows.
-Sailor n°0 lowered the sail.
-Sailor n°5 rows.
-Sailor n°9 rows.
-Sailor n°1 rows.
-Sailor n°3 rows.
-Sailor n°8 rows.
-Sailor n°2 rows.
-Sailor n°10 rows.
-Sailor n°4 ...
-Sailor n°6 moves +1/-1
-Sailor n°6 turned the rudder with an angle of -34
-Sailor n°0 lifted the sail.
-Sailor n°1 moves +0/-2
-Sailor n°1 rows.
-Sailor n°3 moves +0/-2
-Sailor n°3 rows....
-Sailor n°6 moves -1/+1
-Sailor n°6 rows.
-Sailor n°0 lowered the sail.
-Sailor n°5 rows.
-Sailor n°9 rows.
-Sailor n°1 moves +0/+2
-Sailor n°1 rows.
-Sailor n°3 moves +0/+2
-Sailor n°3 r...
-Sailor n°6 rows.
-Sailor n°0 moves -2/+1
-Sailor n°0 rows.
-Sailor n°5 moves +1/+0
-Sailor n°5 rows.
-Sailor n°9 rows.
-Sailor n°1 moves +1/+0
-Sailor n°1 rows.
-Sailor n°3 moves -2/-2
-...
-Sailor n°6 rows.
-Sailor n°0 rows.
-Sailor n°5 rows.
-Sailor n°9 rows.
-Sailor n°1 rows.
-Sailor n°3 rows.
-Sailor n°8 rows.
-Sailor n°2 rows.
-Sailor n°4 rows.
-Sailor n°7 rows.

-Sailor n°6 rows.
-Sailor n°0 rows.
-Sailor n°5 rows.
-Sailor n°9 rows.
-Sailor n°1 rows.
-Sailor n°3 rows.
-Sailor n°8 rows.
-Sailor n°2 rows.
-Sailor n°4 rows.
-Sailor n°7 rows.

-Sailor n°6 rows.
-Sailor n°0 rows.
-Sailor n°5 rows.
-Sailor n°9 rows.
-Sailor n°1 rows.
-Sailor n°3 rows.
-Sailor n°8 rows.
-Sailor n°2 rows.
-Sailor n°4 rows.
-Sailor n°7 rows.

-Sailor n°6 rows.
-Sailor n°0 rows.
-Sailor n°5 rows.
-Sailor n°9 rows.
-Sailor n°1 rows.
-Sailor n°3 rows.
-Sailor n°8 rows.
-Sailor n°2 rows.
-Sailor n°4 rows.
-Sailor n°7 rows.

-Sailor n°6 moves +1/-1
-Sailor n°6 turned the rudder with an angle of -2
-Sailor n°0 rows.
-Sailor n°5 rows.
-Sailor n°9 moves -1/+0
-Sailor n°9 rows.
-Sailor n°11 rows.
-Sailor n°1 rows...
-Sailor n°6 moves -1/+1
-Sailor n°6 rows.
-Sailor n°0 rows.
-Sailor n°5 rows.
-Sailor n°9 moves +1/+0
-Sailor n°9 rows.
-Sailor n°1 rows.
-Sailor n°3 rows.
-Sailor n°8 moves +0/-2
-Sailor...
-Sailor n°6 rows.
-Sailor n°0 rows.
-Sailor n°5 rows.
-Sailor n°9 rows.
-Sailor n°1 rows.
-Sailor n°3 rows.
-Sailor n°8 rows.
-Sailor n°2 rows.
-Sailor n°4 rows.
-Sailor n°7 rows.

-Sailor n°6 rows.
-Sailor n°0 rows.
-Sailor n°5 rows.
-Sailor n°9 rows.
-Sailor n°1 rows.
-Sailor n°3 rows.
-Sailor n°8 rows.
-Sailor n°2 rows.
-Sailor n°4 rows.
-Sailor n°7 rows.

-Sailor n°6 rows.
-Sailor n°0 rows.
-Sailor n°5 rows.
-Sailor n°9 rows.
-Sailor n°1 rows.
-Sailor n°3 rows.
-Sailor n°8 rows.
-Sailor n°2 rows.
-Sailor n°4 rows.
-Sailor n°7 rows.

-Sailor n°6 rows.
-Sailor n°0 rows.
-Sailor n°5 rows.
-Sailor n°9 rows.
-Sailor n°1 rows.
-Sailor n°3 rows.
-Sailor n°8 rows.
-Sailor n°2 rows.
-Sailor n°4 rows.
-Sailor n°7 rows.

-Sailor n°6 rows.
-Sailor n°0 rows.
-Sailor n°5 rows.
-Sailor n°9 rows.
-Sailor n°1 rows.
-Sailor n°3 rows.
-Sailor n°8 rows.
-Sailor n°2 rows.
-Sailor n°4 rows.
-Sailor n°7 rows.

-Sailor n°6 rows.
-Sailor n°0 rows.
-Sailor n°5 rows.
-Sailor n°9 rows.
-Sailor n°1 rows.
-Sailor n°3 rows.
-Sailor n°8 rows.
-Sailor n°2 rows.
-Sailor n°4 rows.
-Sailor n°7 rows.

-Sailor n°6 moves -1/-2
-Sailor n°6 rows.
-Sailor n°0 rows.
-Sailor n°1 rows.
-Sailor n°3 rows.
-Sailor n°2 rows.
-Sailor n°4 rows.

-Sailor n°6 moves +2/+1
-Sailor n°6 turned the rudder with an angle of -35
-Sailor n°0 moves +0/-2
-Sailor n°0 rows.
-Sailor n°1 moves +0/-2
-Sailor n°1 rows.
-Sailor n°8 moves +1/+0
-Sai...
-Sailor n°6 moves -1/+1
-Sailor n°6 rows.
-Sailor n°0 moves +0/+2
-Sailor n°0 rows.
-Sailor n°5 rows.
-Sailor n°9 rows.
-Sailor n°1 moves +0/+2
-Sailor n°1 rows.
-Sailor n°3 rows.
-Sailor...
-Sailor n°6 rows.
-Sailor n°0 rows.
-Sailor n°5 rows.
-Sailor n°9 rows.
-Sailor n°1 rows.
-Sailor n°3 rows.
-Sailor n°8 rows.
-Sailor n°2 rows.
-Sailor n°4 rows.
-Sailor n°7 rows.

-Sailor n°6 rows.
-Sailor n°0 rows.
-Sailor n°5 rows.
-Sailor n°9 rows.
-Sailor n°1 rows.
-Sailor n°3 rows.
-Sailor n°8 rows.
-Sailor n°2 rows.
-Sailor n°4 rows.
-Sailor n°7 rows.

-Sailor n°6 rows.
-Sailor n°0 rows.
-Sailor n°5 rows.
-Sailor n°9 rows.
-Sailor n°1 rows.
-Sailor n°3 rows.
-Sailor n°8 rows.
-Sailor n°2 rows.
-Sailor n°4 rows.
-Sailor n°7 rows.

-Sailor n°6 rows.
-Sailor n°0 rows.
-Sailor n°5 rows.
-Sailor n°9 rows.
-Sailor n°1 rows.
-Sailor n°3 rows.
-Sailor n°8 rows.
-Sailor n°2 rows.
-Sailor n°4 rows.
-Sailor n°7 rows.

-Sailor n°6 rows.
-Sailor n°0 rows.
-Sailor n°5 rows.
-Sailor n°9 rows.
-Sailor n°1 rows.
-Sailor n°3 rows.
-Sailor n°8 rows.
-Sailor n°2 rows.
-Sailor n°4 rows.
-Sailor n°7 rows.

-Sailor n°6 rows.
-Sailor n°0 rows.
-Sailor n°5 rows.
-Sailor n°9 rows.
-Sailor n°1 rows.
-Sailor n°3 rows.
-Sailor n°8 rows.
-Sailor n°2 rows.
-Sailor n°4 rows.
-Sailor n°7 rows.

-Sailor n°6 rows.
-Sailor n°0 rows.
-Sailor n°5 rows.
-Sailor n°9 rows.
-Sailor n°1 rows.
-Sailor n°3 rows.
-Sailor n°8 rows.
-Sailor n°2 rows.
-Sailor n°4 rows.
-Sailor n°7 rows.

-Sailor n°6 rows.
-Sailor n°0 rows.
-Sailor n°5 rows.
-Sailor n°9 rows.
-Sailor n°1 rows.
-Sailor n°3 rows.
-Sailor n°8 rows.
-Sailor n°2 rows.
-Sailor n°4 rows.
-Sailor n°7 rows.

-Sailor n°6 rows.
-Sailor n°0 rows.
-Sailor n°5 rows.
-Sailor n°9 rows.
-Sailor n°1 rows.
-Sailor n°3 rows.
-Sailor n°8 rows.
-Sailor n°2 rows.
-Sailor n°4 rows.
-Sailor n°7 rows.

-Sailor n°6 rows.
-Sailor n°0 rows.
-Sailor n°5 rows.
-Sailor n°9 rows.
-Sailor n°1 rows.
-Sailor n°3 rows.
-Sailor n°8 rows.
-Sailor n°2 rows.
-Sailor n°4 rows.
-Sailor n°7 rows.

-Sailor n°6 rows.
-Sailor n°0 rows.
-Sailor n°5 rows.
-Sailor n°9 rows.
-Sailor n°1 rows.
-Sailor n°3 rows.
-Sailor n°8 rows.
-Sailor n°2 rows.
-Sailor n°4 rows.
-Sailor n°7 rows.

-Sailor n°6 rows.
-Sailor n°0 rows.
-Sailor n°5 rows.
-Sailor n°9 rows.
-Sailor n°1 rows.
-Sailor n°3 rows.
-Sailor n°8 rows.
-Sailor n°2 rows.
-Sailor n°4 rows.
-Sailor n°7 rows.

-Sailor n°6 rows.
-Sailor n°0 rows.
-Sailor n°5 rows.
-Sailor n°9 rows.
-Sailor n°1 rows.
-Sailor n°3 rows.
-Sailor n°8 rows.
-Sailor n°2 rows.
-Sailor n°4 rows.
-Sailor n°7 rows.

-Sailor n°6 rows.
-Sailor n°0 rows.
-Sailor n°5 rows.
-Sailor n°9 rows.
-Sailor n°1 rows.
-Sailor n°3 rows.
-Sailor n°8 rows.
-Sailor n°2 rows.
-Sailor n°4 rows.
-Sailor n°7 rows.

-Sailor n°6 rows.
-Sailor n°0 rows.
-Sailor n°5 rows.
-Sailor n°9 rows.
-Sailor n°1 rows.
-Sailor n°3 rows.
-Sailor n°8 rows.
-Sailor n°2 rows.
-Sailor n°4 rows.
-Sailor n°7 rows.

-Sailor n°6 moves +1/-1
-Sailor n°6 turned the rudder with an angle of -2
-Sailor n°0 rows.
-Sailor n°5 rows.
-Sailor n°9 moves -1/+0
-Sailor n°9 rows.
-Sailor n°11 rows.
-Sailor n°1 rows...
-Sailor n°6 moves -1/+1
-Sailor n°6 rows.
-Sailor n°0 rows.
-Sailor n°5 rows.
-Sailor n°9 moves +1/+0
-Sailor n°9 rows.
-Sailor n°1 rows.
-Sailor n°3 rows.
-Sailor n°8 moves +0/-2
-Sailor...
-Sailor n°6 rows.
-Sailor n°0 rows.
-Sailor n°5 rows.
-Sailor n°9 rows.
-Sailor n°1 rows.
-Sailor n°3 rows.
-Sailor n°8 rows.
-Sailor n°2 rows.
-Sailor n°4 rows.
-Sailor n°7 rows.

-Sailor n°6 rows.
-Sailor n°0 rows.
-Sailor n°5 rows.
-Sailor n°9 rows.
-Sailor n°1 rows.
-Sailor n°3 rows.
-Sailor n°8 rows.
-Sailor n°2 rows.
-Sailor n°4 rows.
-Sailor n°7 rows.

-Sailor n°6 rows.
-Sailor n°0 rows.
-Sailor n°5 rows.
-Sailor n°9 rows.
-Sailor n°1 rows.
-Sailor n°3 rows.
-Sailor n°8 rows.
-Sailor n°2 rows.
-Sailor n°4 rows.
-Sailor n°7 rows.

-Sailor n°6 rows.
-Sailor n°0 rows.
-Sailor n°5 rows.
-Sailor n°9 rows.
-Sailor n°1 rows.
-Sailor n°3 rows.
-Sailor n°8 rows.
-Sailor n°2 rows.
-Sailor n°4 rows.
-Sailor n°7 rows.

-Sailor n°6 rows.
-Sailor n°0 rows.
-Sailor n°5 rows.
-Sailor n°9 rows.
-Sailor n°1 rows.
-Sailor n°3 rows.
-Sailor n°8 rows.
-Sailor n°2 rows.
-Sailor n°4 rows.
-Sailor n°7 rows.

-Sailor n°6 rows.
-Sailor n°0 rows.
-Sailor n°5 rows.
-Sailor n°9 rows.
-Sailor n°1 rows.
-Sailor n°3 rows.
-Sailor n°8 rows.
-Sailor n°2 rows.
-Sailor n°4 rows.
-Sailor n°7 rows.

-Sailor n°6 rows.
-Sailor n°0 rows.
-Sailor n°5 rows.
-Sailor n°9 rows.
-Sailor n°1 rows.
-Sailor n°3 rows.
-Sailor n°8 rows.
-Sailor n°2 rows.
-Sailor n°4 rows.
-Sailor n°7 rows.

-Sailor n°6 rows.
-Sailor n°0 rows.
-Sailor n°5 rows.
-Sailor n°9 rows.
-Sailor n°1 rows.
-Sailor n°3 rows.
-Sailor n°8 rows.
-Sailor n°2 rows.
-Sailor n°4 rows.
-Sailor n°7 rows.

-Sailor n°6 rows.
-Sailor n°0 rows.
-Sailor n°5 rows.
-Sailor n°9 rows.
-Sailor n°1 rows.
-Sailor n°3 rows.
-Sailor n°8 rows.
-Sailor n°2 rows.
-Sailor n°4 rows.
-Sailor n°7 rows.

-Sailor n°6 moves +1/-1
-Sailor n°6 turned the rudder with an angle of +34
-Sailor n°0 rows.
-Sailor n°1 rows.
-Sailor n°8 moves +0/+2
-Sailor n°8 rows.
-Sailor n°2 rows.
-Sailor n°7 move...
-Sailor n°6 moves -1/+1
-Sailor n°6 rows.
-Sailor n°0 rows.
-Sailor n°5 rows.
-Sailor n°9 rows.
-Sailor n°1 rows.
-Sailor n°3 rows.
-Sailor n°8 moves +0/-2
-Sailor n°8 rows.
-Sailor n°2 r...
-Sailor n°6 rows.
-Sailor n°0 rows.
-Sailor n°5 rows.
-Sailor n°9 rows.
-Sailor n°1 rows.
-Sailor n°3 rows.
-Sailor n°8 rows.
-Sailor n°2 rows.
-Sailor n°4 rows.
-Sailor n°7 rows.

-Sailor n°6 rows.
-Sailor n°0 rows.
-Sailor n°5 rows.
-Sailor n°9 rows.
-Sailor n°1 rows.
-Sailor n°3 rows.
-Sailor n°8 rows.
-Sailor n°2 rows.
-Sailor n°4 rows.
-Sailor n°7 rows.

-Sailor n°6 rows.
-Sailor n°0 rows.
-Sailor n°5 rows.
-Sailor n°9 rows.
-Sailor n°1 rows.
-Sailor n°3 rows.
-Sailor n°8 rows.
-Sailor n°2 rows.
-Sailor n°4 rows.
-Sailor n°7 rows.

-Sailor n°6 moves +1/-1
-Sailor n°6 turned the rudder with an angle of +2
-Sailor n°0 rows.
-Sailor n°5 rows.
-Sailor n°9 moves -1/+0
-Sailor n°9 rows.
-Sailor n°11 rows.
-Sailor n°1 rows...
-Sailor n°6 moves -1/+1
-Sailor n°6 rows.
-Sailor n°0 rows.
-Sailor n°5 rows.
-Sailor n°9 moves +1/+0
-Sailor n°9 rows.
-Sailor n°1 rows.
-Sailor n°3 rows.
-Sailor n°8 moves +0/-2
-Sailor...
-Sailor n°6 rows.
-Sailor n°0 rows.
-Sailor n°5 rows.
-Sailor n°9 rows.
-Sailor n°1 rows.
-Sailor n°3 rows.
-Sailor n°8 rows.
-Sailor n°2 rows.
-Sailor n°4 rows.
-Sailor n°7 rows.

-Sailor n°6 rows.
-Sailor n°0 rows.
-Sailor n°5 rows.
-Sailor n°9 rows.
-Sailor n°1 rows.
-Sailor n°3 rows.
-Sailor n°8 rows.
-Sailor n°2 rows.
-Sailor n°4 rows.
-Sailor n°7 rows.

-Sailor n°6 rows.
-Sailor n°0 rows.
-Sailor n°5 rows.
-Sailor n°9 rows.
-Sailor n°1 rows.
-Sailor n°3 rows.
-Sailor n°8 rows.
-Sailor n°2 rows.
-Sailor n°4 rows.
-Sailor n°7 rows.

-Sailor n°6 rows.
-Sailor n°0 rows.
-Sailor n°5 rows.
-Sailor n°9 rows.
-Sailor n°1 rows.
-Sailor n°3 rows.
-Sailor n°8 rows.
-Sailor n°2 rows.
-Sailor n°4 rows.
-Sailor n°7 rows.

-Sailor n°6 rows.
-Sailor n°0 rows.
-Sailor n°5 rows.
-Sailor n°9 rows.
-Sailor n°1 rows.
-Sailor n°3 rows.
-Sailor n°8 rows.
-Sailor n°2 rows.
-Sailor n°4 rows.
-Sailor n°7 rows.

-Sailor n°6 rows.
-Sailor n°0 rows.
-Sailor n°5 rows.
-Sailor n°9 rows.
-Sailor n°1 rows.
-Sailor n°3 rows.
-Sailor n°8 rows.
-Sailor n°2 rows.
-Sailor n°4 rows.
-Sailor n°7 rows.

-Sailor n°6 rows.
-Sailor n°0 rows.
-Sailor n°5 rows.
-Sailor n°9 rows.
-Sailor n°1 rows.
-Sailor n°3 rows.
-Sailor n°8 rows.
-Sailor n°2 rows.
-Sailor n°4 rows.
-Sailor n°7 rows.

-Sailor n°6 rows.
-Sailor n°0 rows.
-Sailor n°5 rows.
-Sailor n°9 rows.
-Sailor n°1 rows.
-Sailor n°3 rows.
-Sailor n°8 rows.
-Sailor n°2 rows.
-Sailor n°4 rows.
-Sailor n°7 rows.

-Sailor n°6 rows.
-Sailor n°0 rows.
-Sailor n°5 rows.
-Sailor n°9 rows.
-Sailor n°1 rows.
-Sailor n°3 rows.
-Sailor n°8 rows.
-Sailor n°2 rows.
-Sailor n°4 rows.
-Sailor n°7 rows.

-Sailor n°6 moves +1/-1
-Sailor n°6 turned the rudder with an angle of +32
-Sailor n°0 rows.
-Sailor n°1 rows.
-Sailor n°8 moves +0/+2
-Sailor n°8 rows.
-Sailor n°2 rows.
-Sailor n°7 move...
-Sailor n°6 moves -1/+1
-Sailor n°6 rows.
-Sailor n°0 rows.
-Sailor n°5 rows.
-Sailor n°9 rows.
-Sailor n°1 rows.
-Sailor n°3 rows.
-Sailor n°8 moves +0/-2
-Sailor n°8 rows.
-Sailor n°2 r...
-Sailor n°6 rows.
-Sailor n°0 rows.
-Sailor n°5 rows.
-Sailor n°9 rows.
-Sailor n°1 rows.
-Sailor n°3 rows.
-Sailor n°8 rows.
-Sailor n°2 rows.
-Sailor n°4 rows.
-Sailor n°7 rows.

-Sailor n°6 moves +1/-1
-Sailor n°6 turned the rudder with an angle of +2
-Sailor n°0 rows.
-Sailor n°5 rows.
-Sailor n°9 moves -1/+0
-Sailor n°9 rows.
-Sailor n°11 rows.
-Sailor n°1 rows...
-Sailor n°6 moves -1/+1
-Sailor n°6 rows.
-Sailor n°0 moves +2/-1
-Sailor n°0 lifted the sail.
-Sailor n°5 moves -1/+0
-Sailor n°5 rows.
-Sailor n°9 moves +1/+0
-Sailor n°9 rows.
-Sailor ...
-Sailor n°6 rows.
-Sailor n°0 lowered the sail.
-Sailor n°5 rows.
-Sailor n°9 rows.
-Sailor n°1 rows.
-Sailor n°3 rows.
-Sailor n°8 rows.
-Sailor n°2 rows.
-Sailor n°10 rows.
-Sailor n°4 ...
-Sailor n°6 rows.
-Sailor n°0 lifted the sail.
-Sailor n°5 rows.
-Sailor n°9 rows.
-Sailor n°1 rows.
-Sailor n°3 rows.
-Sailor n°8 rows.
-Sailor n°2 rows.
-Sailor n°10 rows.
-Sailor n°4 r...
-Sailor n°6 rows.
-Sailor n°0 lowered the sail.
-Sailor n°5 rows.
-Sailor n°9 rows.
-Sailor n°1 rows.
-Sailor n°3 rows.
-Sailor n°8 rows.
-Sailor n°2 rows.
-Sailor n°10 rows.
-Sailor n°4 ...
-Sailor n°6 rows.
-Sailor n°0 lifted the sail.
-Sailor n°5 rows.
-Sailor n°9 rows.
-Sailor n°1 rows.
-Sailor n°3 rows.
-Sailor n°8 rows.
-Sailor n°2 rows.
-Sailor n°10 rows.
-Sailor n°4 r...
-Sailor n°6 rows.
-Sailor n°0 lowered the sail.
-Sailor n°5 rows.
-Sailor n°9 rows.
-Sailor n°1 rows.
-Sailor n°3 rows.
-Sailor n°8 rows.
-Sailor n°2 rows.
-Sailor n°10 rows.
-Sailor n°4 ...
-Sailor n°6 rows.
-Sailor n°0 lifted the sail.
-Sailor n°5 rows.
-Sailor n°9 rows.
-Sailor n°1 rows.
-Sailor n°3 rows.
-Sailor n°8 rows.
-Sailor n°2 rows.
-Sailor n°10 rows.
-Sailor n°4 r...
-Sailor n°6 rows.
-Sailor n°0 lowered the sail.
-Sailor n°5 rows.
-Sailor n°9 rows.
-Sailor n°1 rows.
-Sailor n°3 rows.
-Sailor n°8 rows.
-Sailor n°2 rows.
-Sailor n°10 rows.
-Sailor n°4 ...
-Sailor n°6 rows.
-Sailor n°0 lifted the sail.
-Sailor n°5 rows.
-Sailor n°1 rows.
-Sailor n°3 rows.
-Sailor n°2 rows.
-Sailor n°10 rows.
-Sailor n°4 rows.
-Sailor n°7 moves +0/-2
-Sailor...
