-Sailor n°1 moves +1/+1
-Sailor n°1 rows.
-Sailor n°0 moves +0/+2
-Sailor n°0 rows.
-Sailor n°2 moves +0/-2
-Sailor n°2 rows.
-Sailor n°3 moves +0/+0
-Sailor n°3 rows.

-Sailor n°1 moves +0/+0
-Sailor n°1 rows.
-Sailor n°0 moves +0/+0
-Sailor n°0 rows.
-Sailor n°2 moves +0/+0
-Sailor n°2 rows.
-Sailor n°3 moves +0/+0
-Sailor n°3 rows.

-Sailor n°1 moves +0/+0
-Sailor n°1 rows.
-Sailor n°0 moves +0/+0
-Sailor n°0 rows.
-Sailor n°2 moves +0/+0
-Sailor n°2 rows.
-Sailor n°3 moves +0/+0
-Sailor n°3 rows.

-Sailor n°1 moves -1/+0
-Sailor n°1 rows.
-Sailor n°0 moves +3/-1
-Sailor n°0 turned the rudder with an angle of -3
-Sailor n°2 moves +1/+2
-Sailor n°2 rows.
-Sailor n°3 moves -1/+0
-Sail...
-Sailor n°1 moves +1/+0
-Sailor n°1 rows.
-Sailor n°0 moves -3/+1
-Sailor n°0 rows.
-Sailor n°2 moves -1/-2
-Sailor n°2 rows.
-Sailor n°3 moves +1/+0
-Sailor n°3 rows.

-Sailor n°1 moves +0/+0
-Sailor n°1 rows.
-Sailor n°0 moves +0/+0
-Sailor n°0 rows.
-Sailor n°2 moves +0/+0
-Sailor n°2 rows.
-Sailor n°3 moves +0/+0
-Sailor n°3 rows.

-Sailor n°1 moves +0/+0
-Sailor n°1 rows.
-Sailor n°0 moves +0/+0
-Sailor n°0 rows.
-Sailor n°2 moves +0/+0
-Sailor n°2 rows.
-Sailor n°3 moves +0/+0
-Sailor n°3 rows.

-Sailor n°1 moves +0/+0
-Sailor n°1 rows.
-Sailor n°0 moves +0/+0
-Sailor n°0 rows.
-Sailor n°2 moves +0/+0
-Sailor n°2 rows.
-Sailor n°3 moves +0/+0
-Sailor n°3 rows.

-Sailor n°1 moves +0/+0
-Sailor n°1 rows.
-Sailor n°0 moves +0/+0
-Sailor n°0 rows.
-Sailor n°2 moves +0/+0
-Sailor n°2 rows.
-Sailor n°3 moves +0/+0
-Sailor n°3 rows.

-Sailor n°1 moves +0/+0
-Sailor n°1 rows.
-Sailor n°0 moves +0/+0
-Sailor n°0 rows.
-Sailor n°2 moves +0/+0
-Sailor n°2 rows.
-Sailor n°3 moves +0/+0
-Sailor n°3 rows.

-Sailor n°1 moves +0/+0
-Sailor n°1 rows.
-Sailor n°0 moves +0/+0
-Sailor n°0 rows.
-Sailor n°2 moves +0/+0
-Sailor n°2 rows.
-Sailor n°3 moves +0/+0
-Sailor n°3 rows.

-Sailor n°1 moves +0/+0
-Sailor n°1 rows.
-Sailor n°0 moves +0/+0
-Sailor n°0 rows.
-Sailor n°2 moves +0/+0
-Sailor n°2 rows.
-Sailor n°3 moves +0/+0
-Sailor n°3 rows.

-Sailor n°1 moves +0/+0
-Sailor n°1 rows.
-Sailor n°0 moves +0/+0
-Sailor n°0 rows.
-Sailor n°2 moves +0/+0
-Sailor n°2 rows.
-Sailor n°3 moves +0/+0
-Sailor n°3 rows.

-Sailor n°1 moves +0/+0
-Sailor n°1 rows.
-Sailor n°0 moves +0/+0
-Sailor n°0 rows.
-Sailor n°2 moves +0/+0
-Sailor n°2 rows.
-Sailor n°3 moves +0/+0
-Sailor n°3 rows.

-Sailor n°1 moves +0/+0
-Sailor n°1 rows.
-Sailor n°0 moves +0/+0
-Sailor n°0 rows.
-Sailor n°2 moves +0/+0
-Sailor n°2 rows.
-Sailor n°3 moves +0/+0
-Sailor n°3 rows.

-Sailor n°1 moves +0/+0
-Sailor n°1 rows.
-Sailor n°0 moves +0/+0
-Sailor n°0 rows.
-Sailor n°2 moves +0/+0
-Sailor n°2 rows.
-Sailor n°3 moves +0/+0
-Sailor n°3 rows.

-Sailor n°1 moves +0/+0
-Sailor n°1 rows.
-Sailor n°0 moves +0/+0
-Sailor n°0 rows.
-Sailor n°2 moves +0/+0
-Sailor n°2 rows.
-Sailor n°3 moves +0/+0
-Sailor n°3 rows.

-Sailor n°1 moves +0/+0
-Sailor n°1 rows.
-Sailor n°0 moves +0/+0
-Sailor n°0 rows.
-Sailor n°2 moves +0/+0
-Sailor n°2 rows.
-Sailor n°3 moves +0/+0
-Sailor n°3 rows.

-Sailor n°1 moves +0/+0
-Sailor n°1 rows.
-Sailor n°0 moves +0/+0
-Sailor n°0 rows.
-Sailor n°2 moves +0/+0
-Sailor n°2 rows.
-Sailor n°3 moves +0/+0
-Sailor n°3 rows.

-Sailor n°1 moves +0/+0
-Sailor n°1 rows.
-Sailor n°0 moves +0/+0
-Sailor n°0 rows.
-Sailor n°2 moves +0/+0
-Sailor n°2 rows.
-Sailor n°3 moves +0/+0
-Sailor n°3 rows.

-Sailor n°1 moves +0/+0
-Sailor n°1 rows.
-Sailor n°0 moves +0/+0
-Sailor n°0 rows.
-Sailor n°2 moves +0/+0
-Sailor n°2 rows.
-Sailor n°3 moves +0/+0
-Sailor n°3 rows.

-Sailor n°1 moves +0/+0
-Sailor n°1 rows.
-Sailor n°0 moves +0/+0
-Sailor n°0 rows.
-Sailor n°2 moves +0/+0
-Sailor n°2 rows.
-Sailor n°3 moves +0/+0
-Sailor n°3 rows.

-Sailor n°1 moves +0/+0
-Sailor n°1 rows.
-Sailor n°0 moves +0/+0
-Sailor n°0 rows.
-Sailor n°2 moves +0/+0
-Sailor n°2 rows.
-Sailor n°3 moves +0/+0
-Sailor n°3 rows.

-Sailor n°1 moves +0/+0
-Sailor n°1 rows.
-Sailor n°0 moves +0/+0
-Sailor n°0 rows.
-Sailor n°2 moves +0/+0
-Sailor n°2 rows.
-Sailor n°3 moves +0/+0
-Sailor n°3 rows.

-Sailor n°1 moves +0/+0
-Sailor n°1 rows.
-Sailor n°0 moves +0/+0
-Sailor n°0 rows.
-Sailor n°2 moves +0/+0
-Sailor n°2 rows.
-Sailor n°3 moves +0/+0
-Sailor n°3 rows.

-Sailor n°1 moves +0/+0
-Sailor n°1 rows.
-Sailor n°0 moves +0/+0
-Sailor n°0 rows.
-Sailor n°2 moves +0/+0
-Sailor n°2 rows.
-Sailor n°3 moves +0/+0
-Sailor n°3 rows.

-Sailor n°1 moves +0/+0
-Sailor n°1 rows.
-Sailor n°0 moves +0/+0
-Sailor n°0 rows.
-Sailor n°2 moves +0/+0
-Sailor n°2 rows.
-Sailor n°3 moves +0/+0
-Sailor n°3 rows.

-Sailor n°1 moves +0/+0
-Sailor n°1 rows.
-Sailor n°0 moves +0/+0
-Sailor n°0 rows.
-Sailor n°2 moves +0/+0
-Sailor n°2 rows.
-Sailor n°3 moves +0/+0
-Sailor n°3 rows.

-Sailor n°1 moves -1/+0
-Sailor n°1 rows.
-Sailor n°0 moves +3/-1
-Sailor n°0 turned the rudder with an angle of -6
-Sailor n°2 moves +0/+0
-Sailor n°2 rows.

-Sailor n°1 moves +0/-2
-Sailor n°1 rows.
-Sailor n°0 moves +0/+0
-Sailor n°0 turned the rudder with an angle of -45
-Sailor n°2 moves +1/+0
-Sailor n°2 rows.
-Sailor n°3 moves +1/+0
-Sai...
-Sailor n°1 moves +0/+2
-Sailor n°1 rows.
-Sailor n°0 moves +0/+0
-Sailor n°0 turned the rudder with an angle of -10
-Sailor n°2 moves -1/+0
-Sailor n°2 rows.
-Sailor n°3 moves -1/+0
-Sai...
-Sailor n°1 moves +1/+0
-Sailor n°1 rows.
-Sailor n°0 moves -3/+1
-Sailor n°0 rows.
-Sailor n°2 moves +0/+0
-Sailor n°2 rows.
-Sailor n°3 moves +0/+0
-Sailor n°3 rows.

-Sailor n°1 moves +0/+0
-Sailor n°1 rows.
-Sailor n°0 moves +0/+0
-Sailor n°0 rows.
-Sailor n°2 moves +0/+0
-Sailor n°2 rows.
-Sailor n°3 moves +0/+0
-Sailor n°3 rows.

-Sailor n°1 moves +0/+0
-Sailor n°1 rows.
-Sailor n°0 moves +0/+0
-Sailor n°0 rows.
-Sailor n°2 moves +0/+0
-Sailor n°2 rows.
-Sailor n°3 moves +0/+0
-Sailor n°3 rows.

-Sailor n°1 moves +0/+0
-Sailor n°1 rows.
-Sailor n°0 moves +0/+0
-Sailor n°0 rows.
-Sailor n°2 moves +0/+0
-Sailor n°2 rows.
-Sailor n°3 moves +0/+0
-Sailor n°3 rows.

-Sailor n°1 moves +0/+0
-Sailor n°1 rows.
-Sailor n°0 moves +0/+0
-Sailor n°0 rows.
-Sailor n°2 moves +0/+0
-Sailor n°2 rows.
-Sailor n°3 moves +0/+0
-Sailor n°3 rows.

-Sailor n°1 moves +0/+0
-Sailor n°1 rows.
-Sailor n°0 moves +0/+0
-Sailor n°0 rows.
-Sailor n°2 moves +0/+0
-Sailor n°2 rows.
-Sailor n°3 moves +0/+0
-Sailor n°3 rows.

-Sailor n°1 moves +0/+0
-Sailor n°1 rows.
-Sailor n°0 moves +0/+0
-Sailor n°0 rows.
-Sailor n°2 moves +0/+0
-Sailor n°2 rows.
-Sailor n°3 moves +0/+0
-Sailor n°3 rows.

-Sailor n°1 moves +0/+0
-Sailor n°1 rows.
-Sailor n°0 moves +0/+0
-Sailor n°0 rows.
-Sailor n°2 moves +0/+0
-Sailor n°2 rows.
-Sailor n°3 moves +0/+0
-Sailor n°3 rows.

-Sailor n°1 moves +0/+0
-Sailor n°1 rows.
-Sailor n°0 moves +0/+0
-Sailor n°0 rows.
-Sailor n°2 moves +0/+0
-Sailor n°2 rows.
-Sailor n°3 moves +0/+0
-Sailor n°3 rows.

-Sailor n°1 moves -1/+0
-Sailor n°1 rows.
-Sailor n°0 moves +3/-1
-Sailor n°0 turned the rudder with an angle of -3
-Sailor n°2 moves +1/+2
-Sailor n°2 rows.
-Sailor n°3 moves -1/+0
-Sail...
-Sailor n°1 moves +1/+0
-Sailor n°1 rows.
-Sailor n°0 moves -3/+1
-Sailor n°0 rows.
-Sailor n°2 moves -1/-2
-Sailor n°2 rows.
-Sailor n°3 moves +1/+0
-Sailor n°3 rows.

-Sailor n°1 moves +0/+0
-Sailor n°1 rows.
-Sailor n°0 moves +0/+0
-Sailor n°0 rows.
-Sailor n°2 moves +0/+0
-Sailor n°2 rows.
-Sailor n°3 moves +0/+0
-Sailor n°3 rows.

-Sailor n°1 moves +0/+0
-Sailor n°1 rows.
-Sailor n°0 moves +0/+0
-Sailor n°0 rows.
-Sailor n°2 moves +0/+0
-Sailor n°2 rows.
-Sailor n°3 moves +0/+0
-Sailor n°3 rows.

-Sailor n°1 moves -1/-2
-Sailor n°1 rows.
-Sailor n°0 moves +0/+0
-Sailor n°0 rows.

-Sailor n°1 moves +0/+2
-Sailor n°1 rows.
-Sailor n°0 moves +3/-1
-Sailor n°0 turned the rudder with an angle of -14
-Sailor n°2 moves +0/+0
-Sailor n°2 rows.

-Sailor n°1 moves +0/+0
-Sailor n°1 rows.
-Sailor n°0 moves +0/+0
-Sailor n°0 turned the rudder with an angle of +45
-Sailor n°2 moves +1/+2
-Sailor n°2 rows.
-Sailor n°3 moves +1/+2
-Sai...
-Sailor n°1 moves +0/+0
-Sailor n°1 rows.
-Sailor n°0 moves +0/+0
-Sailor n°0 turned the rudder with an angle of +12
-Sailor n°2 moves +0/+0
-Sailor n°2 rows.
-Sailor n°3 moves -2/-2
-Sai...
-Sailor n°1 moves +1/+0
-Sailor n°1 rows.
-Sailor n°0 moves -3/+1
-Sailor n°0 rows.
-Sailor n°2 moves -1/-2
-Sailor n°2 rows.
-Sailor n°3 moves +1/+0
-Sailor n°3 rows.

-Sailor n°1 moves +0/+0
-Sailor n°1 rows.
-Sailor n°0 moves +0/+0
-Sailor n°0 rows.
-Sailor n°2 moves +0/+0
-Sailor n°2 rows.
-Sailor n°3 moves +0/+0
-Sailor n°3 rows.

-Sailor n°1 moves +0/+0
-Sailor n°1 rows.
-Sailor n°0 moves +0/+0
-Sailor n°0 rows.
-Sailor n°2 moves +0/+0
-Sailor n°2 rows.
-Sailor n°3 moves +0/+0
-Sailor n°3 rows.

-Sailor n°1 moves +0/+0
-Sailor n°1 rows.
-Sailor n°0 moves +0/+0
-Sailor n°0 rows.
-Sailor n°2 moves +0/+0
-Sailor n°2 rows.
-Sailor n°3 moves +0/+0
-Sailor n°3 rows.

-Sailor n°1 moves +0/+0
-Sailor n°1 rows.
-Sailor n°0 moves +0/+0
-Sailor n°0 rows.
-Sailor n°2 moves +0/+0
-Sailor n°2 rows.
-Sailor n°3 moves +0/+0
-Sailor n°3 rows.

-Sailor n°1 moves +0/+0
-Sailor n°1 rows.
-Sailor n°0 moves +0/+0
-Sailor n°0 rows.
-Sailor n°2 moves +0/+0
-Sailor n°2 rows.
-Sailor n°3 moves +0/+0
-Sailor n°3 rows.

-Sailor n°1 moves +0/+0
-Sailor n°1 rows.
-Sailor n°0 moves +0/+0
-Sailor n°0 rows.
-Sailor n°2 moves +0/+0
-Sailor n°2 rows.
-Sailor n°3 moves +0/+0
-Sailor n°3 rows.

-Sailor n°1 moves +0/+0
-Sailor n°1 rows.
-Sailor n°0 moves +0/+0
-Sailor n°0 rows.
-Sailor n°2 moves +0/+0
-Sailor n°2 rows.
-Sailor n°3 moves +0/+0
-Sailor n°3 rows.

-Sailor n°1 moves +0/+0
-Sailor n°1 rows.
-Sailor n°0 moves +0/+0
-Sailor n°0 rows.
-Sailor n°2 moves +0/+0
-Sailor n°2 rows.
-Sailor n°3 moves +0/+0
-Sailor n°3 rows.

-Sailor n°1 moves +0/+0
-Sailor n°1 rows.
-Sailor n°0 moves +0/+0
-Sailor n°0 rows.
-Sailor n°2 moves +0/+0
-Sailor n°2 rows.
-Sailor n°3 moves +0/+0
-Sailor n°3 rows.

-Sailor n°1 moves +0/+0
-Sailor n°1 rows.
-Sailor n°0 moves +0/+0
-Sailor n°0 rows.
-Sailor n°2 moves +0/+0
-Sailor n°2 rows.
-Sailor n°3 moves +0/+0
-Sailor n°3 rows.

-Sailor n°1 moves +0/+0
-Sailor n°1 rows.
-Sailor n°0 moves +0/+0
-Sailor n°0 rows.
-Sailor n°2 moves +0/+0
-Sailor n°2 rows.
-Sailor n°3 moves +0/+0
-Sailor n°3 rows.

-Sailor n°1 moves -1/+0
-Sailor n°1 rows.
-Sailor n°0 moves +3/-1
-Sailor n°0 turned the rudder with an angle of +4
-Sailor n°2 moves +1/+2
-Sailor n°2 rows.
-Sailor n°3 moves -1/+0
-Sail...
-Sailor n°1 moves +0/-2
-Sailor n°1 rows.
-Sailor n°0 moves -3/+1
-Sailor n°0 rows.

-Sailor n°1 moves +0/+2
-Sailor n°1 rows.
-Sailor n°0 moves +3/-1
-Sailor n°0 turned the rudder with an angle of +13
-Sailor n°2 moves -1/-2
-Sailor n°2 rows.

-Sailor n°1 moves +0/+0
-Sailor n°1 rows.
-Sailor n°0 moves +0/+0
-Sailor n°0 turned the rudder with an angle of +45
-Sailor n°2 moves +1/+2
-Sailor n°2 rows.
-Sailor n°3 moves +2/+2
-Sai...
-Sailor n°1 moves +1/+0
-Sailor n°1 rows.
-Sailor n°0 moves -3/+1
-Sailor n°0 rows.
-Sailor n°2 moves +1/+0
-Sailor n°2 rows.
-Sailor n°3 moves -2/-2
-Sailor n°3 rows.
-Sailor n°4 moves +...
-Sailor n°1 moves +0/+0
-Sailor n°1 rows.
-Sailor n°0 moves +0/+0
-Sailor n°0 rows.
-Sailor n°2 moves -2/-2
-Sailor n°2 rows.
-Sailor n°3 moves +1/+0
-Sailor n°3 rows.

-Sailor n°1 moves +0/+0
-Sailor n°1 rows.
-Sailor n°0 moves +0/+0
-Sailor n°0 rows.
-Sailor n°2 moves +0/+0
-Sailor n°2 rows.
-Sailor n°3 moves +0/+0
-Sailor n°3 rows.

-Sailor n°1 moves +0/+0
-Sailor n°1 rows.
-Sailor n°0 moves +0/+0
-Sailor n°0 rows.
-Sailor n°2 moves +0/+0
-Sailor n°2 rows.
-Sailor n°3 moves +0/+0
-Sailor n°3 rows.

-Sailor n°1 moves +0/+0
-Sailor n°1 rows.
-Sailor n°0 moves +0/+0
-Sailor n°0 rows.
-Sailor n°2 moves +0/+0
-Sailor n°2 rows.
-Sailor n°3 moves +0/+0
-Sailor n°3 rows.

-Sailor n°1 moves +0/+0
-Sailor n°1 rows.
-Sailor n°0 moves +0/+0
-Sailor n°0 rows.
-Sailor n°2 moves +0/+0
-Sailor n°2 rows.
-Sailor n°3 moves +0/+0
-Sailor n°3 rows.

-Sailor n°1 moves +0/+0
-Sailor n°1 rows.
-Sailor n°0 moves +0/+0
-Sailor n°0 rows.
-Sailor n°2 moves +0/+0
-Sailor n°2 rows.
-Sailor n°3 moves +0/+0
-Sailor n°3 rows.

-Sailor n°1 moves +0/+0
-Sailor n°1 rows.
-Sailor n°0 moves +0/+0
-Sailor n°0 rows.
-Sailor n°2 moves +0/+0
-Sailor n°2 rows.
-Sailor n°3 moves +0/+0
-Sailor n°3 rows.

-Sailor n°1 moves +0/+0
-Sailor n°1 rows.
-Sailor n°0 moves +0/+0
-Sailor n°0 rows.
-Sailor n°2 moves +0/+0
-Sailor n°2 rows.
-Sailor n°3 moves +0/+0
-Sailor n°3 rows.

-Sailor n°1 moves +0/+0
-Sailor n°1 rows.
-Sailor n°0 moves +0/+0
-Sailor n°0 rows.
-Sailor n°2 moves +0/+0
-Sailor n°2 rows.
-Sailor n°3 moves +0/+0
-Sailor n°3 rows.

-Sailor n°1 moves +0/+0
-Sailor n°1 rows.
-Sailor n°0 moves +0/+0
-Sailor n°0 rows.
-Sailor n°2 moves +0/+0
-Sailor n°2 rows.
-Sailor n°3 moves +0/+0
-Sailor n°3 rows.

-Sailor n°1 moves -1/+0
-Sailor n°1 rows.
-Sailor n°0 moves +3/-1
-Sailor n°0 turned the rudder with an angle of -3
-Sailor n°2 moves +1/+2
-Sailor n°2 rows.
-Sailor n°3 moves -1/+0
-Sail...
-Sailor n°1 moves +1/+0
-Sailor n°1 rows.
-Sailor n°0 moves -3/+1
-Sailor n°0 rows.
-Sailor n°2 moves -1/-2
-Sailor n°2 rows.
-Sailor n°3 moves +1/+0
-Sailor n°3 rows.

-Sailor n°1 moves +0/+0
-Sailor n°1 rows.
-Sailor n°0 moves +0/+0
-Sailor n°0 rows.
-Sailor n°2 moves +0/+0
-Sailor n°2 rows.
-Sailor n°3 moves +0/+0
-Sailor n°3 rows.

-Sailor n°1 moves +0/+0
-Sailor n°1 rows.
-Sailor n°0 moves +0/+0
-Sailor n°0 rows.
-Sailor n°2 moves +0/+0
-Sailor n°2 rows.
-Sailor n°3 moves +0/+0
-Sailor n°3 rows.

-Sailor n°1 moves -1/-2
-Sailor n°1 rows.
-Sailor n°0 moves +3/-1
-Sailor n°0 turned the rudder with an angle of +13
-Sailor n°2 moves +1/+0
-Sailor n°2 rows.
-Sailor n°3 moves +1/+0
-Sai...
-Sailor n°1 moves +1/+2
-Sailor n°1 rows.
-Sailor n°0 moves -3/+1
-Sailor n°0 rows.
-Sailor n°2 moves -1/+0
-Sailor n°2 rows.
-Sailor n°3 moves -1/+0
-Sailor n°3 rows.

-Sailor n°1 moves +0/+0
-Sailor n°1 rows.
-Sailor n°0 moves +0/+0
-Sailor n°0 rows.
-Sailor n°2 moves +0/+0
-Sailor n°2 rows.
-Sailor n°3 moves +0/+0
-Sailor n°3 rows.

-Sailor n°1 moves +0/+0
-Sailor n°1 rows.
-Sailor n°0 moves +0/+0
-Sailor n°0 rows.
-Sailor n°2 moves +0/+0
-Sailor n°2 rows.
-Sailor n°3 moves +0/+0
-Sailor n°3 rows.

-Sailor n°1 moves +0/+0
-Sailor n°1 rows.
-Sailor n°0 moves +0/+0
-Sailor n°0 rows.
-Sailor n°2 moves +0/+0
-Sailor n°2 rows.
-Sailor n°3 moves +0/+0
-Sailor n°3 rows.

-Sailor n°1 moves +0/+0
-Sailor n°1 rows.
-Sailor n°0 moves +0/+0
-Sailor n°0 rows.
-Sailor n°2 moves +0/+0
-Sailor n°2 rows.
-Sailor n°3 moves +0/+0
-Sailor n°3 rows.

-Sailor n°1 moves -1/+0
-Sailor n°1 rows.
-Sailor n°0 moves +3/-1
-Sailor n°0 turned the rudder with an angle of -3
-Sailor n°2 moves +1/+2
-Sailor n°2 rows.
-Sailor n°3 moves -1/+0
-Sail...
-Sailor n°1 moves +1/+0
-Sailor n°1 rows.
-Sailor n°0 moves -3/+1
-Sailor n°0 rows.
-Sailor n°2 moves -1/-2
-Sailor n°2 rows.
-Sailor n°3 moves +1/+0
-Sailor n°3 rows.

-Sailor n°1 moves +0/+0
-Sailor n°1 rows.
-Sailor n°0 moves +0/+0
-Sailor n°0 rows.
-Sailor n°2 moves +0/+0
-Sailor n°2 rows.
-Sailor n°3 moves +0/+0
-Sailor n°3 rows.

-Sailor n°1 moves +0/+0
-Sailor n°1 rows.
-Sailor n°0 moves +0/+0
-Sailor n°0 rows.
-Sailor n°2 moves +0/+0
-Sailor n°2 rows.
-Sailor n°3 moves +0/+0
-Sailor n°3 rows.

-Sailor n°1 moves +0/+0
-Sailor n°1 rows.
-Sailor n°0 moves +0/+0
-Sailor n°0 rows.
-Sailor n°2 moves +0/+0
-Sailor n°2 rows.
-Sailor n°3 moves +0/+0
-Sailor n°3 rows.

-Sailor n°1 moves +0/+0
-Sailor n°1 rows.
-Sailor n°0 moves +0/+0
-Sailor n°0 rows.
-Sailor n°2 moves +0/+0
-Sailor n°2 rows.
-Sailor n°3 moves +0/+0
-Sailor n°3 rows.

-Sailor n°1 moves +0/+0
-Sailor n°1 rows.
-Sailor n°0 moves +0/+0
-Sailor n°0 rows.
-Sailor n°2 moves +0/+0
-Sailor n°2 rows.
-Sailor n°3 moves +0/+0
-Sailor n°3 rows.

-Sailor n°1 moves +0/+0
-Sailor n°1 rows.
-Sailor n°0 moves +0/+0
-Sailor n°0 rows.
-Sailor n°2 moves +0/+0
-Sailor n°2 rows.
-Sailor n°3 moves +0/+0
-Sailor n°3 rows.

