-Sailor n°1 moves +1/+2
-Sailor n°1 rows.
-Sailor n°4 moves +0/+0
-Sailor n°4 rows.
-Sailor n°7 moves +3/-3
-Sailor n°7 rows.
-Sailor n°5 moves +1/-1
-Sailor n°5 rows.
-Sailor n°0 moves +...
-Sailor n°1 moves +0/+0
-Sailor n°1 rows.
-Sailor n°4 moves +0/+0
-Sailor n°4 rows.
-Sailor n°7 moves +0/+0
-Sailor n°7 rows.
-Sailor n°5 moves +0/+0
-Sailor n°5 rows.
-Sailor n°0 moves +...
-Sailor n°1 moves +0/+0
-Sailor n°1 rows.
-Sailor n°4 moves +1/+0
-Sailor n°4 rows.
-Sailor n°5 moves +1/+0
-Sailor n°5 rows.
-Sailor n°0 moves +0/+0
-Sailor n°0 turned the rudder with an...
-Sailor n°1 moves +0/+0
-Sailor n°1 rows.
-Sailor n°4 moves +2/+3
-Sailor n°4 rows.
-Sailor n°7 moves -1/+0
-Sailor n°7 rows.
-Sailor n°5 moves -2/+0
-Sailor n°5 rows.
-Sailor n°8 moves +...
-Sailor n°1 moves +0/+0
-Sailor n°1 rows.
-Sailor n°4 moves -3/-3
-Sailor n°4 rows.
-Sailor n°7 moves +1/+0
-Sailor n°7 rows.
-Sailor n°5 moves +1/+0
-Sailor n°5 rows.
-Sailor n°0 moves +...
-Sailor n°1 moves +0/+0
-Sailor n°1 rows.
-Sailor n°4 moves +2/+0
-Sailor n°4 rows.
-Sailor n°5 moves +2/+0
-Sailor n°5 rows.
-Sailor n°0 moves +0/+0
-Sailor n°0 turned the rudder with an...
-Sailor n°1 moves +0/+0
-Sailor n°1 rows.
-Sailor n°4 moves -1/+0
-Sailor n°4 rows.
-Sailor n°5 moves -1/+0
-Sailor n°5 rows.
-Sailor n°0 moves +0/+0
-Sailor n°0 turned the rudder with an...
-Sailor n°1 moves +1/+0
-Sailor n°1 rows.
-Sailor n°4 moves +1/+0
-Sailor n°4 rows.
-Sailor n°5 moves +1/+0
-Sailor n°5 rows.
-Sailor n°0 moves -4/+1
-Sailor n°0 rows.
-Sailor n°2 moves -...
-Sailor n°1 moves -1/+0
-Sailor n°1 rows.
-Sailor n°4 moves -2/+0
-Sailor n°4 rows.
-Sailor n°7 moves +0/+0
-Sailor n°7 rows.
-Sailor n°5 moves -2/+0
-Sailor n°5 rows.
-Sailor n°0 moves +...
-Sailor n°1 moves +0/+0
-Sailor n°1 rows.
-Sailor n°4 moves +1/+0
-Sailor n°4 rows.
-Sailor n°5 moves +1/+0
-Sailor n°5 rows.
-Sailor n°0 moves +0/+0
-Sailor n°0 turned the rudder with an...
-Sailor n°1 moves +0/+0
-Sailor n°1 rows.
-Sailor n°4 moves +1/+0
-Sailor n°4 rows.
-Sailor n°5 moves +1/+0
-Sailor n°5 rows.
-Sailor n°0 moves +0/+0
-Sailor n°0 turned the rudder with an...
-Sailor n°1 moves +1/+0
-Sailor n°1 rows.
-Sailor n°4 moves +0/+0
-Sailor n°4 rows.
-Sailor n°5 moves +0/+0
-Sailor n°5 rows.
-Sailor n°0 moves -4/+1
-Sailor n°0 rows.
-Sailor n°2 moves +...
-Sailor n°1 moves +0/+0
-Sailor n°1 rows.
-Sailor n°4 moves -1/+0
-Sailor n°4 rows.
-Sailor n°5 moves -1/+0
-Sailor n°5 rows.
-Sailor n°0 moves +0/+0
-Sailor n°0 rows.
-Sailor n°6 moves +...
-Sailor n°1 moves -1/+0
-Sailor n°1 rows.
-Sailor n°4 moves +2/+3
-Sailor n°4 rows.
-Sailor n°7 moves -1/+0
-Sailor n°7 rows.
-Sailor n°5 moves -2/+0
-Sailor n°5 rows.
-Sailor n°8 moves +...
-Sailor n°1 moves +0/+0
-Sailor n°1 rows.
-Sailor n°4 moves +0/+0
-Sailor n°4 rows.
-Sailor n°7 moves +0/+0
-Sailor n°7 rows.
-Sailor n°5 moves +0/+0
-Sailor n°5 rows.
-Sailor n°8 moves +...
-Sailor n°1 moves +0/+0
-Sailor n°1 rows.
-Sailor n°4 moves +0/+0
-Sailor n°4 rows.
-Sailor n°7 moves +0/+0
-Sailor n°7 rows.
-Sailor n°5 moves +0/+0
-Sailor n°5 rows.
-Sailor n°8 moves +...
-Sailor n°1 moves +0/+0
-Sailor n°1 rows.
-Sailor n°4 moves +0/+0
-Sailor n°4 rows.
-Sailor n°7 moves +0/+0
-Sailor n°7 rows.
-Sailor n°5 moves +0/+0
-Sailor n°5 rows.
-Sailor n°8 moves +...
-Sailor n°1 moves +1/+0
-Sailor n°1 rows.
-Sailor n°4 moves -2/-3
-Sailor n°4 rows.
-Sailor n°5 moves +2/+0
-Sailor n°5 rows.
-Sailor n°0 moves -4/+1
-Sailor n°0 rows.
-Sailor n°6 moves +...
-Sailor n°1 moves -1/-3
-Sailor n°1 rows.
-Sailor n°4 moves +2/+0
-Sailor n°4 rows.
-Sailor n°0 moves +4/-1
-Sailor n°0 turned the rudder with an angle of -45
-Sailor n°2 moves -1/-3
-Sai...
-Sailor n°1 moves +0/+0
-Sailor n°1 rows.
-Sailor n°4 moves +0/+0
-Sailor n°4 rows.
-Sailor n°0 moves -4/+1
-Sailor n°0 rows.
-Sailor n°2 moves +0/+0
-Sailor n°2 rows.
-Sailor n°3 moves +...
-Sailor n°1 moves +1/+3
-Sailor n°1 rows.
-Sailor n°4 moves -3/+0
-Sailor n°4 rows.
-Sailor n°7 moves +1/+0
-Sailor n°7 rows.
-Sailor n°5 moves -1/+0
-Sailor n°5 rows.
-Sailor n°0 moves +...
-Sailor n°1 moves +0/+0
-Sailor n°1 rows.
-Sailor n°4 moves +2/+0
-Sailor n°4 rows.
-Sailor n°5 moves +2/+0
-Sailor n°5 rows.
-Sailor n°0 moves +0/+0
-Sailor n°0 rows.
-Sailor n°2 moves -...
-Sailor n°1 moves -1/+0
-Sailor n°1 rows.
-Sailor n°4 moves +1/+3
-Sailor n°4 rows.
-Sailor n°7 moves -1/+0
-Sailor n°7 rows.
-Sailor n°5 moves -3/+0
-Sailor n°5 rows.
-Sailor n°8 moves +...
-Sailor n°1 moves +0/+0
-Sailor n°1 rows.
-Sailor n°4 moves +0/+0
-Sailor n°4 rows.
-Sailor n°7 moves +0/+0
-Sailor n°7 rows.
-Sailor n°5 moves +0/+0
-Sailor n°5 rows.
-Sailor n°8 moves +...
-Sailor n°1 moves +0/+0
-Sailor n°1 rows.
-Sailor n°4 moves +0/+0
-Sailor n°4 rows.
-Sailor n°7 moves +0/+0
-Sailor n°7 rows.
-Sailor n°5 moves +0/+0
-Sailor n°5 rows.
-Sailor n°8 moves +...
-Sailor n°1 moves +0/+0
-Sailor n°1 rows.
-Sailor n°4 moves +0/+0
-Sailor n°4 rows.
-Sailor n°7 moves +0/+0
-Sailor n°7 rows.
-Sailor n°5 moves +0/+0
-Sailor n°5 rows.
-Sailor n°8 moves +...
-Sailor n°1 moves +0/+0
-Sailor n°1 rows.
-Sailor n°4 moves +0/+0
-Sailor n°4 rows.
-Sailor n°7 moves +0/+0
-Sailor n°7 rows.
-Sailor n°5 moves +0/+0
-Sailor n°5 rows.
-Sailor n°8 moves +...
-Sailor n°1 moves +0/+0
-Sailor n°1 rows.
-Sailor n°4 moves +0/+0
-Sailor n°4 rows.
-Sailor n°7 moves +0/+0
-Sailor n°7 rows.
-Sailor n°5 moves +0/+0
-Sailor n°5 rows.
-Sailor n°8 moves +...
-Sailor n°1 moves +0/+0
-Sailor n°1 rows.
-Sailor n°4 moves +0/+0
-Sailor n°4 rows.
-Sailor n°7 moves +0/+0
-Sailor n°7 rows.
-Sailor n°5 moves +0/+0
-Sailor n°5 rows.
-Sailor n°8 moves +...
-Sailor n°1 moves +0/+0
-Sailor n°1 rows.
-Sailor n°4 moves +0/+0
-Sailor n°4 rows.
-Sailor n°7 moves +0/+0
-Sailor n°7 rows.
-Sailor n°5 moves +0/+0
-Sailor n°5 rows.
-Sailor n°8 moves +...
-Sailor n°1 moves +0/+0
-Sailor n°1 rows.
-Sailor n°4 moves +0/+0
-Sailor n°4 rows.
-Sailor n°7 moves +0/+0
-Sailor n°7 rows.
-Sailor n°5 moves +0/+0
-Sailor n°5 rows.
-Sailor n°8 moves +...
-Sailor n°1 moves +0/+0
-Sailor n°1 rows.
-Sailor n°4 moves +0/+0
-Sailor n°4 rows.
-Sailor n°7 moves +0/+0
-Sailor n°7 rows.
-Sailor n°5 moves +0/+0
-Sailor n°5 rows.
-Sailor n°8 moves +...
-Sailor n°1 moves +0/+0
-Sailor n°1 rows.
-Sailor n°4 moves +0/+0
-Sailor n°4 rows.
-Sailor n°7 moves +0/+0
-Sailor n°7 rows.
-Sailor n°5 moves +0/+0
-Sailor n°5 rows.
-Sailor n°8 moves +...
-Sailor n°1 moves +0/+0
-Sailor n°1 rows.
-Sailor n°4 moves +0/+0
-Sailor n°4 rows.
-Sailor n°7 moves +0/+0
-Sailor n°7 rows.
-Sailor n°5 moves +0/+0
-Sailor n°5 rows.
-Sailor n°8 moves +...
-Sailor n°1 moves +0/+0
-Sailor n°1 rows.
-Sailor n°4 moves +0/+0
-Sailor n°4 rows.
-Sailor n°7 moves +0/+0
-Sailor n°7 rows.
-Sailor n°5 moves +0/+0
-Sailor n°5 rows.
-Sailor n°8 moves +...
-Sailor n°1 moves +0/+0
-Sailor n°1 rows.
-Sailor n°4 moves +0/+0
-Sailor n°4 rows.
-Sailor n°7 moves +0/+0
-Sailor n°7 rows.
-Sailor n°5 moves +0/+0
-Sailor n°5 rows.
-Sailor n°8 moves +...
-Sailor n°1 moves +0/+0
-Sailor n°1 rows.
-Sailor n°4 moves +0/+0
-Sailor n°4 rows.
-Sailor n°7 moves +0/+0
-Sailor n°7 rows.
-Sailor n°5 moves +0/+0
-Sailor n°5 rows.
-Sailor n°8 moves +...
-Sailor n°1 moves +0/+0
-Sailor n°1 rows.
-Sailor n°4 moves +0/+0
-Sailor n°4 rows.
-Sailor n°7 moves +0/+0
-Sailor n°7 rows.
-Sailor n°5 moves +0/+0
-Sailor n°5 rows.
-Sailor n°8 moves +...
-Sailor n°1 moves +0/+0
-Sailor n°1 rows.
-Sailor n°4 moves +0/+0
-Sailor n°4 rows.
-Sailor n°7 moves +0/+0
-Sailor n°7 rows.
-Sailor n°5 moves +0/+0
-Sailor n°5 rows.
-Sailor n°8 moves +...
-Sailor n°1 moves +0/+0
-Sailor n°1 rows.
-Sailor n°4 moves +0/+0
-Sailor n°4 rows.
-Sailor n°7 moves +0/+0
-Sailor n°7 rows.
-Sailor n°5 moves +0/+0
-Sailor n°5 rows.
-Sailor n°8 moves +...
-Sailor n°1 moves +0/+0
-Sailor n°1 rows.
-Sailor n°4 moves +0/+0
-Sailor n°4 rows.
-Sailor n°7 moves +0/+0
-Sailor n°7 rows.
-Sailor n°5 moves +0/+0
-Sailor n°5 rows.
-Sailor n°8 moves +...
-Sailor n°1 moves +0/+0
-Sailor n°1 rows.
-Sailor n°4 moves +0/+0
-Sailor n°4 rows.
-Sailor n°7 moves +0/+0
-Sailor n°7 rows.
-Sailor n°5 moves +0/+0
-Sailor n°5 rows.
-Sailor n°8 moves +...
-Sailor n°1 moves +0/+0
-Sailor n°1 rows.
-Sailor n°4 moves +0/+0
-Sailor n°4 rows.
-Sailor n°7 moves +0/+0
-Sailor n°7 rows.
-Sailor n°5 moves +0/+0
-Sailor n°5 rows.
-Sailor n°8 moves +...
-Sailor n°1 moves +0/+0
-Sailor n°1 rows.
-Sailor n°4 moves +0/+0
-Sailor n°4 rows.
-Sailor n°7 moves +0/+0
-Sailor n°7 rows.
-Sailor n°5 moves +0/+0
-Sailor n°5 rows.
-Sailor n°8 moves +...
-Sailor n°1 moves +0/+0
-Sailor n°1 rows.
-Sailor n°4 moves -3/-3
-Sailor n°4 rows.
-Sailor n°7 moves +1/+0
-Sailor n°7 rows.
-Sailor n°5 moves +1/+0
-Sailor n°5 rows.
-Sailor n°0 moves +...
-Sailor n°1 moves +0/+0
-Sailor n°1 rows.
-Sailor n°4 moves +1/+0
-Sailor n°4 rows.
-Sailor n°5 moves +1/+0
-Sailor n°5 rows.
-Sailor n°0 moves +0/+0
-Sailor n°0 turned the rudder with an...
-Sailor n°1 moves +1/+0
-Sailor n°1 rows.
-Sailor n°4 moves +1/+0
-Sailor n°4 rows.
-Sailor n°5 moves +1/+0
-Sailor n°5 rows.
-Sailor n°0 moves -4/+1
-Sailor n°0 rows.
-Sailor n°2 moves -...
-Sailor n°1 moves -1/+0
-Sailor n°1 rows.
-Sailor n°4 moves +1/+3
-Sailor n°4 rows.
-Sailor n°7 moves -1/+0
-Sailor n°7 rows.
-Sailor n°5 moves -3/+0
-Sailor n°5 rows.
-Sailor n°8 moves +...
-Sailor n°1 moves +0/+0
-Sailor n°1 rows.
-Sailor n°4 moves +0/+0
-Sailor n°4 rows.
-Sailor n°7 moves +0/+0
-Sailor n°7 rows.
-Sailor n°5 moves +0/+0
-Sailor n°5 rows.
-Sailor n°8 moves +...
-Sailor n°1 moves +0/+0
-Sailor n°1 rows.
-Sailor n°4 moves +0/+0
-Sailor n°4 rows.
-Sailor n°7 moves +0/+0
-Sailor n°7 rows.
-Sailor n°5 moves +0/+0
-Sailor n°5 rows.
-Sailor n°8 moves +...
-Sailor n°1 moves +0/+0
-Sailor n°1 rows.
-Sailor n°4 moves -3/-3
-Sailor n°4 rows.
-Sailor n°7 moves +1/+0
-Sailor n°7 rows.
-Sailor n°5 moves +1/+0
-Sailor n°5 rows.
-Sailor n°0 moves +...
-Sailor n°1 moves +0/+0
-Sailor n°1 rows.
-Sailor n°4 moves +3/+3
-Sailor n°4 rows.
-Sailor n°0 moves +0/+0
-Sailor n°0 turned the rudder with an angle of +45
-Sailor n°2 moves +0/+0
-Sai...
-Sailor n°1 moves +0/+0
-Sailor n°1 rows.
-Sailor n°4 moves +0/+0
-Sailor n°4 rows.
-Sailor n°0 moves +0/+0
-Sailor n°0 turned the rudder with an angle of -4
-Sailor n°2 moves +0/+0
-Sail...
-Sailor n°1 moves +0/+0
-Sailor n°1 rows.
-Sailor n°4 moves +0/+0
-Sailor n°4 rows.
-Sailor n°7 moves -1/+0
-Sailor n°7 rows.
-Sailor n°5 moves -1/+0
-Sailor n°5 rows.
-Sailor n°0 moves +...
-Sailor n°1 moves +0/+0
-Sailor n°1 rows.
-Sailor n°4 moves +0/+0
-Sailor n°4 rows.
-Sailor n°7 moves +0/+0
-Sailor n°7 rows.
-Sailor n°5 moves +0/+0
-Sailor n°5 rows.
-Sailor n°8 moves +...
-Sailor n°1 moves +0/+0
-Sailor n°1 rows.
-Sailor n°4 moves +0/+0
-Sailor n°4 rows.
-Sailor n°7 moves +0/+0
-Sailor n°7 rows.
-Sailor n°5 moves +0/+0
-Sailor n°5 rows.
-Sailor n°8 moves +...
-Sailor n°1 moves +0/+0
-Sailor n°1 rows.
-Sailor n°4 moves +0/+0
-Sailor n°4 rows.
-Sailor n°7 moves +0/+0
-Sailor n°7 rows.
-Sailor n°5 moves +0/+0
-Sailor n°5 rows.
-Sailor n°8 moves +...
-Sailor n°1 moves +0/+0
-Sailor n°1 rows.
-Sailor n°4 moves +0/+0
-Sailor n°4 rows.
-Sailor n°7 moves +0/+0
-Sailor n°7 rows.
-Sailor n°5 moves +0/+0
-Sailor n°5 rows.
-Sailor n°8 moves +...
-Sailor n°1 moves +0/+0
-Sailor n°1 rows.
-Sailor n°4 moves +0/+0
-Sailor n°4 rows.
-Sailor n°7 moves +0/+0
-Sailor n°7 rows.
-Sailor n°5 moves +0/+0
-Sailor n°5 rows.
-Sailor n°8 moves +...
-Sailor n°1 moves +0/+0
-Sailor n°1 rows.
-Sailor n°4 moves +0/+0
-Sailor n°4 rows.
-Sailor n°7 moves +0/+0
-Sailor n°7 rows.
-Sailor n°5 moves +0/+0
-Sailor n°5 rows.
-Sailor n°8 moves +...
-Sailor n°1 moves +0/+0
-Sailor n°1 rows.
-Sailor n°4 moves +0/+0
-Sailor n°4 rows.
-Sailor n°7 moves +0/+0
-Sailor n°7 rows.
-Sailor n°5 moves +0/+0
-Sailor n°5 rows.
-Sailor n°8 moves +...
-Sailor n°1 moves +0/+0
-Sailor n°1 rows.
-Sailor n°4 moves +0/+0
-Sailor n°4 rows.
-Sailor n°7 moves +0/+0
-Sailor n°7 rows.
-Sailor n°5 moves +0/+0
-Sailor n°5 rows.
-Sailor n°8 moves +...
-Sailor n°1 moves +0/+0
-Sailor n°1 rows.
-Sailor n°4 moves +0/+0
-Sailor n°4 rows.
-Sailor n°7 moves +0/+0
-Sailor n°7 rows.
-Sailor n°5 moves +0/+0
-Sailor n°5 rows.
-Sailor n°8 moves +...
-Sailor n°1 moves +0/+0
-Sailor n°1 rows.
-Sailor n°4 moves +0/+0
-Sailor n°4 rows.
-Sailor n°7 moves +0/+0
-Sailor n°7 rows.
-Sailor n°5 moves +0/+0
-Sailor n°5 rows.
-Sailor n°8 moves +...
-Sailor n°1 moves +0/+0
-Sailor n°1 rows.
-Sailor n°4 moves +0/+0
-Sailor n°4 rows.
-Sailor n°7 moves +0/+0
-Sailor n°7 rows.
-Sailor n°5 moves +0/+0
-Sailor n°5 rows.
-Sailor n°8 moves +...
-Sailor n°1 moves +0/+0
-Sailor n°1 rows.
-Sailor n°4 moves +0/+0
-Sailor n°4 rows.
-Sailor n°7 moves +0/+0
-Sailor n°7 rows.
-Sailor n°5 moves +0/+0
-Sailor n°5 rows.
-Sailor n°8 moves +...
-Sailor n°1 moves +0/+0
-Sailor n°1 rows.
-Sailor n°4 moves +0/+0
-Sailor n°4 rows.
-Sailor n°7 moves +0/+0
-Sailor n°7 rows.
-Sailor n°5 moves +0/+0
-Sailor n°5 rows.
-Sailor n°8 moves +...
-Sailor n°1 moves +0/+0
-Sailor n°1 rows.
-Sailor n°4 moves +0/+0
-Sailor n°4 rows.
-Sailor n°7 moves +0/+0
-Sailor n°7 rows.
-Sailor n°5 moves +0/+0
-Sailor n°5 rows.
-Sailor n°8 moves +...
-Sailor n°1 moves +0/+0
-Sailor n°1 rows.
-Sailor n°4 moves +0/+0
-Sailor n°4 rows.
-Sailor n°7 moves +0/+0
-Sailor n°7 rows.
-Sailor n°5 moves +0/+0
-Sailor n°5 rows.
-Sailor n°8 moves +...
-Sailor n°1 moves +0/+0
-Sailor n°1 rows.
-Sailor n°4 moves +0/+0
-Sailor n°4 rows.
-Sailor n°7 moves +0/+0
-Sailor n°7 rows.
-Sailor n°5 moves +0/+0
-Sailor n°5 rows.
-Sailor n°8 moves +...
-Sailor n°1 moves +0/+0
-Sailor n°1 rows.
-Sailor n°4 moves +0/+0
-Sailor n°4 rows.
-Sailor n°7 moves +0/+0
-Sailor n°7 rows.
-Sailor n°5 moves +0/+0
-Sailor n°5 rows.
-Sailor n°8 moves +...
-Sailor n°1 moves +0/+0
-Sailor n°1 rows.
-Sailor n°4 moves +0/+0
-Sailor n°4 rows.
-Sailor n°7 moves +0/+0
-Sailor n°7 rows.
-Sailor n°5 moves +0/+0
-Sailor n°5 rows.
-Sailor n°8 moves +...
-Sailor n°1 moves +0/+0
-Sailor n°1 rows.
-Sailor n°4 moves +0/+0
-Sailor n°4 rows.
-Sailor n°7 moves +0/+0
-Sailor n°7 rows.
-Sailor n°5 moves +0/+0
-Sailor n°5 rows.
-Sailor n°8 moves +...
-Sailor n°1 moves +0/+0
-Sailor n°1 rows.
-Sailor n°4 moves +0/+0
-Sailor n°4 rows.
-Sailor n°7 moves +0/+0
-Sailor n°7 rows.
-Sailor n°5 moves +0/+0
-Sailor n°5 rows.
-Sailor n°8 moves +...
-Sailor n°1 moves +0/+0
-Sailor n°1 rows.
-Sailor n°4 moves +0/+0
-Sailor n°4 rows.
-Sailor n°7 moves +0/+0
-Sailor n°7 rows.
-Sailor n°5 moves +0/+0
-Sailor n°5 rows.
-Sailor n°8 moves +...
-Sailor n°1 moves +0/+0
-Sailor n°1 rows.
-Sailor n°4 moves -3/-3
-Sailor n°4 rows.
-Sailor n°7 moves +1/+0
-Sailor n°7 rows.
-Sailor n°5 moves +1/+0
-Sailor n°5 rows.
-Sailor n°0 moves +...
-Sailor n°1 moves +0/+0
-Sailor n°1 rows.
-Sailor n°4 moves +1/+0
-Sailor n°4 rows.
-Sailor n°5 moves +1/+0
-Sailor n°5 rows.
-Sailor n°0 moves +0/+0
-Sailor n°0 turned the rudder with an...
-Sailor n°1 moves +0/+0
-Sailor n°1 rows.
-Sailor n°4 moves -1/+0
-Sailor n°4 rows.
-Sailor n°7 moves +0/+0
-Sailor n°7 rows.
-Sailor n°5 moves -1/+0
-Sailor n°5 rows.
-Sailor n°0 moves +...
-Sailor n°1 moves +0/-3
-Sailor n°1 rows.
-Sailor n°4 moves +3/+0
-Sailor n°4 rows.
-Sailor n°0 moves -4/+1
-Sailor n°0 rows.
-Sailor n°2 moves +0/-3
-Sailor n°2 rows.
-Sailor n°3 moves +...
-Sailor n°1 moves +0/+3
-Sailor n°1 rows.
-Sailor n°4 moves -3/+0
-Sailor n°4 rows.
-Sailor n°7 moves +0/+0
-Sailor n°7 rows.
-Sailor n°5 moves +0/+0
-Sailor n°5 rows.
-Sailor n°0 moves +...
-Sailor n°1 moves +0/+0
-Sailor n°1 rows.
-Sailor n°4 moves +1/+0
-Sailor n°4 rows.
-Sailor n°5 moves +1/+0
-Sailor n°5 rows.
-Sailor n°0 moves +0/+0
-Sailor n°0 turned the rudder with an...
-Sailor n°1 moves +0/+0
-Sailor n°1 rows.
-Sailor n°4 moves +0/+0
-Sailor n°4 rows.
-Sailor n°5 moves +0/+0
-Sailor n°5 rows.
-Sailor n°0 moves +0/+0
-Sailor n°0 turned the rudder with an...
-Sailor n°1 moves +1/+0
-Sailor n°1 rows.
-Sailor n°4 moves +0/+0
-Sailor n°4 rows.
-Sailor n°5 moves +0/+0
-Sailor n°5 rows.
-Sailor n°0 moves -4/+1
-Sailor n°0 rows.
-Sailor n°6 moves +...
-Sailor n°1 moves -1/+0
-Sailor n°1 rows.
-Sailor n°4 moves +2/+3
-Sailor n°4 rows.
-Sailor n°7 moves -1/+0
-Sailor n°7 rows.
-Sailor n°5 moves -2/+0
-Sailor n°5 rows.
-Sailor n°8 moves +...
-Sailor n°1 moves +0/+0
-Sailor n°1 rows.
-Sailor n°4 moves +0/+0
-Sailor n°4 rows.
-Sailor n°7 moves +0/+0
-Sailor n°7 rows.
-Sailor n°5 moves +0/+0
-Sailor n°5 rows.
-Sailor n°8 moves +...
-Sailor n°1 moves +0/+0
-Sailor n°1 rows.
-Sailor n°4 moves -3/-3
-Sailor n°4 rows.
-Sailor n°7 moves +1/+0
-Sailor n°7 rows.
-Sailor n°5 moves +1/+0
-Sailor n°5 rows.
-Sailor n°0 moves +...
-Sailor n°1 moves +0/+0
-Sailor n°1 rows.
-Sailor n°4 moves +3/+3
-Sailor n°4 rows.
-Sailor n°0 moves +0/+0
-Sailor n°0 turned the rudder with an angle of +45
-Sailor n°2 moves +0/+0
-Sai...
-Sailor n°1 moves +0/+0
-Sailor n°1 rows.
-Sailor n°4 moves +0/+0
-Sailor n°4 rows.
-Sailor n°0 moves +0/+0
-Sailor n°0 turned the rudder with an angle of +8
-Sailor n°2 moves +0/+0
-Sail...
-Sailor n°1 moves +0/+0
-Sailor n°1 rows.
-Sailor n°4 moves +0/+0
-Sailor n°4 rows.
-Sailor n°7 moves -1/+0
-Sailor n°7 rows.
-Sailor n°5 moves -1/+0
-Sailor n°5 rows.
-Sailor n°0 moves +...
-Sailor n°1 moves +0/+0
-Sailor n°1 rows.
-Sailor n°4 moves +0/+0
-Sailor n°4 rows.
-Sailor n°7 moves +0/+0
-Sailor n°7 rows.
-Sailor n°5 moves +0/+0
-Sailor n°5 rows.
-Sailor n°8 moves +...
-Sailor n°1 moves +0/+0
-Sailor n°1 rows.
-Sailor n°4 moves +0/+0
-Sailor n°4 rows.
-Sailor n°7 moves +0/+0
-Sailor n°7 rows.
-Sailor n°5 moves +0/+0
-Sailor n°5 rows.
-Sailor n°8 moves +...
-Sailor n°1 moves +0/+0
-Sailor n°1 rows.
-Sailor n°4 moves +0/+0
-Sailor n°4 rows.
-Sailor n°7 moves +0/+0
-Sailor n°7 rows.
-Sailor n°5 moves +0/+0
-Sailor n°5 rows.
-Sailor n°8 moves +...
-Sailor n°1 moves +0/+0
-Sailor n°1 rows.
-Sailor n°4 moves +0/+0
-Sailor n°4 rows.
-Sailor n°7 moves +0/+0
-Sailor n°7 rows.
-Sailor n°5 moves +0/+0
-Sailor n°5 rows.
-Sailor n°8 moves +...
-Sailor n°1 moves +0/+0
-Sailor n°1 rows.
-Sailor n°4 moves +0/+0
-Sailor n°4 rows.
-Sailor n°7 moves +0/+0
-Sailor n°7 rows.
-Sailor n°5 moves +0/+0
-Sailor n°5 rows.
-Sailor n°8 moves +...
-Sailor n°1 moves +0/+0
-Sailor n°1 rows.
-Sailor n°4 moves +0/+0
-Sailor n°4 rows.
-Sailor n°7 moves +0/+0
-Sailor n°7 rows.
-Sailor n°5 moves +0/+0
-Sailor n°5 rows.
-Sailor n°8 moves +...
-Sailor n°1 moves +0/+0
-Sailor n°1 rows.
-Sailor n°4 moves +0/+0
-Sailor n°4 rows.
-Sailor n°7 moves +0/+0
-Sailor n°7 rows.
-Sailor n°5 moves +0/+0
-Sailor n°5 rows.
-Sailor n°0 moves +...
-Sailor n°1 moves +0/+0
-Sailor n°1 rows.
-Sailor n°4 moves +0/+0
-Sailor n°4 rows.
-Sailor n°7 moves +0/+0
-Sailor n°7 rows.
-Sailor n°5 moves +0/+0
-Sailor n°5 rows.
-Sailor n°8 moves +...
-Sailor n°1 moves +0/+0
-Sailor n°1 rows.
-Sailor n°4 moves -3/-3
-Sailor n°4 rows.
-Sailor n°7 moves +1/+0
-Sailor n°7 rows.
-Sailor n°5 moves +1/+0
-Sailor n°5 rows.
-Sailor n°0 moves +...
-Sailor n°1 moves +0/+0
-Sailor n°1 rows.
-Sailor n°4 moves +1/+0
-Sailor n°4 rows.
-Sailor n°5 moves +1/+0
-Sailor n°5 rows.
-Sailor n°0 moves +0/+0
-Sailor n°0 turned the rudder with an...
...
