2852.173913043478 1978.827361563518 -1.0297442586766543
2956.7790934271106 1823.0750913896325 -0.9287526108325003
3091.9931349594203 1643.1422230726223 -0.9239113155081354
3226.87957562733 1465.2831170767258 -0.923594428578128
3358.3119403408277 1294.5273513590967 -0.9238374209365293
3489.547029290454 1123.7092640058318 -0.9253385105262798
3620.3928872873685 952.7689160716567 -0.9272570935071774
3752.7603092848613 777.5400768233409 -0.9296851175954409
3886.99165252205 597.30268443178 -0.9316655535326731
4020.9346933845227 416.9771669577443 -0.9321977975695835
4154.781899623496 236.622489028264 -0.9325031975398964
4164.139669548529 190.18492569599832 -3.1002611294122016
3999.2258596384645 184.93111863516646 -3.1194215315916427
3834.2651552853504 181.33043758501492 -3.120122702850253
3669.3031344368947 177.79042687065956 -3.120150367659363
3504.3410620693635 174.2528174792272 -3.1201515516850407
3339.378987489647 170.71531124515687 -3.120151607052529
3174.4169128060234 167.1778098565133 -3.1201516099058466
3009.454838117016 163.64030871894138 -3.1201516100696267
2844.4927634277005 160.10280759588 -3.1201516100802404
2679.5306887383445 156.56530647376445 -3.1201516100809954
2514.5686140489884 153.027805351719 -3.120151610081084
2349.6065393596323 149.4903042296823 -3.120151610081084
2184.644464670276 145.9528031076456 -3.120151610081084
2019.6823899809242 142.4153019856089 -3.120151610081084
1854.7203152915909 138.87780086356716 -3.12015161008104
1689.7582406022575 135.34029974152193 -3.12015161008104
1657.09015190481 193.8418976623999 -5.307944596515602
1782.6480199215957 376.4944251157801 -5.321414441381057
1909.8060046179185 558.7392145425074 -5.321771196753678
2037.0064123096479 740.9729115939713 -5.321781204517096
2164.208011918615 923.2062967829889 -5.321781501796719
2291.409646995966 1105.439672691608 -5.321781511179347
2418.611283194992 1287.6730483067379 -5.321781511495184
2545.81291943186 1469.9064239119664 -5.321781511506552
2673.0145556700922 1652.1397995168386 -5.321781511506996
2800.216191908398 1834.373175121685 -5.321781511506996
2927.4178281467034 2016.6065507265316 -5.321781511506996
3054.619464385009 2198.839926331378 -5.321781511506996
3181.8211006233146 2381.0733019362247 -5.321781511506996
3306.112013172338 2557.832402465347 -5.321781511506996
3428.5647149946885 2731.2504762782146 -5.321303559743141
3550.856780041419 2904.7104368305536 -5.320375187680627
3672.9122843589926 3078.231793821674 -5.319237273500944
3794.675845521724 3251.8284353737185 -5.317825312532266
3920.0089649880997 3432.93749523121 -5.315970252160907
4045.7883478407957 3615.5366606511066 -5.315176590630633
4171.438627776023 3798.168411659156 -5.314848954842356
4179.5929743020015 3843.2277271833786 -3.1721453921912843
4014.633646516221 3846.787861040998 -3.154015695782798
3849.645733158498 3848.784732310606 -3.1533682282708817
3684.6571489045623 3850.725625011781 -3.1533433447833
3519.668539276457 3852.664359904 -3.1533423096864475
3354.6799285899247 3854.603004720575 -3.1533422627636707
3189.6913178552118 3856.5416454367273 -3.1533422604267844
3024.702707118079 3858.480285947628 -3.1533422602976877
2859.714096380797 3860.4189264471197 -3.153342260289694
2694.7254856435147 3862.3575669458987 -3.153342260289117
2529.7368749062325 3864.2962074446386 -3.1533422602890724
2364.7482641689503 3866.2348479433404 -3.153342260289028
2199.759653431668 3868.173488442042 -3.1533422602890724
2034.7710426943859 3870.112128940744 -3.1533422602890724
1869.7824319571037 3872.050769439487 -3.153342260289161
1704.7938212198214 3873.989409938234 -3.153342260289161
1670.7850388019847 3815.435560332395 -1.0192923582979536
1787.8209570478846 3630.872962784333 -0.9918043901352809
1908.2227987019517 3447.0043933627617 -0.990252772539651
2028.8159273226145 3263.1778862656965 -0.9901533457831453
2149.4214188495785 3079.3541073451374 -0.99014604522018
2270.0278285120794 2895.5305310801136 -0.9901454179430498
2390.6343183187664 2711.706972505224 -0.9901453529959465
2511.240816620614 2527.883415805464 -0.9901453445371684
2631.847316072408 2344.059859359532 -0.9901453430526226
2752.4538157418033 2160.23630296163 -0.9901453426532976
