Compass said we need to reach: 4761.229648892581 ; 2420.0939285085456
We need 10 sailors that oars on the right side and 0on the left side
A* returned a 1 size path, [0] = (5749.21875,2499.9999999999995)
We need 10 sailors that oars on the right side and 0on the left side
We need 10 sailors that oars on the right side and 3on the left side
A* returned a 1 size path, [0] = (5743.1349731200435,2523.7549798792197)
We need 10 sailors that oars on the right side and 3on the left side
A* returned a 1 size path, [0] = (5726.929753041625,2542.1588450275344)
A* returned a 1 size path, [0] = (5697.414026314147,2556.6120630932182)
A* returned a 1 size path, [0] = (5664.876612071084,2561.237029155902)
A* returned a 1 size path, [0] = (5632.502499120051,2555.5810193133434)
A* returned a 1 size path, [0] = (5603.460691200395,2540.1976832166642)
We need 4 sailors that oars on the right side and 10on the left side
A* returned a 1 size path, [0] = (5580.594002817469,2516.592848985015)
We need 4 sailors that oars on the right side and 10on the left side
We need 4 sailors that oars on the right side and 10on the left side
A* returned a 1 size path, [0] = (5571.129991617653,2503.076840254248)
We need 4 sailors that oars on the right side and 10on the left side
We need 4 sailors that oars on the right side and 10on the left side
A* returned a 1 size path, [0] = (5561.665980417837,2489.5608315234813)
We need 4 sailors that oars on the right side and 10on the left side
We need 4 sailors that oars on the right side and 10on the left side
A* returned a 1 size path, [0] = (5702.201969218021,2976.0448227927145)
We need 0 sailors that oars on the right side and 10on the left side
A* returned a 1 size path, [0] = (5696.9647129637915,2969.681346695547)
We need 1 sailors that oars on the right side and 10on the left side
A* returned a 1 size path, [0] = (5690.796469045716,2964.215502929132)
We need 2 sailors that oars on the right side and 10on the left side
A* returned a 1 size path, [0] = (5683.849120100297,2959.7818787070896)
We need 3 sailors that oars on the right side and 10on the left side
A* returned a 1 size path, [0] = (5669.280484818103,2952.035597921112)
We need 3 sailors that oars on the right side and 10on the left side
A* returned a 1 size path, [0] = (5704.711849535909,3044.2893171351348)
We need 3 sailors that oars on the right side and 10on the left side
A* returned a 1 size path, [0] = (5690.143214253715,3036.5430363491573)
We need 3 sailors that oars on the right side and 10on the left side
A* returned a 1 size path, [0] = (5675.574578971521,3028.79675556318)
We need 3 sailors that oars on the right side and 10on the left side
A* returned a 1 size path, [0] = (5661.005943689327,3021.0504747772025)
We need 3 sailors that oars on the right side and 10on the left side
A* returned a 1 size path, [0] = (5646.437308407133,3013.304193991225)
We need 3 sailors that oars on the right side and 10on the left side
A* returned a 1 size path, [0] = (5631.868673124939,3005.5579132052476)
We need 3 sailors that oars on the right side and 10on the left side
A* returned a 1 size path, [0] = (5617.300037842745,2997.81163241927)
We need 3 sailors that oars on the right side and 10on the left side
A* returned a 1 size path, [0] = (5602.731402560551,2990.0653516332927)
We need 3 sailors that oars on the right side and 10on the left side
A* returned a 1 size path, [0] = (5638.162767278357,3032.3190708473153)
We need 2 sailors that oars on the right side and 10on the left side
A* returned a 1 size path, [0] = (5630.607380093555,3029.026836712345)
We need 3 sailors that oars on the right side and 10on the left side
A* returned a 1 size path, [0] = (5615.006323596138,3023.654962163781)
We need 3 sailors that oars on the right side and 10on the left side
A* returned a 1 size path, [0] = (5599.405267098721,3018.283087615217)
We need 3 sailors that oars on the right side and 10on the left side
A* returned a 1 size path, [0] = (5533.8042106013045,1762.911213066653)
A* returned a 1 size path, [0] = (5554.762402681648,2997.527876969974)
We need 1 sailors that oars on the right side and 10on the left side
A* returned a 1 size path, [0] = (5547.81505373623,2993.0942527479315)
We need 2 sailors that oars on the right side and 10on the left side
A* returned a 0 size path, [0] = nothing
A* returned a 0 size path, [0] = nothing
We need 3 sailors that oars on the right side and 10on the left side
A* returned a 0 size path, [0] = nothing
We need 3 sailors that oars on the right side and 10on the left side
A* returned a 11 size path, [0] = (5978.88715904903,2287.2978395538657)
We need 4 sailors that oars on the right side and 10on the left side
We need 3 sailors that oars on the right side and 10on the left side
A* said we need to reach (5928.88715904903,2237.2978395538657)
We need 5 sailors that oars on the right side and 10on the left side
We need 3 sailors that oars on the right side and 10on the left side
A* said we need to reach (5878.88715904903,2187.2978395538657)
We need 1 sailors that oars on the right side and 10on the left side
A* said we need to reach (5828.88715904903,2137.2978395538657)
We need 4 sailors that oars on the right side and 10on the left side
We need 1 sailors that oars on the right side and 10on the left side
A* said we need to reach (5778.88715904903,2087.2978395538657)
We need 4 sailors that oars on the right side and 10on the left side
We need 1 sailors that oars on the right side and 10on the left side
A* said we need to reach (5728.88715904903,2037.2978395538657)
We need 4 sailors that oars on the right side and 10on the left side
We need 1 sailors that oars on the right side and 10on the left side
A* said we need to reach (5678.88715904903,1987.2978395538657)
We need 4 sailors that oars on the right side and 10on the left side
We need 1 sailors that oars on the right side and 10on the left side
A* said we need to reach (5628.88715904903,1937.2978395538657)
We need 5 sailors that oars on the right side and 10on the left side
We need 1 sailors that oars on the right side and 10on the left side
A* said we need to reach (5328.88715904903,1887.2978395538657)
We need 4 sailors that oars on the right side and 10on the left side
We need 1 sailors that oars on the right side and 10on the left side
A* said we need to reach (5278.88715904903,1937.2978395538657)
We need 3 sailors that oars on the right side and 10on the left side
We need 0 sailors that oars on the right side and 10on the left side
A* said we need to reach (5228.88715904903,2237.2978395538657)
We need 1 sailors that oars on the right side and 10on the left side
We need 1 sailors that oars on the right side and 10on the left side
A* returned a 1 size path, [0] = (5158.722482257416,2362.626469456176)
We need 1 sailors that oars on the right side and 10on the left side
