2852.173913043478 1978.827361563518 -1.0297442586766543
2923.674100091744 1867.8956109162118 -0.9661548352705802
3017.6170284482755 1732.2500598873353 -0.9639832488079398
3111.71547083012 1596.712304564202 -0.9638819519103476
3205.821195819423 1461.1796054684621 -0.963876745886258
3299.927297113437 1325.6471676565473 -0.9638764480150526
3394.0334200844154 1190.1147448958989 -0.9638764287941277
3488.1395444663467 1054.5823231149373 -0.9638764273721541
3582.2456689538726 919.0499014072947 -0.9638764272488971
3676.3517934507004 783.5174797061104 -0.9638764272359963
3770.4579179485245 647.9850580056186 -0.9638764272342977
3862.007211794874 516.1350050345625 -0.9638764272339868
3972.3777305408476 357.1784677234412 -0.9638764272339091
4082.748249286851 198.22193041232708 -0.9638764272337981
4246.96419024935 116.26850350705527 0.028633869196947617
4461.684244986441 125.9321908519707 0.06164945398048598
4676.168889435191 139.33036316693307 0.06313693155307441
4890.640473652677 152.89730384454307 0.06321049896237217
5105.111403280287 166.4726328627745 0.06321453240808432
5319.582296781225 180.04842463988192 0.06321478048027766
5534.053188042664 193.62424510282898 0.0632147978535416
5748.524079145644 207.20006759551208 0.06321479926614358
5962.994970235556 220.7758902555687 0.06321479940304241
6177.465861324175 234.35171293218 0.06321479941945983
6391.936752412627 247.9275356108416 0.0632147994220411
6606.407643501049 261.50335828984515 0.0632147994226309
6820.878534589471 275.0791809689382 0.06321479942287377
7015.687431939077 347.85391844157357 0.6627976192061619
7179.723106548619 482.70791767757817 0.7100383163425589
7340.707340657974 621.9481141656728 0.7142351969396327
7501.337012288371 761.4857560489735 0.7145044927751304
7661.96319912591 901.0263111555729 0.7142744291555753
7821.676436005012 1039.6525586911962 0.7138278622915212
7975.023309875273 1172.374481449273 0.7130136707444273
8063.366471625011 1333.5205766777624 1.4544317485743525
8076.703284428658 1501.8930759413443 1.5301090147970815
8082.771115584711 1668.6007547470062 1.5388104939144382
8087.993377111125 1835.086466877174 1.5400802496773276
8093.086281011457 2001.5377038451786 1.5403401468554396
8098.14970471005 2167.9810653491913 1.54042955667219
8053.210080798747 2234.004704883633 2.959353951893804
7939.204742068943 2254.0546545183074 2.9758229283770232
7825.103616319764 2273.1275709698457 2.9761118744880166
7711.000866000091 2292.1833398416093 2.9761171221269622
7596.898086174996 2311.2387970892228 2.976117220984773
7482.795305793679 2330.2942484621713 2.97611722291927
7368.6925254014695 2349.349699720067 2.9761172229586608
7254.589745009029 2368.4051509756237 2.9761172229595045
7140.486964616552 2387.460602231132 2.9761172229595045
7026.3841842240745 2406.51605348664 2.9761172229595045
6912.281403831597 2425.571504742148 2.9761172229595045
6791.74188099228 2445.5315811539012 2.9761172229595045
6667.736839087761 2465.9831899230303 2.9760397721930376
6543.732923890188 2486.446691710436 2.975910695530257
6419.730479588556 2506.9257085575528 2.9757709143089484
6295.729625972197 2527.421489515732 2.9756202012601074
6171.730493767753 2547.935395369536 2.9754568337342002
6047.733235662101 2568.469013812946 2.975278599588891
5923.738032551322 2589.0242237431903 2.975082661332693
5805.983790826219 2608.726491512174 2.9748653012558224
5691.8952763936795 2627.932011597319 2.9747687496965414
5577.807328558781 2647.143467484289 2.974763398963707
5463.719412329945 2666.355254413684 2.9747630658807678
5349.63149808451 2685.5670621170834 2.9747630422311078
5235.543583981407 2704.778871311187 2.9747630402772485
5121.455669890236 2723.990680630252 2.9747630400842473
5007.367755800269 2743.2024899619264 2.974763040060533
4893.279841710444 2762.4142992952047 2.9747630400566694
4779.1919276206845 2781.62610862876 2.9747630400557368
