INIT >>> 
DONE
 >>> 
UlVEREVSPWZhbHNlIHwgQ0xPU0VfU0FJTD1mYWxzZSB8IE9QRU5fU0FJTD1mYWxzZSB8IFNBSUxPUlNfQVY9MTQ=
 >>> 
UlVEREVSPWZhbHNlIHwgQ0xPU0VfU0FJTD1mYWxzZSB8IE9QRU5fU0FJTD1mYWxzZSB8IFNBSUxPUlNfQVY9MTQ=
 >>> 
UlVEREVSPWZhbHNlIHwgQ0xPU0VfU0FJTD1mYWxzZSB8IE9QRU5fU0FJTD1mYWxzZSB8IFNBSUxPUlNfQVY9MTQ=
 >>> 
UlVEREVSPWZhbHNlIHwgQ0xPU0VfU0FJTD1mYWxzZSB8IE9QRU5fU0FJTD1mYWxzZSB8IFNBSUxPUlNfQVY9MTQ=
 >>> 
UlVEREVSPWZhbHNlIHwgQ0xPU0VfU0FJTD1mYWxzZSB8IE9QRU5fU0FJTD1mYWxzZSB8IFNBSUxPUlNfQVY9MTQ=
 >>> 
UlVEREVSPXRydWUgfCBDTE9TRV9TQUlMPWZhbHNlIHwgT1BFTl9TQUlMPWZhbHNlIHwgU0FJTE9SU19BVj0xNA==
 >>> 
UlVEREVSPXRydWUgfCBDTE9TRV9TQUlMPWZhbHNlIHwgT1BFTl9TQUlMPWZhbHNlIHwgU0FJTE9SU19BVj0xNA==
 >>> 
UlVEREVSPWZhbHNlIHwgQ0xPU0VfU0FJTD1mYWxzZSB8IE9QRU5fU0FJTD1mYWxzZSB8IFNBSUxPUlNfQVY9MTQ=
 >>> 
UlVEREVSPWZhbHNlIHwgQ0xPU0VfU0FJTD1mYWxzZSB8IE9QRU5fU0FJTD1mYWxzZSB8IFNBSUxPUlNfQVY9MTQ=
 >>> 
UlVEREVSPWZhbHNlIHwgQ0xPU0VfU0FJTD1mYWxzZSB8IE9QRU5fU0FJTD1mYWxzZSB8IFNBSUxPUlNfQVY9MTQ=
 >>> 
UlVEREVSPWZhbHNlIHwgQ0xPU0VfU0FJTD1mYWxzZSB8IE9QRU5fU0FJTD1mYWxzZSB8IFNBSUxPUlNfQVY9MTQ=
 >>> 
UlVEREVSPWZhbHNlIHwgQ0xPU0VfU0FJTD1mYWxzZSB8IE9QRU5fU0FJTD1mYWxzZSB8IFNBSUxPUlNfQVY9MTQ=
 >>> 
UlVEREVSPXRydWUgfCBDTE9TRV9TQUlMPWZhbHNlIHwgT1BFTl9TQUlMPWZhbHNlIHwgU0FJTE9SU19BVj0xNA==
 >>> 
UlVEREVSPWZhbHNlIHwgQ0xPU0VfU0FJTD1mYWxzZSB8IE9QRU5fU0FJTD1mYWxzZSB8IFNBSUxPUlNfQVY9MTQ=
 >>> 
UlVEREVSPWZhbHNlIHwgQ0xPU0VfU0FJTD1mYWxzZSB8IE9QRU5fU0FJTD1mYWxzZSB8IFNBSUxPUlNfQVY9MTQ=
 >>> 
UlVEREVSPWZhbHNlIHwgQ0xPU0VfU0FJTD1mYWxzZSB8IE9QRU5fU0FJTD1mYWxzZSB8IFNBSUxPUlNfQVY9MTQ=
 >>> 
UlVEREVSPXRydWUgfCBDTE9TRV9TQUlMPWZhbHNlIHwgT1BFTl9TQUlMPWZhbHNlIHwgU0FJTE9SU19BVj0xNA==
 >>> 
UlVEREVSPWZhbHNlIHwgQ0xPU0VfU0FJTD1mYWxzZSB8IE9QRU5fU0FJTD1mYWxzZSB8IFNBSUxPUlNfQVY9MTQ=
 >>> 
UlVEREVSPWZhbHNlIHwgQ0xPU0VfU0FJTD1mYWxzZSB8IE9QRU5fU0FJTD1mYWxzZSB8IFNBSUxPUlNfQVY9MTQ=
 >>> 
UlVEREVSPWZhbHNlIHwgQ0xPU0VfU0FJTD1mYWxzZSB8IE9QRU5fU0FJTD1mYWxzZSB8IFNBSUxPUlNfQVY9MTQ=
 >>> 
UlVEREVSPWZhbHNlIHwgQ0xPU0VfU0FJTD1mYWxzZSB8IE9QRU5fU0FJTD1mYWxzZSB8IFNBSUxPUlNfQVY9MTQ=
 >>> 
UlVEREVSPXRydWUgfCBDTE9TRV9TQUlMPWZhbHNlIHwgT1BFTl9TQUlMPWZhbHNlIHwgU0FJTE9SU19BVj0xNA==
 >>> 
UlVEREVSPXRydWUgfCBDTE9TRV9TQUlMPWZhbHNlIHwgT1BFTl9TQUlMPWZhbHNlIHwgU0FJTE9SU19BVj0xNA==
 >>> 
UlVEREVSPWZhbHNlIHwgQ0xPU0VfU0FJTD1mYWxzZSB8IE9QRU5fU0FJTD1mYWxzZSB8IFNBSUxPUlNfQVY9MTQ=
 >>> 
UlVEREVSPWZhbHNlIHwgQ0xPU0VfU0FJTD1mYWxzZSB8IE9QRU5fU0FJTD1mYWxzZSB8IFNBSUxPUlNfQVY9MTQ=
 >>> 
UlVEREVSPWZhbHNlIHwgQ0xPU0VfU0FJTD1mYWxzZSB8IE9QRU5fU0FJTD1mYWxzZSB8IFNBSUxPUlNfQVY9MTQ=
 >>> 
UlVEREVSPWZhbHNlIHwgQ0xPU0VfU0FJTD1mYWxzZSB8IE9QRU5fU0FJTD1mYWxzZSB8IFNBSUxPUlNfQVY9MTQ=
 >>> 
UlVEREVSPWZhbHNlIHwgQ0xPU0VfU0FJTD1mYWxzZSB8IE9QRU5fU0FJTD1mYWxzZSB8IFNBSUxPUlNfQVY9MTQ=
 >>> 
UlVEREVSPWZhbHNlIHwgQ0xPU0VfU0FJTD1mYWxzZSB8IE9QRU5fU0FJTD1mYWxzZSB8IFNBSUxPUlNfQVY9MTQ=
 >>> 
UlVEREVSPWZhbHNlIHwgQ0xPU0VfU0FJTD1mYWxzZSB8IE9QRU5fU0FJTD1mYWxzZSB8IFNBSUxPUlNfQVY9MTQ=
 >>> 
UlVEREVSPWZhbHNlIHwgQ0xPU0VfU0FJTD1mYWxzZSB8IE9QRU5fU0FJTD1mYWxzZSB8IFNBSUxPUlNfQVY9MTQ=
 >>> 
UlVEREVSPWZhbHNlIHwgQ0xPU0VfU0FJTD1mYWxzZSB8IE9QRU5fU0FJTD1mYWxzZSB8IFNBSUxPUlNfQVY9MTQ=
 >>> 
UlVEREVSPWZhbHNlIHwgQ0xPU0VfU0FJTD1mYWxzZSB8IE9QRU5fU0FJTD1mYWxzZSB8IFNBSUxPUlNfQVY9MTQ=
 >>> 
UlVEREVSPWZhbHNlIHwgQ0xPU0VfU0FJTD1mYWxzZSB8IE9QRU5fU0FJTD1mYWxzZSB8IFNBSUxPUlNfQVY9MTQ=
 >>> 
UlVEREVSPWZhbHNlIHwgQ0xPU0VfU0FJTD1mYWxzZSB8IE9QRU5fU0FJTD1mYWxzZSB8IFNBSUxPUlNfQVY9MTQ=
 >>> 
UlVEREVSPXRydWUgfCBDTE9TRV9TQUlMPWZhbHNlIHwgT1BFTl9TQUlMPWZhbHNlIHwgU0FJTE9SU19BVj0xNA==
 >>> 
UlVEREVSPXRydWUgfCBDTE9TRV9TQUlMPWZhbHNlIHwgT1BFTl9TQUlMPWZhbHNlIHwgU0FJTE9SU19BVj0xNA==
 >>> 
UlVEREVSPWZhbHNlIHwgQ0xPU0VfU0FJTD1mYWxzZSB8IE9QRU5fU0FJTD1mYWxzZSB8IFNBSUxPUlNfQVY9MTQ=
 >>> 
UlVEREVSPWZhbHNlIHwgQ0xPU0VfU0FJTD1mYWxzZSB8IE9QRU5fU0FJTD1mYWxzZSB8IFNBSUxPUlNfQVY9MTQ=
 >>> 
UlVEREVSPXRydWUgfCBDTE9TRV9TQUlMPWZhbHNlIHwgT1BFTl9TQUlMPWZhbHNlIHwgU0FJTE9SU19BVj0xNA==
 >>> 
UlVEREVSPXRydWUgfCBDTE9TRV9TQUlMPWZhbHNlIHwgT1BFTl9TQUlMPWZhbHNlIHwgU0FJTE9SU19BVj0xNA==
 >>> 
UlVEREVSPWZhbHNlIHwgQ0xPU0VfU0FJTD1mYWxzZSB8IE9QRU5fU0FJTD1mYWxzZSB8IFNBSUxPUlNfQVY9MTQ=
 >>> 
UlVEREVSPWZhbHNlIHwgQ0xPU0VfU0FJTD1mYWxzZSB8IE9QRU5fU0FJTD1mYWxzZSB8IFNBSUxPUlNfQVY9MTQ=
 >>> 
UlVEREVSPWZhbHNlIHwgQ0xPU0VfU0FJTD1mYWxzZSB8IE9QRU5fU0FJTD1mYWxzZSB8IFNBSUxPUlNfQVY9MTQ=
 >>> 
UlVEREVSPWZhbHNlIHwgQ0xPU0VfU0FJTD1mYWxzZSB8IE9QRU5fU0FJTD1mYWxzZSB8IFNBSUxPUlNfQVY9MTQ=
 >>> 
UlVEREVSPWZhbHNlIHwgQ0xPU0VfU0FJTD1mYWxzZSB8IE9QRU5fU0FJTD1mYWxzZSB8IFNBSUxPUlNfQVY9MTQ=
 >>> 
UlVEREVSPWZhbHNlIHwgQ0xPU0VfU0FJTD1mYWxzZSB8IE9QRU5fU0FJTD1mYWxzZSB8IFNBSUxPUlNfQVY9MTQ=
 >>> 
UlVEREVSPWZhbHNlIHwgQ0xPU0VfU0FJTD1mYWxzZSB8IE9QRU5fU0FJTD1mYWxzZSB8IFNBSUxPUlNfQVY9MTQ=
 >>> 
UlVEREVSPWZhbHNlIHwgQ0xPU0VfU0FJTD1mYWxzZSB8IE9QRU5fU0FJTD1mYWxzZSB8IFNBSUxPUlNfQVY9MTQ=
