|INFO| - SAILT ENTITY fr.unice.polytech.si3.qgl.jerapah_corp.deck.Entity@4859c65f

|INFO| - Nb sailors already on oar (west) : 3

|INFO| -      Sailor id : 3 position = 1;0

|INFO| -      Sailor id : 9 position = 3;0

|INFO| -      Sailor id : 6 position = 2;0

|INFO| - Nb sailors already on oar (east) : 3

|INFO| -      Sailor id : 8 position = 2;2

|INFO| -      Sailor id : 5 position = 1;2

|INFO| -      Sailor id : 11 position = 3;2

|INFO| - Nb sailors unemployed : 6

|INFO| -      Sailor id : 0 position = 0;0

|INFO| -      Sailor id : 1 position = 0;1

|INFO| -      Sailor id : 2 position = 0;2

|INFO| -      Sailor id : 4 position = 1;1

|INFO| -      Sailor id : 7 position = 2;1

|INFO| -      Sailor id : 10 position = 3;1

|INFO| - params of orientation = 12, 4, fr.unice.polytech.si3.qgl.jerapah_corp.Ship@571c9252, fr.unice.polytech.si3.qgl.jerapah_corp.direction.Checkpoint@61517e41

|INFO| - angle calculé = 3.64

|INFO| - sailor returned are : (west) =4(east) =4

|INFO| - Nb sailors west : 3

|INFO| - Nb sailors east : 3

|INFO| - Action{sailorId=10, type='MOVING', xdistance=3, ydistance=0, rotation=0.0, openned=false}

|INFO| - Action{sailorId=10, type='TURN', xdistance=0, ydistance=0, rotation=0.0635299847725936, openned=false}

|INFO| - Action{sailorId=7, type='MOVING', xdistance=2, ydistance=-1, rotation=0.0, openned=false}

|INFO| - Action{sailorId=7, type='OAR', xdistance=0, ydistance=0, rotation=0.0, openned=false}

|INFO| - Action{sailorId=2, type='MOVING', xdistance=5, ydistance=0, rotation=0.0, openned=false}

|INFO| - Action{sailorId=2, type='OAR', xdistance=0, ydistance=0, rotation=0.0, openned=false}

|INFO| - Action{sailorId=3, type='OAR', xdistance=0, ydistance=0, rotation=0.0, openned=false}

|INFO| - Action{sailorId=9, type='OAR', xdistance=0, ydistance=0, rotation=0.0, openned=false}

|INFO| - Action{sailorId=6, type='OAR', xdistance=0, ydistance=0, rotation=0.0, openned=false}

|INFO| - Action{sailorId=8, type='OAR', xdistance=0, ydistance=0, rotation=0.0, openned=false}

|INFO| - Action{sailorId=5, type='OAR', xdistance=0, ydistance=0, rotation=0.0, openned=false}

|INFO| - Action{sailorId=11, type='OAR', xdistance=0, ydistance=0, rotation=0.0, openned=false}

|INFO| - Next round input: {"ship":{"type":"ship","position":{"x":2852.173913043478,"y":1978.827361563518,"orientation":-1.0297442586766543},"name":"jerapah_corp","deck":{"width":3,"length":7},"entiti
|INFO| - Nb sailors already on oar (west) : 4

|INFO| -      Sailor id : 7 position = 4;0

|INFO| -      Sailor id : 3 position = 1;0

|INFO| -      Sailor id : 6 position = 2;0

|INFO| -      Sailor id : 9 position = 3;0

|INFO| - Nb sailors already on oar (east) : 4

|INFO| -      Sailor id : 2 position = 5;2

|INFO| -      Sailor id : 5 position = 1;2

|INFO| -      Sailor id : 8 position = 2;2

|INFO| -      Sailor id : 11 position = 3;2

|INFO| - Nb sailors unemployed : 3

|INFO| -      Sailor id : 0 position = 0;0

|INFO| -      Sailor id : 1 position = 0;1

|INFO| -      Sailor id : 4 position = 1;1

|INFO| - params of orientation = 12, 2, fr.unice.polytech.si3.qgl.jerapah_corp.Ship@68351b44, fr.unice.polytech.si3.qgl.jerapah_corp.direction.Checkpoint@61517e41

|INFO| - angle calculé = 0.13

|INFO| - sailor returned are : (west) =4(east) =4

|INFO| - Nb sailors west : 4

|INFO| - Nb sailors east : 4

|INFO| - Action{sailorId=10, type='TURN', xdistance=0, ydistance=0, rotation=0.0022689280275926286, openned=false}

|INFO| - Action{sailorId=7, type='OAR', xdistance=0, ydistance=0, rotation=0.0, openned=false}

|INFO| - Action{sailorId=3, type='OAR', xdistance=0, ydistance=0, rotation=0.0, openned=false}

|INFO| - Action{sailorId=6, type='OAR', xdistance=0, ydistance=0, rotation=0.0, openned=false}

|INFO| - Action{sailorId=9, type='OAR', xdistance=0, ydistance=0, rotation=0.0, openned=false}

|INFO| - Action{sailorId=2, type='OAR', xdistance=0, ydistance=0, rotation=0.0, openned=false}

|INFO| - Action{sailorId=5, type='OAR', xdistance=0, ydistance=0, rotation=0.0, openned=false}

|INFO| - Action{sailorId=8, type='OAR', xdistance=0, ydistance=0, rotation=0.0, openned=false}

|INFO| - Action{sailorId=11, type='OAR', xdistance=0, ydistance=0, rotation=0.0, openned=false}

|INFO| - Next round input: {"ship":{"type":"ship","position":{"x":2923.670858721418,"y":1867.893472353255,"orientation":-0.966214273904062},"name":"jerapah_corp","deck":{"width":3,"length":7},"entitie
|INFO| - Nb sailors already on oar (west) : 4

|INFO| -      Sailor id : 6 position = 2;0

|INFO| -      Sailor id : 7 position = 4;0

|INFO| -      Sailor id : 9 position = 3;0

|INFO| -      Sailor id : 3 position = 1;0

|INFO| - Nb sailors already on oar (east) : 4

|INFO| -      Sailor id : 5 position = 1;2

|INFO| -      Sailor id : 8 position = 2;2

|INFO| -      Sailor id : 11 position = 3;2

|INFO| -      Sailor id : 2 position = 5;2

|INFO| - Nb sailors unemployed : 3

|INFO| -      Sailor id : 0 position = 0;0

|INFO| -      Sailor id : 1 position = 0;1

|INFO| -      Sailor id : 4 position = 1;1

|INFO| - params of orientation = 12, 2, fr.unice.polytech.si3.qgl.jerapah_corp.Ship@7e2606c3, fr.unice.polytech.si3.qgl.jerapah_corp.direction.Checkpoint@61517e41

|INFO| - angle calculé = 0.0

|INFO| - sailor returned are : (west) =4(east) =4

|INFO| - Nb sailors west : 4

|INFO| - Nb sailors east : 4

|INFO| - Action{sailorId=10, type='TURN', xdistance=0, ydistance=0, rotation=0.0, openned=false}

|INFO| - Action{sailorId=6, type='OAR', xdistance=0, ydistance=0, rotation=0.0, openned=false}

|INFO| - Action{sailorId=7, type='OAR', xdistance=0, ydistance=0, rotation=0.0, openned=false}

|INFO| - Action{sailorId=9, type='OAR', xdistance=0, ydistance=0, rotation=0.0, openned=false}

|INFO| - Action{sailorId=3, type='OAR', xdistance=0, ydistance=0, rotation=0.0, openned=false}

|INFO| - Action{sailorId=5, type='OAR', xdistance=0, ydistance=0, rotation=0.0, openned=false}

|INFO| - Action{sailorId=8, type='OAR', xdistance=0, ydistance=0, rotation=0.0, openned=false}

|INFO| - Action{sailorId=11, type='OAR', xdistance=0, ydistance=0, rotation=0.0, openned=false}

|INFO| - Action{sailorId=2, type='OAR', xdistance=0, ydistance=0, rotation=0.0, openned=false}

|INFO| - Next round input: {"ship":{"type":"ship","position":{"x":2998.823978743826,"y":1759.3761876622866,"orientation":-0.9639453458764686},"name":"jerapah_corp","deck":{"width":3,"length":7},"entit
|INFO| - Nb sailors already on oar (west) : 4

|INFO| -      Sailor id : 3 position = 1;0

|INFO| -      Sailor id : 9 position = 3;0

|INFO| -      Sailor id : 6 position = 2;0

|INFO| -      Sailor id : 7 position = 4;0

|INFO| - Nb sailors already on oar (east) : 4

|INFO| -      Sailor id : 5 position = 1;2

|INFO| -      Sailor id : 11 position = 3;2

