-Sailor n°13 moves +0/-1
-Sailor n°13 rows.
-Sailor n°4 moves +0/+3
-Sailor n°4 rows.
-Sailor n°3 moves +3/+0
-Sailor n°9 moves +3/+0
-Sailor n°5 moves +1/+2
-Sailor n°5 rows.
-Sailor n°6...
-Sailor n°3 moves +1/-2
-Sailor n°3 lowered the sail.
-Sailor n°4 moves +1/+0
-Sailor n°4 rows.
-Sailor n°9 moves +1/+2
-Sailor n°9 rows.
-Sailor n°5 moves -1/-3
-Sailor n°5 rows.
-Sailor...
-Sailor n°3 lifted the sail.
-Sailor n°4 rows.
-Sailor n°9 rows.
-Sailor n°5 rows.
-Sailor n°6 rows.
-Sailor n°0 rows.
-Sailor n°11 rows.
-Sailor n°8 rows.
-Sailor n°1 moves +0/-1
-Sailor...
-Sailor n°3 lowered the sail.
-Sailor n°4 rows.
-Sailor n°9 rows.
-Sailor n°5 rows.
-Sailor n°6 rows.
-Sailor n°0 rows.
-Sailor n°11 rows.
-Sailor n°8 rows.
-Sailor n°1 rows.
-Sailor n°12...
-Sailor n°13 moves +1/+0
-Sailor n°13 rows.
-Sailor n°3 moves +0/+1
-Sailor n°3 turned the rudder with an angle of -2
-Sailor n°4 rows.
-Sailor n°9 moves -1/-3
-Sailor n°9 rows.
-Sailor n...
-Sailor n°3 moves +0/-1
-Sailor n°3 lowered the sail.
-Sailor n°4 rows.
-Sailor n°9 moves +1/+3
-Sailor n°9 rows.
-Sailor n°5 rows.
-Sailor n°6 rows.
-Sailor n°0 rows.
-Sailor n°11 moves ...
-Sailor n°3 lifted the sail.
-Sailor n°4 rows.
-Sailor n°9 rows.
-Sailor n°5 rows.
-Sailor n°6 rows.
-Sailor n°0 rows.
-Sailor n°11 rows.
-Sailor n°8 rows.
-Sailor n°1 rows.
-Sailor n°12 ...
-Sailor n°3 lowered the sail.
-Sailor n°4 rows.
-Sailor n°9 rows.
-Sailor n°5 rows.
-Sailor n°6 rows.
-Sailor n°0 rows.
-Sailor n°11 rows.
-Sailor n°8 rows.
-Sailor n°1 rows.
-Sailor n°12...
-Sailor n°3 lifted the sail.
-Sailor n°4 rows.
-Sailor n°9 rows.
-Sailor n°5 rows.
-Sailor n°6 rows.
-Sailor n°0 rows.
-Sailor n°11 rows.
-Sailor n°8 rows.
-Sailor n°1 rows.
-Sailor n°12 ...
-Sailor n°3 lowered the sail.
-Sailor n°4 rows.
-Sailor n°9 rows.
-Sailor n°5 rows.
-Sailor n°6 rows.
-Sailor n°0 rows.
-Sailor n°11 rows.
-Sailor n°8 rows.
-Sailor n°1 rows.
-Sailor n°12...
-Sailor n°3 lifted the sail.
-Sailor n°4 rows.
-Sailor n°9 rows.
-Sailor n°5 rows.
-Sailor n°6 rows.
-Sailor n°0 rows.
-Sailor n°11 rows.
-Sailor n°8 rows.
-Sailor n°1 rows.
-Sailor n°12 ...
-Sailor n°3 lowered the sail.
-Sailor n°4 rows.
-Sailor n°9 rows.
-Sailor n°5 rows.
-Sailor n°6 rows.
-Sailor n°0 rows.
-Sailor n°11 rows.
-Sailor n°8 rows.
-Sailor n°1 rows.
-Sailor n°12...
