INITIALIZATION PROCESS >>>
DONE
NEXT INPUT >>> 
RUDDER=true | CLOSE_SAIL=false | OPEN_SAIL=true | SAILORS_AV=12
NEXT INPUT >>> 
RUDDER=true | CLOSE_SAIL=false | OPEN_SAIL=false | SAILORS_AV=12
NEXT INPUT >>> 
RUDDER=true | CLOSE_SAIL=false | OPEN_SAIL=false | SAILORS_AV=12
NEXT INPUT >>> 
RUDDER=true | CLOSE_SAIL=false | OPEN_SAIL=false | SAILORS_AV=12
NEXT INPUT >>> 
RUDDER=true | CLOSE_SAIL=false | OPEN_SAIL=false | SAILORS_AV=12
NEXT INPUT >>> 
RUDDER=true | CLOSE_SAIL=false | OPEN_SAIL=false | SAILORS_AV=12
NEXT INPUT >>> 
RUDDER=true | CLOSE_SAIL=false | OPEN_SAIL=false | SAILORS_AV=12
NEXT INPUT >>> 
RUDDER=true | CLOSE_SAIL=false | OPEN_SAIL=false | SAILORS_AV=12
NEXT INPUT >>> 
RUDDER=true | CLOSE_SAIL=false | OPEN_SAIL=false | SAILORS_AV=12
NEXT INPUT >>> 
RUDDER=true | CLOSE_SAIL=false | OPEN_SAIL=false | SAILORS_AV=12
NEXT INPUT >>> 
RUDDER=true | CLOSE_SAIL=false | OPEN_SAIL=false | SAILORS_AV=12
NEXT INPUT >>> 
RUDDER=true | CLOSE_SAIL=false | OPEN_SAIL=false | SAILORS_AV=12
NEXT INPUT >>> 
RUDDER=true | CLOSE_SAIL=false | OPEN_SAIL=false | SAILORS_AV=12
NEXT INPUT >>> 
RUDDER=true | CLOSE_SAIL=false | OPEN_SAIL=false | SAILORS_AV=12
NEXT INPUT >>> 
RUDDER=true | CLOSE_SAIL=false | OPEN_SAIL=false | SAILORS_AV=12
NEXT INPUT >>> 
RUDDER=true | CLOSE_SAIL=false | OPEN_SAIL=false | SAILORS_AV=12
NEXT INPUT >>> 
RUDDER=true | CLOSE_SAIL=false | OPEN_SAIL=false | SAILORS_AV=12
NEXT INPUT >>> 
RUDDER=true | CLOSE_SAIL=false | OPEN_SAIL=false | SAILORS_AV=12
NEXT INPUT >>> 
RUDDER=true | CLOSE_SAIL=false | OPEN_SAIL=false | SAILORS_AV=12
NEXT INPUT >>> 
RUDDER=true | CLOSE_SAIL=false | OPEN_SAIL=false | SAILORS_AV=12
NEXT INPUT >>> 
RUDDER=true | CLOSE_SAIL=false | OPEN_SAIL=false | SAILORS_AV=12
NEXT INPUT >>> 
RUDDER=true | CLOSE_SAIL=false | OPEN_SAIL=false | SAILORS_AV=12
NEXT INPUT >>> 
RUDDER=true | CLOSE_SAIL=false | OPEN_SAIL=false | SAILORS_AV=12
NEXT INPUT >>> 
RUDDER=true | CLOSE_SAIL=false | OPEN_SAIL=false | SAILORS_AV=12
NEXT INPUT >>> 
RUDDER=true | CLOSE_SAIL=false | OPEN_SAIL=false | SAILORS_AV=12
NEXT INPUT >>> 
RUDDER=true | CLOSE_SAIL=false | OPEN_SAIL=false | SAILORS_AV=12
NEXT INPUT >>> 
RUDDER=true | CLOSE_SAIL=false | OPEN_SAIL=false | SAILORS_AV=12
NEXT INPUT >>> 
RUDDER=true | CLOSE_SAIL=false | OPEN_SAIL=false | SAILORS_AV=12
NEXT INPUT >>> 
RUDDER=true | CLOSE_SAIL=false | OPEN_SAIL=false | SAILORS_AV=12
NEXT INPUT >>> 
RUDDER=true | CLOSE_SAIL=false | OPEN_SAIL=false | SAILORS_AV=12
NEXT INPUT >>> 
RUDDER=true | CLOSE_SAIL=false | OPEN_SAIL=false | SAILORS_AV=12
NEXT INPUT >>> 
RUDDER=true | CLOSE_SAIL=true | OPEN_SAIL=false | SAILORS_AV=12
NEXT INPUT >>> 
RUDDER=true | CLOSE_SAIL=false | OPEN_SAIL=true | SAILORS_AV=12
NEXT INPUT >>> 
RUDDER=true | CLOSE_SAIL=false | OPEN_SAIL=false | SAILORS_AV=12
NEXT INPUT >>> 
RUDDER=true | CLOSE_SAIL=true | OPEN_SAIL=false | SAILORS_AV=12
NEXT INPUT >>> 
RUDDER=true | CLOSE_SAIL=false | OPEN_SAIL=false | SAILORS_AV=12
NEXT INPUT >>> 
RUDDER=true | CLOSE_SAIL=false | OPEN_SAIL=false | SAILORS_AV=12
NEXT INPUT >>> 
RUDDER=true | CLOSE_SAIL=false | OPEN_SAIL=false | SAILORS_AV=12
NEXT INPUT >>> 
RUDDER=true | CLOSE_SAIL=false | OPEN_SAIL=false | SAILORS_AV=12
NEXT INPUT >>> 
RUDDER=true | CLOSE_SAIL=false | OPEN_SAIL=false | SAILORS_AV=12
NEXT INPUT >>> 
RUDDER=true | CLOSE_SAIL=false | OPEN_SAIL=false | SAILORS_AV=12
NEXT INPUT >>> 
RUDDER=true | CLOSE_SAIL=false | OPEN_SAIL=false | SAILORS_AV=12
NEXT INPUT >>> 
RUDDER=true | CLOSE_SAIL=false | OPEN_SAIL=false | SAILORS_AV=12
NEXT INPUT >>> 
RUDDER=true | CLOSE_SAIL=false | OPEN_SAIL=false | SAILORS_AV=12
NEXT INPUT >>> 
RUDDER=true | CLOSE_SAIL=false | OPEN_SAIL=false | SAILORS_AV=12
NEXT INPUT >>> 
RUDDER=true | CLOSE_SAIL=false | OPEN_SAIL=false | SAILORS_AV=12
NEXT INPUT >>> 
RUDDER=true | CLOSE_SAIL=false | OPEN_SAIL=false | SAILORS_AV=12
NEXT INPUT >>> 
RUDDER=true | CLOSE_SAIL=false | OPEN_SAIL=false | SAILORS_AV=12
NEXT INPUT >>> 
RUDDER=true | CLOSE_SAIL=false | OPEN_SAIL=false | SAILORS_AV=12
