INIT >>> 
 >>> 
UlVEREVSPWZhbHNlIHwgQ0xPU0VfU0FJTD1mYWxzZSB8IE9QRU5fU0FJTD10cnVlIHwgU0FJTE9SU19BVj0xMw==
 >>> 
UlVEREVSPWZhbHNlIHwgQ0xPU0VfU0FJTD1mYWxzZSB8IE9QRU5fU0FJTD1mYWxzZSB8IFNBSUxPUlNfQVY9MTM=
 >>> 
UlVEREVSPWZhbHNlIHwgQ0xPU0VfU0FJTD1mYWxzZSB8IE9QRU5fU0FJTD1mYWxzZSB8IFNBSUxPUlNfQVY9MTM=
 >>> 
UlVEREVSPWZhbHNlIHwgQ0xPU0VfU0FJTD1mYWxzZSB8IE9QRU5fU0FJTD1mYWxzZSB8IFNBSUxPUlNfQVY9MTM=
 >>> 
UlVEREVSPWZhbHNlIHwgQ0xPU0VfU0FJTD1mYWxzZSB8IE9QRU5fU0FJTD1mYWxzZSB8IFNBSUxPUlNfQVY9MTM=
 >>> 
UlVEREVSPWZhbHNlIHwgQ0xPU0VfU0FJTD1mYWxzZSB8IE9QRU5fU0FJTD1mYWxzZSB8IFNBSUxPUlNfQVY9MTM=
 >>> 
UlVEREVSPWZhbHNlIHwgQ0xPU0VfU0FJTD1mYWxzZSB8IE9QRU5fU0FJTD1mYWxzZSB8IFNBSUxPUlNfQVY9MTM=
 >>> 
UlVEREVSPWZhbHNlIHwgQ0xPU0VfU0FJTD1mYWxzZSB8IE9QRU5fU0FJTD1mYWxzZSB8IFNBSUxPUlNfQVY9MTM=
 >>> 
UlVEREVSPWZhbHNlIHwgQ0xPU0VfU0FJTD1mYWxzZSB8IE9QRU5fU0FJTD1mYWxzZSB8IFNBSUxPUlNfQVY9MTM=
 >>> 
UlVEREVSPWZhbHNlIHwgQ0xPU0VfU0FJTD1mYWxzZSB8IE9QRU5fU0FJTD1mYWxzZSB8IFNBSUxPUlNfQVY9MTM=
 >>> 
UlVEREVSPWZhbHNlIHwgQ0xPU0VfU0FJTD1mYWxzZSB8IE9QRU5fU0FJTD1mYWxzZSB8IFNBSUxPUlNfQVY9MTM=
 >>> 
UlVEREVSPWZhbHNlIHwgQ0xPU0VfU0FJTD1mYWxzZSB8IE9QRU5fU0FJTD1mYWxzZSB8IFNBSUxPUlNfQVY9MTM=
 >>> 
UlVEREVSPWZhbHNlIHwgQ0xPU0VfU0FJTD1mYWxzZSB8IE9QRU5fU0FJTD1mYWxzZSB8IFNBSUxPUlNfQVY9MTM=
 >>> 
UlVEREVSPWZhbHNlIHwgQ0xPU0VfU0FJTD1mYWxzZSB8IE9QRU5fU0FJTD1mYWxzZSB8IFNBSUxPUlNfQVY9MTM=
 >>> 
UlVEREVSPWZhbHNlIHwgQ0xPU0VfU0FJTD1mYWxzZSB8IE9QRU5fU0FJTD1mYWxzZSB8IFNBSUxPUlNfQVY9MTM=
 >>> 
UlVEREVSPWZhbHNlIHwgQ0xPU0VfU0FJTD1mYWxzZSB8IE9QRU5fU0FJTD1mYWxzZSB8IFNBSUxPUlNfQVY9MTM=
 >>> 
UlVEREVSPWZhbHNlIHwgQ0xPU0VfU0FJTD1mYWxzZSB8IE9QRU5fU0FJTD1mYWxzZSB8IFNBSUxPUlNfQVY9MTM=
 >>> 
UlVEREVSPWZhbHNlIHwgQ0xPU0VfU0FJTD1mYWxzZSB8IE9QRU5fU0FJTD1mYWxzZSB8IFNBSUxPUlNfQVY9MTM=
 >>> 
UlVEREVSPWZhbHNlIHwgQ0xPU0VfU0FJTD1mYWxzZSB8IE9QRU5fU0FJTD1mYWxzZSB8IFNBSUxPUlNfQVY9MTM=
 >>> 
UlVEREVSPWZhbHNlIHwgQ0xPU0VfU0FJTD1mYWxzZSB8IE9QRU5fU0FJTD1mYWxzZSB8IFNBSUxPUlNfQVY9MTM=
 >>> 
UlVEREVSPWZhbHNlIHwgQ0xPU0VfU0FJTD1mYWxzZSB8IE9QRU5fU0FJTD1mYWxzZSB8IFNBSUxPUlNfQVY9MTM=
 >>> 
UlVEREVSPWZhbHNlIHwgQ0xPU0VfU0FJTD1mYWxzZSB8IE9QRU5fU0FJTD1mYWxzZSB8IFNBSUxPUlNfQVY9MTM=
 >>> 
UlVEREVSPWZhbHNlIHwgQ0xPU0VfU0FJTD1mYWxzZSB8IE9QRU5fU0FJTD1mYWxzZSB8IFNBSUxPUlNfQVY9MTM=
 >>> 
UlVEREVSPXRydWUgfCBDTE9TRV9TQUlMPWZhbHNlIHwgT1BFTl9TQUlMPWZhbHNlIHwgU0FJTE9SU19BVj0xMw==
 >>> 
UlVEREVSPWZhbHNlIHwgQ0xPU0VfU0FJTD1mYWxzZSB8IE9QRU5fU0FJTD1mYWxzZSB8IFNBSUxPUlNfQVY9MTM=
 >>> 
UlVEREVSPXRydWUgfCBDTE9TRV9TQUlMPWZhbHNlIHwgT1BFTl9TQUlMPWZhbHNlIHwgU0FJTE9SU19BVj0xMw==
 >>> 
UlVEREVSPWZhbHNlIHwgQ0xPU0VfU0FJTD1mYWxzZSB8IE9QRU5fU0FJTD1mYWxzZSB8IFNBSUxPUlNfQVY9MTM=
 >>> 
UlVEREVSPWZhbHNlIHwgQ0xPU0VfU0FJTD1mYWxzZSB8IE9QRU5fU0FJTD1mYWxzZSB8IFNBSUxPUlNfQVY9MTM=
 >>> 
UlVEREVSPWZhbHNlIHwgQ0xPU0VfU0FJTD1mYWxzZSB8IE9QRU5fU0FJTD1mYWxzZSB8IFNBSUxPUlNfQVY9MTM=
 >>> 
UlVEREVSPXRydWUgfCBDTE9TRV9TQUlMPWZhbHNlIHwgT1BFTl9TQUlMPWZhbHNlIHwgU0FJTE9SU19BVj0xMw==
 >>> 
UlVEREVSPWZhbHNlIHwgQ0xPU0VfU0FJTD1mYWxzZSB8IE9QRU5fU0FJTD1mYWxzZSB8IFNBSUxPUlNfQVY9MTM=
 >>> 
UlVEREVSPWZhbHNlIHwgQ0xPU0VfU0FJTD1mYWxzZSB8IE9QRU5fU0FJTD1mYWxzZSB8IFNBSUxPUlNfQVY9MTM=
 >>> 
UlVEREVSPWZhbHNlIHwgQ0xPU0VfU0FJTD1mYWxzZSB8IE9QRU5fU0FJTD1mYWxzZSB8IFNBSUxPUlNfQVY9MTM=
 >>> 
UlVEREVSPWZhbHNlIHwgQ0xPU0VfU0FJTD1mYWxzZSB8IE9QRU5fU0FJTD1mYWxzZSB8IFNBSUxPUlNfQVY9MTM=
 >>> 
UlVEREVSPWZhbHNlIHwgQ0xPU0VfU0FJTD1mYWxzZSB8IE9QRU5fU0FJTD1mYWxzZSB8IFNBSUxPUlNfQVY9MTM=
 >>> 
UlVEREVSPWZhbHNlIHwgQ0xPU0VfU0FJTD1mYWxzZSB8IE9QRU5fU0FJTD1mYWxzZSB8IFNBSUxPUlNfQVY9MTM=
 >>> 
UlVEREVSPWZhbHNlIHwgQ0xPU0VfU0FJTD1mYWxzZSB8IE9QRU5fU0FJTD1mYWxzZSB8IFNBSUxPUlNfQVY9MTM=
 >>> 
UlVEREVSPWZhbHNlIHwgQ0xPU0VfU0FJTD1mYWxzZSB8IE9QRU5fU0FJTD1mYWxzZSB8IFNBSUxPUlNfQVY9MTM=
 >>> 
UlVEREVSPWZhbHNlIHwgQ0xPU0VfU0FJTD1mYWxzZSB8IE9QRU5fU0FJTD1mYWxzZSB8IFNBSUxPUlNfQVY9MTM=
 >>> 
UlVEREVSPWZhbHNlIHwgQ0xPU0VfU0FJTD1mYWxzZSB8IE9QRU5fU0FJTD1mYWxzZSB8IFNBSUxPUlNfQVY9MTM=
 >>> 
UlVEREVSPWZhbHNlIHwgQ0xPU0VfU0FJTD1mYWxzZSB8IE9QRU5fU0FJTD1mYWxzZSB8IFNBSUxPUlNfQVY9MTM=
 >>> 
UlVEREVSPWZhbHNlIHwgQ0xPU0VfU0FJTD1mYWxzZSB8IE9QRU5fU0FJTD1mYWxzZSB8IFNBSUxPUlNfQVY9MTM=
 >>> 
UlVEREVSPWZhbHNlIHwgQ0xPU0VfU0FJTD1mYWxzZSB8IE9QRU5fU0FJTD1mYWxzZSB8IFNBSUxPUlNfQVY9MTM=
 >>> 
UlVEREVSPWZhbHNlIHwgQ0xPU0VfU0FJTD1mYWxzZSB8IE9QRU5fU0FJTD1mYWxzZSB8IFNBSUxPUlNfQVY9MTM=
 >>> 
UlVEREVSPWZhbHNlIHwgQ0xPU0VfU0FJTD1mYWxzZSB8IE9QRU5fU0FJTD1mYWxzZSB8IFNBSUxPUlNfQVY9MTM=
 >>> 
UlVEREVSPWZhbHNlIHwgQ0xPU0VfU0FJTD1mYWxzZSB8IE9QRU5fU0FJTD1mYWxzZSB8IFNBSUxPUlNfQVY9MTM=
 >>> 
UlVEREVSPWZhbHNlIHwgQ0xPU0VfU0FJTD1mYWxzZSB8IE9QRU5fU0FJTD1mYWxzZSB8IFNBSUxPUlNfQVY9MTM=
 >>> 
UlVEREVSPWZhbHNlIHwgQ0xPU0VfU0FJTD1mYWxzZSB8IE9QRU5fU0FJTD1mYWxzZSB8IFNBSUxPUlNfQVY9MTM=
 >>> 
UlVEREVSPWZhbHNlIHwgQ0xPU0VfU0FJTD1mYWxzZSB8IE9QRU5fU0FJTD1mYWxzZSB8IFNBSUxPUlNfQVY9MTM=
 >>> 
