-Sailor n°20 moves +1/+1
-Sailor n°20 turned the rudder with an angle of +9
-Sailor n°12 uses the watch
-Sailor n°15 moves +1/+1
-Sailor n°15 rows.
-Sailor n°14 moves +2/+0
-Sailor n°16 m...
-Sailor n°12 uses the watch
-Sailor n°20 moves +0/-1
-Sailor n°20 rows.
-Sailor n°15 rows.
-Sailor n°14 moves +0/+2
-Sailor n°14 rows.
-Sailor n°16 moves +1/+0
-Sailor n°16 rows.
-Sailor ...
-Sailor n°12 uses the watch
-Sailor n°20 rows.
-Sailor n°15 rows.
-Sailor n°14 rows.
-Sailor n°16 rows.
-Sailor n°13 rows.
-Sailor n°17 rows.
-Sailor n°19 rows.
-Sailor n°18 rows.
-Sailor...
-Sailor n°12 uses the watch
-Sailor n°20 rows.
-Sailor n°15 rows.
-Sailor n°14 rows.
-Sailor n°16 rows.
-Sailor n°13 rows.
-Sailor n°17 rows.
-Sailor n°19 rows.
-Sailor n°18 rows.
-Sailor...
-Sailor n°12 uses the watch
-Sailor n°20 rows.
-Sailor n°15 rows.
-Sailor n°14 rows.
-Sailor n°16 rows.
-Sailor n°13 rows.
-Sailor n°17 rows.
-Sailor n°19 rows.
-Sailor n°18 rows.
-Sailor...
-Sailor n°12 uses the watch
-Sailor n°20 rows.
-Sailor n°15 rows.
-Sailor n°14 rows.
-Sailor n°16 rows.
-Sailor n°13 rows.
-Sailor n°17 rows.
-Sailor n°19 rows.
-Sailor n°18 rows.
-Sailor...
-Sailor n°12 uses the watch
-Sailor n°20 rows.
-Sailor n°15 rows.
-Sailor n°14 rows.
-Sailor n°16 rows.
-Sailor n°13 rows.
-Sailor n°17 rows.
-Sailor n°19 rows.
-Sailor n°18 rows.
-Sailor...
-Sailor n°12 uses the watch
-Sailor n°20 moves -1/+0
-Sailor n°20 rows.
-Sailor n°15 rows.
-Sailor n°14 moves +1/-1
-Sailor n°14 turned the rudder with an angle of +3
-Sailor n°16 moves -...
-Sailor n°12 uses the watch
-Sailor n°20 moves +1/+0
-Sailor n°20 rows.
-Sailor n°15 rows.
-Sailor n°14 moves -1/+1
-Sailor n°14 rows.
-Sailor n°16 moves +1/+0
-Sailor n°16 rows.
-Sailor ...
-Sailor n°12 uses the watch
-Sailor n°15 moves -1/-2
-Sailor n°15 rows.
-Sailor n°14 moves +1/-1
-Sailor n°14 turned the rudder with an angle of +6
-Sailor n°13 rows.
-Sailor n°11 lowered...
-Sailor n°12 uses the watch
-Sailor n°15 rows.
-Sailor n°14 moves -1/-1
-Sailor n°14 rows.
-Sailor n°16 moves +0/-2
-Sailor n°16 rows.
-Sailor n°13 rows.
-Sailor n°17 moves +1/+0
-Sailor ...
-Sailor n°12 uses the watch
-Sailor n°20 moves -1/+0
-Sailor n°20 rows.
-Sailor n°15 moves +1/+2
-Sailor n°15 rows.
-Sailor n°14 moves +1/+1
-Sailor n°14 turned the rudder with an angle o...
