Init game input:
>Boat:
>>Position X: 4337.431693989066
>>Position Y: 751.0148849797026
>>Angle: 1.4835298641951802
>>Life: 750
>>Checkpoint number: 1
>>Next Checkpoint :
>>>X: 4576.502732240426
>>>Y:
> Wind, Orientation : 0.0, strength : 0.0

Capichef order :
Turn of -0.04238844679583864° sailors !

Obj : x=4577 y:2585
> Wind, Orientation : 0.0, strength : 0.0

Capichef order :
Turn of -0.0020969164313264788° sailors !

Obj : x=4577 y:2585
> Wind, Orientation : 0.0, strength : 0.0

Capichef order :
Turn of -1.1501659271129228E-4° sailors !

Obj : x=4577 y:2585
> Wind, Orientation : 0.0, strength : 0.0

Capichef order :
Turn of -7.077412498057711E-6° sailors !

Obj : x=4577 y:2585
> Wind, Orientation : 0.0, strength : 0.0

Capichef order :
Turn of -4.959288910644233E-7° sailors !

Obj : x=4577 y:2585
> Wind, Orientation : 0.0, strength : 0.0

Capichef order :
Turn of -4.034952461040575E-8° sailors !

Obj : x=4577 y:2585
> Wind, Orientation : 0.0, strength : 0.0

Capichef order :
Turn of -3.9133918328104755E-9° sailors !

Obj : x=4577 y:2585
> Wind, Orientation : 0.0, strength : 0.0

Capichef order :
Turn of 0.013877541913511537° sailors !

Obj : x=4577 y:2585
> Wind, Orientation : 0.0, strength : 0.0

Capichef order :
Turn of 0.007650063939218743° sailors !

Obj : x=4577 y:2585
> Wind, Orientation : 0.0, strength : 0.0

Capichef order :
Turn of 0.0017579385968196082° sailors !

Obj : x=4577 y:2585
> Wind, Orientation : 0.0, strength : 0.0

Capichef order :
Turn of 7.412742437926667E-4° sailors !

Obj : x=4577 y:2585
> Wind, Orientation : 0.0, strength : 0.0

Capichef order :
Turn of 0.3956171681662659° sailors !

Obj : x=4173 y:3904
> Wind, Orientation : 0.0, strength : 0.0

Capichef order :
Turn of 0.0029263215398038778° sailors !

Obj : x=4173 y:3904
> Wind, Orientation : 0.0, strength : 0.0

Capichef order :
Turn of 1.9910367857955968E-4° sailors !

Obj : x=4173 y:3904
> Wind, Orientation : 0.0, strength : 0.0

Capichef order :
Turn of 1.565616808663073E-5° sailors !

Obj : x=4173 y:3904
> Wind, Orientation : 0.0, strength : 0.0

Capichef order :
Turn of 1.458141627219689E-6° sailors !

Obj : x=4173 y:3904
> Wind, Orientation : 0.0, strength : 0.0

Capichef order :
Turn of 1.6651398793143812E-7° sailors !

Obj : x=4173 y:3904
> Wind, Orientation : 0.0, strength : 0.0

Capichef order :
Turn of 2.4571648049587225E-8° sailors !

Obj : x=4173 y:3904
> Wind, Orientation : 0.0, strength : 0.0

Capichef order :
Turn of 5.122850366134912E-9° sailors !

Obj : x=4173 y:3904
> Wind, Orientation : 0.0, strength : 0.0

Capichef order :
Turn of 1.8189920680811156E-9° sailors !

Obj : x=4173 y:3904
> Wind, Orientation : 0.0, strength : 0.0

Capichef order :
Turn of 2.1756181300958133E-9° sailors !

Obj : x=4173 y:3904
> Wind, Orientation : 0.0, strength : 0.0

Capichef order :
Turn of -0.644583385159013° sailors !

Obj : x=4577 y:5162
> Wind, Orientation : 0.0, strength : 0.0

Capichef order :
Turn of -0.010752019628356368° sailors !

Obj : x=4577 y:5162
> Wind, Orientation : 0.0, strength : 0.0

Capichef order :
Turn of -8.607882207416484E-4° sailors !

Obj : x=4577 y:5162
> Wind, Orientation : 0.0, strength : 0.0

Capichef order :
Turn of -8.189728618246406E-5° sailors !

Obj : x=4577 y:5162
> Wind, Orientation : 0.0, strength : 0.0

Capichef order :
Turn of -9.600656113661898E-6° sailors !

Obj : x=4577 y:5162
> Wind, Orientation : 0.0, strength : 0.0

Capichef order :
Turn of -1.4657073401647125E-6° sailors !

Obj : x=4577 y:5162
> Wind, Orientation : 0.0, strength : 0.0

Capichef order :
Turn of -3.207245304892581E-7° sailors !

Obj : x=4577 y:5162
> Wind, Orientation : 0.0, strength : 0.0

Capichef order :
Turn of -1.2384189407299573E-7° sailors !

Obj : x=4577 y:5162
> Wind, Orientation : 0.0, strength : 0.0

Capichef order :
Turn of -2.356194490192345° sailors !

Obj : x=4173 y:3904
> Wind, Orientation : 0.0, strength : 0.0

Capichef order :
Turn of -0.13387265947383398° sailors !

Obj : x=4980 y:3904
> Wind, Orientation : 0.0, strength : 0.0

Capichef order :
Turn of -0.010120789655124529° sailors !

Obj : x=4980 y:3904
> Wind, Orientation : 0.0, strength : 0.0

Capichef order :
Turn of -9.014115443546356E-4° sailors !

Obj : x=4980 y:3904
