Welcome to the log of OceanShadows
Starting the game
Liste des checkpoints :
Position: (4576.502732240426,2584.573748308526), Orientation : 0.0, Shape: Type : circle, Radius : 100.0
Position: (4576.502732240433,5162.381596752373), Orientation : 0.0, Shape: Type : circle, Radius : 100.0
Position: (4576.502732240432,-872.8010825439787), Orientation : 0.0, Shape: Type : circle, Radius : 100.0
NextRound 0 : 
{"ship":{"type":"ship","position":{"x":6571.038251366118,"y":1738.8362652232745,"orientation":2.792526803190927},"name":"oceanshadows","deck":{"width":3,"length":5},"entities":[{"x":2,"y":1,"type":"sa
Détection d'un bateau à éviter

Détection d'un bateau à éviter

Procédure d'évitement d'un récif
Position actuelle (6571.038251366118,1738.8362652232745), Orientation : 2.792526803190927
Checkpoint visé Position: (4576.502732240426,2584.573748308526), Orientation : 0.0, Shape: Type : circle, Radius : 100.0
Recif à éviter Type : reef, Position : (4972.9403944927135,2223.7154094348275), Orientation : 0.0, Shape : Type : circle, Radius : 250.0
Checkpoint temporaire Position: (4412.774993866254,1918.0776351974196), Orientation : 2.792526803190927, Shape: Type : circle, Radius : 100.0

Les actions : 
[sailorId : 164, Type : MOVING to (1.0, 0.0), sailorId : 164, Type : TURN, Rotation : 0.2662071058366779, sailorId : 155, Type : USE_WATCH, sailorId : 159, Type : OAR, sailorId : 157, T
NextRound 1 : 
{"ship":{"type":"ship","position":{"x":6410.393580559583,"y":1774.303253970328,"orientation":3.058733909027596},"name":"oceanshadows","deck":{"width":3,"length":5},"entities":[{"x":2,"y":1,"type":"sai
Détection d'un bateau à éviter

Détection d'un bateau à éviter

Détection d'un bateau à éviter

Détection d'un bateau à éviter

Les actions : 
[sailorId : 164, Type : TURN, Rotation : -0.3331814131302571, sailorId : 155, Type : USE_WATCH, sailorId : 159, Type : OAR, sailorId : 157, Type : OAR, sailorId : 162, Type : OAR, sailo
NextRound 2 : 
{"ship":{"type":"ship","position":{"x":6251.171728323461,"y":1814.5835619793545,"orientation":2.725552495897339},"name":"oceanshadows","deck":{"width":3,"length":5},"entities":[{"x":2,"y":1,"type":"sa
Détection d'un bateau à éviter

Détection d'un bateau à éviter

Détection d'un bateau à éviter

Détection d'un bateau à éviter

Détection d'un bateau à éviter

Détection d'un bateau à éviter

Détection d'un bateau à éviter

Détection d'un bateau à éviter

Détection d'un bateau à éviter

Détection d'un bateau à éviter

Détection d'un bateau à éviter

Détection d'un bateau à éviter

Détection d'un bateau à éviter

Détection d'un bateau à éviter

Détection d'un bateau à éviter

Détection d'un bateau à éviter

Détection d'un bateau à éviter

Procédure d'évitement d'un récif
Position actuelle (6251.171728323461,1814.5835619793545), Orientation : 2.725552495897339
Checkpoint visé Position: (4576.502732240426,2584.573748308526), Orientation : 0.0, Shape: Type : circle, Radius : 100.0
Recif à éviter Type : reef, Position : (6207.907702246477,1637.174241560194), Orientation : 0.0, Shape : Type : circle, Radius : 250.0
Checkpoint temporaire Position: (6217.075987294532,1824.1949175941616), Orientation : 2.725552495897339, Shape: Type : circle, Radius : 100.0

Les actions : 
[sailorId : 164, Type : TURN, Rotation : -0.02416273659082495, sailorId : 155, Type : USE_WATCH, sailorId : 159, Type : OAR, sailorId : 157, Type : OAR, sailorId : 162, Type : OAR, sail
NextRound 3 : 
{"ship":{"type":"ship","position":{"x":6101.058812524204,"y":1883.0655894491572,"orientation":2.7013897593065344},"name":"oceanshadows","deck":{"width":3,"length":5},"entities":[{"x":2,"y":1,"type":"s
Détection d'un bateau à éviter

Détection d'un bateau à éviter

Détection d'un bateau à éviter

Détection d'un bateau à éviter

Détection d'un bateau à éviter

Détection d'un bateau à éviter

Détection d'un bateau à éviter

Détection d'un bateau à éviter

Détection d'un bateau à éviter

Détection d'un bateau à éviter

Détection d'un bateau à éviter

Détection d'un bateau à éviter

Détection d'un bateau à éviter

Détection d'un bateau à éviter

Détection d'un bateau à éviter

Détection d'un bateau à éviter

Détection d'un bateau à éviter

Détection d'un bateau à éviter

Détection d'un bateau à éviter

Détection d'un bateau à éviter

Détection d'un bateau à éviter

Détection d'un bateau à éviter

Détection d'un bateau à éviter

Détection d'un bateau à éviter

Procédure d'évitement d'un récif
Position actuelle (6101.058812524204,1883.0655894491572), Orientation : 2.7013897593065344
Checkpoint visé Position: (4576.502732240426,2584.573748308526), Orientation : 0.0, Shape: Type : circle, Radius : 100.0
Recif à éviter Type : reef, Position : (5147.566411706794,2516.688586993959), Orientation : 0.0, Shape : Type : circle, Radius : 250.0
Checkpoint temporaire Position: (4485.532493891969,2337.443903943893), Orientation : 2.7013897593065344, Shape: Type : circle, Radius : 100.0

Procédure d'évitement d'un récif
Position actuelle (6101.058812524204,1883.0655894491572), Orientation : 2.7013897593065344
Checkpoint visé Position: (4485.532493891969,2337.443903943893), Orientation : 2.7013897593065344, Shape: Type : circle, Radius : 100.0
Recif à éviter Type : reef, Position : (5077.973223248112,2016.9527859731086), Orientation : 0.0, Shape : Type : circle, Radius : 250.0
Checkpoint temporaire Position: (4455.579285369788,1557.827843852697), Orientation : 2.7013897593065344, Shape: Type : circle, Radius : 100.0

Les actions : 
[sailorId : 164, Type : TURN, Rotation : 0.635342919365202, sailorId : 155, Type : USE_WATCH, sailorId : 159, Type : OAR, sailorId : 157, Type : OAR, sailorId : 162, Type : OAR, sailorI
NextRound 4 : 
{"ship":{"type":"ship","position":{"x":5940.099944656845,"y":1903.4066908902428,"orientation":3.336732678671735},"name":"oceanshadows","deck":{"width":3,"length":5},"entities":[{"x":2,"y":1,"type":"sa
Détection d'un bateau à éviter

Détection d'un bateau à éviter

Détection d'un bateau à éviter

Détection d'un bateau à éviter

Détection d'un bateau à éviter

Détection d'un bateau à éviter

Les actions : 
[sailorId : 164, Type : TURN, Rotation : -0.6584170461833665, sailorId : 155, Type : USE_WATCH, sailorId : 159, Type : OAR, sailorId : 157, Type : OAR, sailorId : 162, Type : OAR, sailo
NextRound 5 : 
{"ship":{"type":"ship","position":{"x":5779.447579239076,"y":1924.5368276892814,"orientation":2.6783156324883666},"name":"oceanshadows","deck":{"width":3,"length":5},"entities":[{"x":2,"y":1,"type":"s
Détection d'un bateau à éviter

Détection d'un bateau à éviter

Détection d'un bateau à éviter

Détection d'un bateau à éviter

