Init game input:
>Boat:
>>Position X: 2852.173913043478
>>Position Y: 1978.827361563518
>>Angle: 0.0
>>Life: 1200
>>Checkpoint number: 1
>>Next Checkpoint :
>>>X: 4436.633252268803
>>>Y: 1079.32036270
Next Round:
>Boat :
>>Position X: 2852.173913043478
>>Position Y: 1978.827361563518
>>Angle: 0.0
>>Life:1200
>>Checkpoint number: 1
>>Next Checkpoint :
>>>X: 4436.633252268803
>>>Y: 1079.3203627079859
Capichef order :
BOOM BOOM ! Forward sailors !

Next Round:
>Boat :
>>Position X: 3017.173913043487
>>Position Y: 1978.827361563518
>>Angle: 0.0
>>Life:1200
>>Checkpoint number: 1
>>Next Checkpoint :
>>>X: 4436.633252268803
>>>Y: 1079.3203627079859
Capichef order :
BOOM BOOM ! Forward sailors !

Next Round:
>Boat :
>>Position X: 3157.9214490706054
>>Position Y: 1951.1181156999141
>>Angle: -0.3926990816987236
>>Life:1200
>>Checkpoint number: 1
>>Next Checkpoint :
>>>X: 4436.633252268803
>>>Y: 
Capichef order :
BOOM BOOM ! Forward sailors !

Next Round:
>Boat :
>>Position X: 3277.3513475421237
>>Position Y: 1871.656360401421
>>Angle: -0.7853981633974455
>>Life:1200
>>Checkpoint number: 1
>>Next Checkpoint :
>>>X: 4436.633252268803
>>>Y: 1
Capichef order :
BOOM BOOM ! Forward sailors !

Next Round:
>Boat :
>>Position X: 3357.2814890504774
>>Position Y: 1752.539427589627
>>Angle: -1.1780972450961675
>>Life:1200
>>Checkpoint number: 1
>>Next Checkpoint :
>>>X: 4436.633252268803
>>>Y: 1
Capichef order :
BOOM BOOM ! Forward sailors !

Next Round:
>Boat :
>>Position X: 3385.5432341195574
>>Position Y: 1611.9017904874427
>>Angle: -1.5707963267948895
>>Life:1200
>>Checkpoint number: 1
>>Next Checkpoint :
>>>X: 4436.633252268803
>>>Y: 
Capichef order :
Turn of 1.5707963267948966° sailors !

Next Round:
>Boat :
>>Position X: 3417.6791983486582
>>Position Y: 1563.1881712333588
>>Angle: -0.3926990816987185
>>Life:1200
>>Checkpoint number: 1
>>Next Checkpoint :
>>>X: 4436.633252268803
>>>Y: 
Capichef order :
BOOM BOOM ! Forward sailors !

Next Round:
>Boat :
>>Position X: 3537.1090968201775
>>Position Y: 1483.7264159348663
>>Angle: -0.7853981633974404
>>Life:1200
>>Checkpoint number: 1
>>Next Checkpoint :
>>>X: 4436.633252268803
>>>Y: 
Capichef order :
BOOM BOOM ! Forward sailors !

Next Round:
>Boat :
>>Position X: 3617.039238328531
>>Position Y: 1364.6094831230726
>>Angle: -1.1780972450961624
>>Life:1200
>>Checkpoint number: 1
>>Next Checkpoint :
>>>X: 4436.633252268803
>>>Y: 1
Capichef order :
BOOM BOOM ! Forward sailors !

Next Round:
>Boat :
>>Position X: 3645.300983397611
>>Position Y: 1223.9718460208883
>>Angle: -1.5707963267948843
>>Life:1200
>>Checkpoint number: 1
>>Next Checkpoint :
>>>X: 4436.633252268803
>>>Y: 1
Capichef order :
Turn of 1.5707963267948966° sailors !

Next Round:
>Boat :
>>Position X: 3677.4369476267125
>>Position Y: 1175.2582267668045
>>Angle: -0.39269908169871337
>>Life:1200
>>Checkpoint number: 1
>>Next Checkpoint :
>>>X: 4436.633252268803
>>>Y:
Capichef order :
BOOM BOOM ! Forward sailors !

Next Round:
>Boat :
>>Position X: 3796.8668460982326
>>Position Y: 1095.796471468312
>>Angle: -0.7853981633974353
>>Life:1200
>>Checkpoint number: 1
>>Next Checkpoint :
>>>X: 4436.633252268803
>>>Y: 1
Capichef order :
BOOM BOOM ! Forward sailors !

Next Round:
>Boat :
>>Position X: 3876.7969876065863
>>Position Y: 976.6795386565194
>>Angle: -1.1780972450961573
>>Life:1200
>>Checkpoint number: 1
>>Next Checkpoint :
>>>X: 4436.633252268803
>>>Y: 1
Capichef order :
Turn of 1.5707963267948966° sailors !

Next Round:
>Boat :
>>Position X: 3925.128642234447
>>Position Y: 943.9719239666775
>>Angle: 1.5629858518551032E-14
>>Life:1200
>>Checkpoint number: 1
>>Next Checkpoint :
>>>X: 4436.633252268803
>>>Y:
Capichef order :
BOOM BOOM ! Forward sailors !

Next Round:
>Boat :
>>Position X: 4065.876178261565
>>Position Y: 916.2626781030756
>>Angle: -0.39269908169870793
>>Life:1200
>>Checkpoint number: 1
>>Next Checkpoint :
>>>X: 4436.633252268803
>>>Y: 1
Capichef order :
Turn of 1.5707963267948966° sailors !

Next Round:
>Boat :
>>Position X: 4123.179595138515
>>Position Y: 927.3105426927783
>>Angle: 0.785398163397465
>>Life:1200
>>Checkpoint number: 1
>>Next Checkpoint :
>>>X: 4436.633252268803
>>>Y: 1079
Capichef order :
BOOM BOOM ! Forward sailors !

Next Round:
>Boat :
>>Position X: 4242.296527950301
>>Position Y: 1007.240684201135
>>Angle: 0.3926990816987431
>>Life:1200
>>Checkpoint number: 1
>>Next Checkpoint :
>>>X: 4436.633252268803
>>>Y: 107
Capichef order :
BOOM BOOM ! Forward sailors !

Next Round:
>Boat :
>>Position X: 4382.934165052486
>>Position Y: 1035.502429270218
>>Angle: 1.9532986339498848E-14
>>Life:1200
>>Checkpoint number: 1
>>Next Checkpoint :
>>>X: 4436.633252268803
>>>Y:
Capichef order :
Turn of 1.5707963267948966° sailors !

Next Round:
>Boat :
>>Position X: 4431.64778430657
>>Position Y: 1067.6383934993205
>>Angle: 1.1780972450961924
>>Life:1200
>>Checkpoint number: 2
>>Next Checkpoint :
>>>X: 1823.1804970638823
>>>Y: 37
Capichef order :
Turn of 1.5707963267948966° sailors !

Next Round:
>Boat :
>>Position X: 4420.599919716868
>>Position Y: 1124.9418103762714
>>Angle: 2.356194490192365
>>Life:1200
>>Checkpoint number: 2
>>Next Checkpoint :
>>>X: 1823.1804970638823
>>>Y: 37
Capichef order :
BOOM BOOM ! Forward sailors !

Next Round:
>Boat :
>>Position X: 4340.66977820851
>>Position Y: 1244.058743188065
>>Angle: 1.963495408493623
>>Life:1200
>>Checkpoint number: 2
>>Next Checkpoint :
>>>X: 1823.1804970638823
>>>Y: 3737
Capichef order :
BOOM BOOM ! Forward sailors !

Next Round:
>Boat :
>>Position X: 4312.408033139429
>>Position Y: 1384.6963802902494
>>Angle: 1.570796326794901
>>Life:1200
>>Checkpoint number: 2
>>Next Checkpoint :
>>>X: 1823.1804970638823
>>>Y: 37
Capichef order :
BOOM BOOM ! Forward sailors !

Next Round:
>Boat :
>>Position X: 4340.117279003031
>>Position Y: 1525.4439163173708
>>Angle: 1.178097245096179
>>Life:1200
>>Checkpoint number: 2
>>Next Checkpoint :
>>>X: 1823.1804970638823
>>>Y: 37
Capichef order :
Turn of 1.5707963267948966° sailors !

Next Round:
>Boat :
>>Position X: 4329.0694144133295
>>Position Y: 1582.7473331943218
>>Angle: 2.3561944901923515
>>Life:1200
>>Checkpoint number: 2
>>Next Checkpoint :
>>>X: 1823.1804970638823
>>>Y: 
Capichef order :
BOOM BOOM ! Forward sailors !

Next Round:
>Boat :
>>Position X: 4249.139272904975
>>Position Y: 1701.864266006116
>>Angle: 1.9634954084936096
>>Life:1200
>>Checkpoint number: 2
>>Next Checkpoint :
>>>X: 1823.1804970638823
>>>Y: 37
Capichef order :
BOOM BOOM ! Forward sailors !

Next Round:
>Boat :
>>Position X: 4220.877527835895
>>Position Y: 1842.5019031083007
>>Angle: 1.5707963267948877
>>Life:1200
>>Checkpoint number: 2
>>Next Checkpoint :
>>>X: 1823.1804970638823
>>>Y: 3
Capichef order :
BOOM BOOM ! Forward sailors !

Next Round:
>Boat :
>>Position X: 4248.586773699501
>>Position Y: 1983.2494391354217
>>Angle: 1.1780972450961658
>>Life:1200
>>Checkpoint number: 2
>>Next Checkpoint :
>>>X: 1823.1804970638823
>>>Y: 3
Capichef order :
Turn of 1.5707963267948966° sailors !

Next Round:
>Boat :
>>Position X: 4237.538909109799
>>Position Y: 2040.5528560123726
>>Angle: 2.356194490192338
>>Life:1200
>>Checkpoint number: 2
>>Next Checkpoint :
>>>X: 1823.1804970638823
>>>Y: 37
Capichef order :
BOOM BOOM ! Forward sailors !

Next Round:
>Boat :
>>Position X: 4157.608767601444
>>Position Y: 2159.6697888241683
>>Angle: 1.9634954084935963
>>Life:1200
>>Checkpoint number: 2
>>Next Checkpoint :
>>>X: 1823.1804970638823
>>>Y: 3
Capichef order :
BOOM BOOM ! Forward sailors !

Next Round:
>Boat :
>>Position X: 4129.347022532365
>>Position Y: 2300.3074259263503
>>Angle: 1.5707963267948744
>>Life:1200
>>Checkpoint number: 2
>>Next Checkpoint :
>>>X: 1823.1804970638823
>>>Y: 3
Capichef order :
BOOM BOOM ! Forward sailors !

Next Round:
>Boat :
>>Position X: 4157.056268395974
>>Position Y: 2441.0549619534672
>>Angle: 1.1780972450961524
>>Life:1200
>>Checkpoint number: 2
>>Next Checkpoint :
>>>X: 1823.1804970638823
>>>Y: 3
Capichef order :
Turn of 1.5707963267948966° sailors !

Next Round:
>Boat :
>>Position X: 4146.008403806274
>>Position Y: 2498.3583788304163
>>Angle: 2.356194490192325
>>Life:1200
>>Checkpoint number: 2
>>Next Checkpoint :
>>>X: 1823.1804970638823
>>>Y: 37
Capichef order :
BOOM BOOM ! Forward sailors !

Next Round:
>Boat :
>>Position X: 4066.078262297926
>>Position Y: 2617.4753116422116
>>Angle: 1.963495408493583
>>Life:1200
>>Checkpoint number: 2
>>Next Checkpoint :
>>>X: 1823.1804970638823
>>>Y: 37
Capichef order :
BOOM BOOM ! Forward sailors !

Next Round:
>Boat :
>>Position X: 4037.8165172288495
>>Position Y: 2758.112948744395
>>Angle: 1.570796326794861
>>Life:1200
>>Checkpoint number: 2
>>Next Checkpoint :
>>>X: 1823.1804970638823
>>>Y: 37
Capichef order :
Turn of 1.5707963267948966° sailors !

Next Round:
>Boat :
>>Position X: 4005.6805529997505
>>Position Y: 2806.8265679984797
>>Angle: 2.748893571891041
>>Life:1200
>>Checkpoint number: 2
>>Next Checkpoint :
>>>X: 1823.1804970638823
>>>Y: 3
Capichef order :
BOOM BOOM ! Forward sailors !

Next Round:
>Boat :
>>Position X: 3886.250654528235
>>Position Y: 2886.288323296977
>>Angle: 2.356194490192297
>>Life:1200
>>Checkpoint number: 2
>>Next Checkpoint :
>>>X: 1823.1804970638823
>>>Y: 373
Capichef order :
BOOM BOOM ! Forward sailors !

Next Round:
>Boat :
>>Position X: 3806.320513019886
>>Position Y: 3005.405256108774
>>Angle: 1.963495408493555
>>Life:1200
>>Checkpoint number: 2
>>Next Checkpoint :
>>>X: 1823.1804970638823
>>>Y: 373
Capichef order :
BOOM BOOM ! Forward sailors !

Next Round:
>Boat :
>>Position X: 3778.0587679508135
>>Position Y: 3146.0428932109576
>>Angle: 1.570796326794833
>>Life:1200
>>Checkpoint number: 2
>>Next Checkpoint :
>>>X: 1823.1804970638823
>>>Y: 3
Capichef order :
Turn of 1.5707963267948966° sailors !

Next Round:
>Boat :
>>Position X: 3745.9228037217163
>>Position Y: 3194.756512465044
>>Angle: 2.748893571891013
>>Life:1200
>>Checkpoint number: 2
>>Next Checkpoint :
>>>X: 1823.1804970638823
>>>Y: 37
Capichef order :
BOOM BOOM ! Forward sailors !

Next Round:
>Boat :
>>Position X: 3626.492905250202
>>Position Y: 3274.2182677635465
>>Angle: 2.356194490192269
>>Life:1200
>>Checkpoint number: 2
>>Next Checkpoint :
>>>X: 1823.1804970638823
>>>Y: 37
Capichef order :
BOOM BOOM ! Forward sailors !

Next Round:
>Boat :
>>Position X: 3546.562763741857
>>Position Y: 3393.3352005753463
>>Angle: 1.963495408493527
>>Life:1200
>>Checkpoint number: 2
>>Next Checkpoint :
>>>X: 1823.1804970638823
>>>Y: 37
Capichef order :
BOOM BOOM ! Forward sailors !

Next Round:
>Boat :
>>Position X: 3518.301018672788
>>Position Y: 3533.97283767753
>>Angle: 1.570796326794805
>>Life:1200
>>Checkpoint number: 2
>>Next Checkpoint :
>>>X: 1823.1804970638823
>>>Y: 3737
Capichef order :
Turn of 1.5707963267948966° sailors !

Next Round:
>Boat :
>>Position X: 3486.165054443691
>>Position Y: 3582.6864569316176
>>Angle: 2.748893571890985
>>Life:1200
>>Checkpoint number: 2
>>Next Checkpoint :
>>>X: 1823.1804970638823
>>>Y: 37
Capichef order :
BOOM BOOM ! Forward sailors !

Next Round:
>Boat :
>>Position X: 3366.7351559721787
>>Position Y: 3662.148212230122
>>Angle: 2.356194490192241
>>Life:1200
>>Checkpoint number: 2
>>Next Checkpoint :
>>>X: 1823.1804970638823
>>>Y: 37
Capichef order :
BOOM BOOM ! Forward sailors !

Next Round:
>Boat :
>>Position X: 3286.8050144638364
>>Position Y: 3781.265145041924
>>Angle: 1.963495408493499
>>Life:1200
>>Checkpoint number: 2
>>Next Checkpoint :
>>>X: 1823.1804970638823
>>>Y: 37
Capichef order :
Turn of 1.5707963267948966° sailors !

Next Round:
>Boat :
>>Position X: 3238.4733598359794
>>Position Y: 3813.972759731773
>>Angle: 3.141592653589686
>>Life:1200
>>Checkpoint number: 2
>>Next Checkpoint :
>>>X: 1823.1804970638823
>>>Y: 37
Capichef order :
BOOM BOOM ! Forward sailors !

Next Round:
>Boat :
>>Position X: 3097.725823808866
>>Position Y: 3841.682005595393
>>Angle: 2.748893571890942
>>Life:1200
>>Checkpoint number: 2
>>Next Checkpoint :
>>>X: 1823.1804970638823
>>>Y: 373
Capichef order :
BOOM BOOM ! Forward sailors !

Next Round:
>Boat :
>>Position X: 2978.2959253373574
>>Position Y: 3921.1437608939023
>>Angle: 2.356194490192198
>>Life:1200
>>Checkpoint number: 2
>>Next Checkpoint :
>>>X: 1823.1804970638823
>>>Y: 3
Capichef order :
BOOM BOOM ! Forward sailors !

Next Round:
>Boat :
>>Position X: 2898.365783829019
>>Position Y: 4040.2606937057094
>>Angle: 1.963495408493456
>>Life:1200
>>Checkpoint number: 2
>>Next Checkpoint :
>>>X: 1823.1804970638823
>>>Y: 37
Capichef order :
Turn of 1.5707963267948966° sailors !

Next Round:
>Boat :
>>Position X: 2850.0341292011626
>>Position Y: 4072.96830839556
>>Angle: 3.141592653589643
>>Life:1200
>>Checkpoint number: 2
>>Next Checkpoint :
>>>X: 1823.1804970638823
>>>Y: 373
