INITIALIZATION PROCESS >>>
DONE
NEXT INPUT >>> 
Rudder? true
Close Sail? false, Open sail? true
Sailors available? 10
NEXT INPUT >>> 
Rudder? true
Close Sail? false, Open sail? false
Sailors available? 10
NEXT INPUT >>> 
Rudder? true
Close Sail? false, Open sail? false
Sailors available? 10
NEXT INPUT >>> 
Rudder? true
Close Sail? false, Open sail? false
Sailors available? 10
NEXT INPUT >>> 
Rudder? true
Close Sail? false, Open sail? false
Sailors available? 10
NEXT INPUT >>> 
Rudder? true
Close Sail? false, Open sail? false
Sailors available? 10
NEXT INPUT >>> 
Rudder? true
Close Sail? false, Open sail? false
Sailors available? 10
NEXT INPUT >>> 
Rudder? true
Close Sail? false, Open sail? false
Sailors available? 10
NEXT INPUT >>> 
Rudder? true
Close Sail? false, Open sail? false
Sailors available? 10
NEXT INPUT >>> 
Rudder? true
Close Sail? true, Open sail? false
Sailors available? 10
NEXT INPUT >>> 
Rudder? true
Close Sail? false, Open sail? true
Sailors available? 10
NEXT INPUT >>> 
Rudder? true
Close Sail? false, Open sail? false
Sailors available? 10
NEXT INPUT >>> 
Rudder? true
Close Sail? true, Open sail? false
Sailors available? 10
NEXT INPUT >>> 
Rudder? true
Close Sail? false, Open sail? false
Sailors available? 10
NEXT INPUT >>> 
Rudder? true
Close Sail? false, Open sail? false
Sailors available? 10
NEXT INPUT >>> 
Rudder? true
Close Sail? false, Open sail? false
Sailors available? 10
NEXT INPUT >>> 
Rudder? true
Close Sail? false, Open sail? false
Sailors available? 10
NEXT INPUT >>> 
Rudder? true
Close Sail? false, Open sail? false
Sailors available? 10
NEXT INPUT >>> 
Rudder? true
Close Sail? false, Open sail? false
Sailors available? 10
NEXT INPUT >>> 
Rudder? true
Close Sail? false, Open sail? false
Sailors available? 10
NEXT INPUT >>> 
Rudder? true
Close Sail? false, Open sail? false
Sailors available? 10
NEXT INPUT >>> 
Rudder? true
Close Sail? false, Open sail? false
Sailors available? 10
NEXT INPUT >>> 
Rudder? true
Close Sail? false, Open sail? false
Sailors available? 10
NEXT INPUT >>> 
Rudder? true
Close Sail? false, Open sail? false
Sailors available? 10
NEXT INPUT >>> 
Rudder? true
