Init game input:
>Boat:
>>Position X: 2852.173913043478
>>Position Y: 1978.827361563518
>>Angle: -1.0297442586766543
>>Life: 1050
>>Checkpoint number: 1
>>Next Checkpoint :
>>>X: 4138.730832374324
>>>
> Wind, Orientation : 0.0, strength : 100.0

Capichef order :
Turn of 0.10099164784415327° sailors !

> Wind, Orientation : 0.0, strength : 100.0

Capichef order :
Turn of 0.10758922899868906° sailors !

> Wind, Orientation : 0.0, strength : 100.0

Capichef order :
Turn of 0.11715016294524361° sailors !

> Wind, Orientation : 0.0, strength : 100.0

Capichef order :
Turn of 0.12856582144779316° sailors !

> Wind, Orientation : 0.0, strength : 100.0

Capichef order :
Turn of 0.1424298006707556° sailors !

> Wind, Orientation : 0.0, strength : 100.0

Capichef order :
Turn of 0.15831450337835362° sailors !

> Wind, Orientation : 0.0, strength : 100.0

Capichef order :
Turn of 0.1776944352291311° sailors !

> Wind, Orientation : 0.0, strength : 100.0

Capichef order :
Turn of 0.2026360805334465° sailors !

> Wind, Orientation : 0.0, strength : 100.0

Capichef order :
Turn of 0.23588462338146976° sailors !

> Wind, Orientation : 0.0, strength : 100.0

Capichef order :
Turn of 0.282289991338169° sailors !

> Wind, Orientation : 0.0, strength : 100.0

Capichef order :
Turn of 0.35119249493399396° sailors !

> Wind, Orientation : 0.0, strength : 100.0

Capichef order :
Turn of 0.03530573818655913° sailors !

> Wind, Orientation : 0.0, strength : 100.0

Capichef order :
Turn of 0.046395860793973176° sailors !

> Wind, Orientation : 0.0, strength : 100.0

Capichef order :
Turn of 0.07369379786877861° sailors !

> Wind, Orientation : 0.0, strength : 100.0

Capichef order :
Turn of 0.1782046054462758° sailors !

> Wind, Orientation : 0.0, strength : 100.0

Capichef order :
Turn of 2.356194490192345° sailors !

> Wind, Orientation : 0.0, strength : 100.0

Capichef order :
Turn of 1.9250986368183467° sailors !

> Wind, Orientation : 0.0, strength : 100.0

Capichef order :
Turn of 0.6491044217151796° sailors !

> Wind, Orientation : 0.0, strength : 100.0

Capichef order :
Turn of -0.04030491449035045° sailors !

> Wind, Orientation : 0.0, strength : 100.0

Capichef order :
Turn of -0.052170246417895694° sailors !

> Wind, Orientation : 0.0, strength : 100.0

Capichef order :
Turn of -0.07391826711451888° sailors !

> Wind, Orientation : 0.0, strength : 100.0

Capichef order :
Turn of 0.12822822439947767° sailors !

> Wind, Orientation : 0.0, strength : 100.0

Capichef order :
Turn of 0.13165086278229232° sailors !

> Wind, Orientation : 0.0, strength : 100.0

Capichef order :
Turn of 0.1352600785976552° sailors !

> Wind, Orientation : 0.0, strength : 100.0

Capichef order :
Turn of 0.13907145337408267° sailors !

> Wind, Orientation : 0.0, strength : 100.0

Capichef order :
Turn of 0.1431023407836225° sailors !

> Wind, Orientation : 0.0, strength : 100.0

Capichef order :
Turn of 0.14737212397129174° sailors !

> Wind, Orientation : 0.0, strength : 100.0

Capichef order :
Turn of 0.15190251867597304° sailors !

> Wind, Orientation : 0.0, strength : 100.0

Capichef order :
Turn of 0.1567179318477212° sailors !

> Wind, Orientation : 0.0, strength : 100.0

Capichef order :
Turn of 0.16184588786473064° sailors !

> Wind, Orientation : 0.0, strength : 100.0

Capichef order :
Turn of 0.1673175375309075° sailors !

> Wind, Orientation : 0.0, strength : 100.0

Capichef order :
Turn of 0.17316826900994364° sailors !

> Wind, Orientation : 0.0, strength : 100.0

Capichef order :
Turn of 0.17943844501931672° sailors !

> Wind, Orientation : 0.0, strength : 100.0

Capichef order :
Turn of 0.18617429737198776° sailors !

> Wind, Orientation : 0.0, strength : 100.0

Capichef order :
Turn of 0.19342901887103192° sailors !

> Wind, Orientation : 0.0, strength : 100.0

Capichef order :
Turn of 0.20126410440508202° sailors !

> Wind, Orientation : 0.0, strength : 100.0

Capichef order :
Turn of 0.2097510089389587° sailors !

> Wind, Orientation : 0.0, strength : 100.0

Capichef order :
Turn of 0.21897321146220428° sailors !

> Wind, Orientation : 0.0, strength : 100.0

Capichef order :
Turn of 0.22902880299893447° sailors !

> Wind, Orientation : 0.0, strength : 100.0

Capichef order :
Turn of 0.24003375656048398° sailors !

> Wind, Orientation : 0.0, strength : 100.0

Capichef order :
Turn of 0.2521260918271384° sailors !

> Wind, Orientation : 0.0, strength : 100.0

Capichef order :
Turn of 0.2654712236819261° sailors !

> Wind, Orientation : 0.0, strength : 100.0

Capichef order :
Turn of 0.28026889054293935° sailors !

> Wind, Orientation : 0.0, strength : 100.0

Capichef order :
Turn of 0.29676220868628445° sailors !

> Wind, Orientation : 0.0, strength : 100.0

Capichef order :
Turn of 0.315249610632538° sailors !

> Wind, Orientation : 0.0, strength : 100.0

Capichef order :
Turn of -0.010723161407975912° sailors !

> Wind, Orientation : 0.0, strength : 100.0

Capichef order :
Turn of -0.011414324410656818° sailors !

> Wind, Orientation : 0.0, strength : 100.0

Capichef order :
Turn of -0.01220071920534993° sailors !

> Wind, Orientation : 0.0, strength : 100.0

Capichef order :
Turn of -0.013103483114448977° sailors !

> Wind, Orientation : 0.0, strength : 100.0

