-Sailor n°14 moves +5/+0
-Sailor n°10 moves +0/+4
-Sailor n°10 rows.
-Sailor n°9 moves +3/+0
-Sailor n°16 moves +0/+3
-Sailor n°16 rows.
-Sailor n°4 moves +5/+0
-Sailor n°12 moves +5/+0
-...
-Sailor n°14 moves +2/+0
-Sailor n°6 moves +0/-1
-Sailor n°6 rows.
-Sailor n°9 rows.
-Sailor n°10 moves +0/-4
-Sailor n°10 rows.
-Sailor n°16 moves +0/-4
-Sailor n°16 rows.
-Sailor n°4 mo...
-Sailor n°14 moves +0/-2
-Sailor n°14 turned the rudder with an angle of +4
-Sailor n°6 rows.
-Sailor n°9 rows.
-Sailor n°10 rows.
-Sailor n°16 rows.
-Sailor n°4 rows.
-Sailor n°12 moves ...
-Sailor n°14 turned the rudder with an angle of +1
-Sailor n°6 rows.
-Sailor n°9 rows.
-Sailor n°10 rows.
-Sailor n°16 rows.
-Sailor n°4 rows.
-Sailor n°12 rows.
-Sailor n°8 rows.
-Sailor...
-Sailor n°14 moves +0/+2
-Sailor n°14 rows.
-Sailor n°6 rows.
-Sailor n°9 rows.
-Sailor n°10 rows.
-Sailor n°16 rows.
-Sailor n°4 rows.
-Sailor n°12 rows.
-Sailor n°8 rows.
-Sailor n°15 r...
-Sailor n°14 moves +0/-4
-Sailor n°14 rows.
-Sailor n°6 rows.
-Sailor n°9 rows.
-Sailor n°10 rows.
-Sailor n°16 rows.
-Sailor n°4 rows.
-Sailor n°12 rows.
-Sailor n°8 rows.
-Sailor n°3 ro...
-Sailor n°14 moves +0/+2
-Sailor n°14 turned the rudder with an angle of -2
-Sailor n°6 rows.
-Sailor n°9 rows.
-Sailor n°10 rows.
-Sailor n°16 rows.
-Sailor n°4 rows.
-Sailor n°12 rows.
...
-Sailor n°14 turned the rudder with an angle of -1
-Sailor n°6 rows.
-Sailor n°9 rows.
-Sailor n°10 rows.
-Sailor n°16 rows.
-Sailor n°4 rows.
-Sailor n°12 rows.
-Sailor n°8 rows.
-Sailor...
-Sailor n°14 turned the rudder with an angle of -2
-Sailor n°6 rows.
-Sailor n°9 rows.
-Sailor n°10 rows.
-Sailor n°16 rows.
-Sailor n°4 rows.
-Sailor n°12 rows.
-Sailor n°8 rows.
-Sailor...
-Sailor n°14 turned the rudder with an angle of -2
-Sailor n°6 rows.
-Sailor n°9 rows.
-Sailor n°10 rows.
-Sailor n°16 rows.
-Sailor n°4 rows.
-Sailor n°12 rows.
-Sailor n°8 rows.
-Sailor...
-Sailor n°14 turned the rudder with an angle of -2
-Sailor n°6 rows.
-Sailor n°9 rows.
-Sailor n°10 rows.
-Sailor n°16 rows.
-Sailor n°4 rows.
-Sailor n°12 rows.
-Sailor n°8 rows.
-Sailor...
-Sailor n°14 turned the rudder with an angle of -3
-Sailor n°6 rows.
-Sailor n°9 rows.
-Sailor n°10 rows.
-Sailor n°16 rows.
-Sailor n°4 rows.
-Sailor n°12 rows.
-Sailor n°8 rows.
-Sailor...
-Sailor n°14 turned the rudder with an angle of +4
-Sailor n°6 rows.
-Sailor n°9 rows.
-Sailor n°10 rows.
-Sailor n°16 rows.
-Sailor n°4 rows.
-Sailor n°12 rows.
-Sailor n°8 rows.
-Sailor...
-Sailor n°14 turned the rudder with an angle of +4
-Sailor n°6 rows.
-Sailor n°9 rows.
-Sailor n°10 rows.
-Sailor n°16 rows.
-Sailor n°4 rows.
-Sailor n°12 rows.
-Sailor n°8 rows.
-Sailor...
-Sailor n°14 moves +0/+2
-Sailor n°14 rows.
-Sailor n°6 rows.
-Sailor n°9 rows.
-Sailor n°10 rows.
-Sailor n°16 rows.
-Sailor n°4 rows.
-Sailor n°12 rows.
-Sailor n°8 rows.
-Sailor n°15 r...
-Sailor n°14 rows.
-Sailor n°6 rows.
-Sailor n°9 rows.
-Sailor n°10 rows.
-Sailor n°16 rows.
-Sailor n°4 rows.
-Sailor n°12 rows.
-Sailor n°8 rows.
-Sailor n°15 rows.
-Sailor n°3 rows.
-S...
-Sailor n°14 moves +0/-4
-Sailor n°14 rows.
-Sailor n°6 rows.
-Sailor n°9 rows.
-Sailor n°10 rows.
-Sailor n°16 rows.
-Sailor n°4 rows.
-Sailor n°12 rows.
-Sailor n°8 rows.
-Sailor n°3 ro...
-Sailor n°14 moves +0/+2
-Sailor n°14 turned the rudder with an angle of -1
-Sailor n°6 rows.
-Sailor n°9 rows.
-Sailor n°10 rows.
-Sailor n°16 rows.
-Sailor n°4 rows.
-Sailor n°12 rows.
...
-Sailor n°14 moves +0/-2
-Sailor n°14 rows.
-Sailor n°6 rows.
-Sailor n°9 rows.
-Sailor n°10 rows.
-Sailor n°16 rows.
-Sailor n°4 rows.
-Sailor n°12 rows.
-Sailor n°8 rows.
-Sailor n°3 ro...
-Sailor n°14 moves +0/+2
-Sailor n°14 turned the rudder with an angle of -1
-Sailor n°6 rows.
-Sailor n°9 rows.
-Sailor n°10 rows.
-Sailor n°16 rows.
-Sailor n°4 rows.
-Sailor n°12 rows.
...
-Sailor n°14 moves +0/-2
-Sailor n°14 rows.
-Sailor n°6 rows.
-Sailor n°9 rows.
-Sailor n°10 rows.
-Sailor n°16 rows.
-Sailor n°4 rows.
-Sailor n°12 rows.
-Sailor n°8 rows.
-Sailor n°3 ro...
-Sailor n°14 moves +0/+2
-Sailor n°14 turned the rudder with an angle of -1
-Sailor n°6 rows.
-Sailor n°9 rows.
-Sailor n°10 rows.
-Sailor n°16 rows.
-Sailor n°4 rows.
-Sailor n°12 rows.
...
-Sailor n°14 turned the rudder with an angle of -1
-Sailor n°6 rows.
-Sailor n°9 rows.
-Sailor n°10 rows.
-Sailor n°16 rows.
-Sailor n°4 rows.
-Sailor n°12 rows.
-Sailor n°8 rows.
-Sailor...
