Init game input:
>Boat:
>>Position X: 686.9565217391303
>>Position Y: -105.86319218241121
>>Angle: 0.0
>>Life: 900
>>Checkpoint number: 1
>>Next Checkpoint :
>>>X: 2208.6956521739257
>>>Y: -122.149837
> Wind, Orientation : 0.0, strength : 0.0

Capichef order :
Turn of -0.010702243773131866° sailors !

> Wind, Orientation : 0.0, strength : 0.0

Capichef order :
Turn of -6.572349363968034E-4° sailors !

> Wind, Orientation : 0.0, strength : 0.0

Capichef order :
Turn of -4.5949597600037154E-5° sailors !

> Wind, Orientation : 0.0, strength : 0.0

Capichef order :
Turn of -3.728709732433999E-6° sailors !

> Wind, Orientation : 0.0, strength : 0.0

Capichef order :
Turn of -3.6050591799979825E-7° sailors !

> Wind, Orientation : 0.0, strength : 0.0

Capichef order :
Turn of -4.310831164776319E-8° sailors !

> Wind, Orientation : 0.0, strength : 0.0

Capichef order :
Turn of -6.754040587225729E-9° sailors !

> Wind, Orientation : 0.0, strength : 0.0

Capichef order :
Turn of -1.5341733283075198E-9° sailors !

> Wind, Orientation : 0.0, strength : 0.0

Capichef order :
Turn of -6.333802180652492E-10° sailors !

> Wind, Orientation : 0.0, strength : 0.0

Capichef order :
Turn of 0.826916790652365° sailors !

> Wind, Orientation : 0.0, strength : 0.0

Capichef order :
Turn of 0.009250876195395996° sailors !

> Wind, Orientation : 0.0, strength : 0.0

Capichef order :
Turn of 4.8407607677602993E-4° sailors !

> Wind, Orientation : 0.0, strength : 0.0

Capichef order :
Turn of 2.8258895696353648E-5° sailors !

> Wind, Orientation : 0.0, strength : 0.0

Capichef order :
Turn of -0.9269464178522637° sailors !

> Wind, Orientation : 0.0, strength : 0.0

Capichef order :
Turn of 0.9413135889030908° sailors !

> Wind, Orientation : 0.0, strength : 0.0

Capichef order :
Turn of 0.015264998522417472° sailors !

> Wind, Orientation : 0.0, strength : 0.0

Capichef order :
Turn of 0.0012389476098761953° sailors !

> Wind, Orientation : 0.0, strength : 0.0

Capichef order :
Turn of 1.1981500182167704E-4° sailors !

> Wind, Orientation : 0.0, strength : 0.0

Capichef order :
Turn of 1.433141420859041E-5° sailors !

> Wind, Orientation : 0.0, strength : 0.0

Capichef order :
Turn of 2.246265308980533E-6° sailors !

> Wind, Orientation : 0.0, strength : 0.0

Capichef order :
Turn of 5.105253472192928E-7° sailors !

> Wind, Orientation : 0.0, strength : 0.0

Capichef order :
Turn of 2.1098604496838647E-7° sailors !

> Wind, Orientation : 0.0, strength : 0.0

Capichef order :
Turn of 4.800445637664907E-7° sailors !

> Wind, Orientation : 0.0, strength : 0.0

Capichef order :
Turn of -0.8226309894238625° sailors !

> Wind, Orientation : 0.0, strength : 0.0

Capichef order :
Turn of -0.012472835316587251° sailors !

> Wind, Orientation : 0.0, strength : 0.0

Capichef order :
Turn of -9.177351078682033E-4° sailors !

> Wind, Orientation : 0.0, strength : 0.0

Capichef order :
Turn of -7.904344307265235E-5° sailors !

> Wind, Orientation : 0.0, strength : 0.0

Capichef order :
Turn of -8.207772090335769E-6° sailors !

> Wind, Orientation : 0.0, strength : 0.0

Capichef order :
Turn of -1.0728947674905343E-6° sailors !

> Wind, Orientation : 0.0, strength : 0.0

Capichef order :
Turn of -1.8922571741811223E-7° sailors !

> Wind, Orientation : 0.0, strength : 0.0

Capichef order :
Turn of -5.1284538928053625E-8° sailors !

> Wind, Orientation : 0.0, strength : 0.0

Capichef order :
Turn of -2.9999303371303077E-8° sailors !

> Wind, Orientation : 0.0, strength : 0.0

Capichef order :
Turn of -0.020998782177739473° sailors !

> Wind, Orientation : 0.0, strength : 0.0

Capichef order :
Turn of -0.004566194344782104° sailors !

> Wind, Orientation : 0.0, strength : 0.0

Capichef order :
Turn of -0.0017438801569977427° sailors !

> Wind, Orientation : 0.0, strength : 0.0

Capichef order :
Turn of -0.0027324460242947385° sailors !

> Wind, Orientation : 0.0, strength : 0.0

Capichef order :
Turn of -0.869890206796961° sailors !

> Wind, Orientation : 0.0, strength : 0.0

Capichef order :
Turn of -0.008918224530724661° sailors !

> Wind, Orientation : 0.0, strength : 0.0

Capichef order :
Turn of -4.268849229580596E-4° sailors !

> Wind, Orientation : 0.0, strength : 0.0

Capichef order :
Turn of -2.257328820365334E-5° sailors !

> Wind, Orientation : 0.0, strength : 0.0

Capichef order :
Turn of -1.333262405145419E-6° sailors !

> Wind, Orientation : 0.0, strength : 0.0

Capichef order :
Turn of -8.91774470934692E-8° sailors !

> Wind, Orientation : 0.0, strength : 0.0

Capichef order :
Turn of -6.8754246740354574E-9° sailors !

> Wind, Orientation : 0.0, strength : 0.0

Capichef order :
Turn of -6.255945761424186E-10° sailors !

> Wind, Orientation : 0.0, strength : 0.0

Capichef order :
Turn of -6.942846297874894E-11° sailors !

> Wind, Orientation : 0.0, strength : 0.0

Capichef order :
Turn of -9.867995309775779E-12° sailors !

> Wind, Orientation : 0.0, strength : 0.0

Capichef order :
Turn of -1.953215367223038E-12° sailors !

> Wind, Orientation : 0.0, strength : 0.0

Capichef order :
Turn of -6.277200981230635E-13° sailors !

> Wind, Orientation : 0.0, strength : 0.0

Capichef order :
Turn of -2.356194490192345° sailors !

> Wind, Orientation : 0.0, strength : 0.0

