Init game input:
>Boat:
>>Position X: 686.9565217391303
>>Position Y: -105.86319218241121
>>Angle: 0.0
>>Life: 900
>>Checkpoint number: 1
>>Next Checkpoint :
>>>X: 2208.6956521739257
>>>Y: -122.149837
> Wind, Orientation : 0.0, strength : 0.0

Capichef order :
Turn of -0.010702243773131866° sailors !

> Wind, Orientation : 0.0, strength : 0.0

Capichef order :
Turn of -6.572349363968034E-4° sailors !

> Wind, Orientation : 0.0, strength : 0.0

Capichef order :
Turn of -4.5949597600037154E-5° sailors !

> Wind, Orientation : 0.0, strength : 0.0

Capichef order :
Turn of -3.728709732433999E-6° sailors !

> Wind, Orientation : 0.0, strength : 0.0

Capichef order :
Turn of -3.6050591799979825E-7° sailors !

> Wind, Orientation : 0.0, strength : 0.0

Capichef order :
Turn of -4.310831164776319E-8° sailors !

> Wind, Orientation : 0.0, strength : 0.0

Capichef order :
Turn of -6.754040587225729E-9° sailors !

> Wind, Orientation : 0.0, strength : 0.0

Capichef order :
Turn of -1.5341733283075198E-9° sailors !

> Wind, Orientation : 0.0, strength : 0.0

Capichef order :
Turn of -6.333802180652492E-10° sailors !

> Wind, Orientation : 0.0, strength : 0.0

Capichef order :
Turn of -0.01922683869451018° sailors !

> Wind, Orientation : 0.0, strength : 0.0

Capichef order :
Turn of -0.0022263209579134816° sailors !

> Wind, Orientation : 0.0, strength : 0.0

Capichef order :
Turn of -3.344987086921561E-4° sailors !

> Wind, Orientation : 0.0, strength : 0.0

Capichef order :
Turn of -7.154297914853391E-5° sailors !

> Wind, Orientation : 0.0, strength : 0.0

Capichef order :
Turn of -2.654365357197125E-5° sailors !

> Wind, Orientation : 0.0, strength : 0.0

Capichef order :
Turn of -3.711895164890122E-5° sailors !

> Wind, Orientation : 0.0, strength : 0.0

Capichef order :
Turn of -2.356194490192345° sailors !

> Wind, Orientation : 0.0, strength : 0.0

Capichef order :
Turn of -1.2119372018974506° sailors !

> Wind, Orientation : 0.0, strength : 0.0

Capichef order :
Turn of -0.3344384527234783° sailors !

> Wind, Orientation : 0.0, strength : 0.0

Capichef order :
Turn of -0.04228452854561304° sailors !

> Wind, Orientation : 0.0, strength : 0.0

Capichef order :
Turn of -2.356194490192345° sailors !

> Wind, Orientation : 0.0, strength : 0.0

Capichef order :
Turn of 0.4170213905483012° sailors !

> Wind, Orientation : 0.0, strength : 0.0

Capichef order :
Turn of 0.028692367847263756° sailors !

