INIT >>> 
DONE
 >>> 
UlVEREVSPXRydWUgfCBDTE9TRV9TQUlMPWZhbHNlIHwgT1BFTl9TQUlMPWZhbHNlIHwgU0FJTE9SU19BVj0yMA==
 >>> 
UlVEREVSPXRydWUgfCBDTE9TRV9TQUlMPWZhbHNlIHwgT1BFTl9TQUlMPWZhbHNlIHwgU0FJTE9SU19BVj0yMA==
 >>> 
UlVEREVSPXRydWUgfCBDTE9TRV9TQUlMPWZhbHNlIHwgT1BFTl9TQUlMPWZhbHNlIHwgU0FJTE9SU19BVj0yMA==
 >>> 
UlVEREVSPXRydWUgfCBDTE9TRV9TQUlMPWZhbHNlIHwgT1BFTl9TQUlMPWZhbHNlIHwgU0FJTE9SU19BVj0yMA==
 >>> 
UlVEREVSPWZhbHNlIHwgQ0xPU0VfU0FJTD1mYWxzZSB8IE9QRU5fU0FJTD1mYWxzZSB8IFNBSUxPUlNfQVY9MjA=
 >>> 
UlVEREVSPXRydWUgfCBDTE9TRV9TQUlMPWZhbHNlIHwgT1BFTl9TQUlMPWZhbHNlIHwgU0FJTE9SU19BVj0yMA==
 >>> 
UlVEREVSPXRydWUgfCBDTE9TRV9TQUlMPWZhbHNlIHwgT1BFTl9TQUlMPWZhbHNlIHwgU0FJTE9SU19BVj0yMA==
 >>> 
UlVEREVSPWZhbHNlIHwgQ0xPU0VfU0FJTD1mYWxzZSB8IE9QRU5fU0FJTD1mYWxzZSB8IFNBSUxPUlNfQVY9MjA=
 >>> 
UlVEREVSPXRydWUgfCBDTE9TRV9TQUlMPWZhbHNlIHwgT1BFTl9TQUlMPWZhbHNlIHwgU0FJTE9SU19BVj0yMA==
 >>> 
UlVEREVSPXRydWUgfCBDTE9TRV9TQUlMPWZhbHNlIHwgT1BFTl9TQUlMPWZhbHNlIHwgU0FJTE9SU19BVj0yMA==
 >>> 
UlVEREVSPXRydWUgfCBDTE9TRV9TQUlMPWZhbHNlIHwgT1BFTl9TQUlMPWZhbHNlIHwgU0FJTE9SU19BVj0yMA==
 >>> 
UlVEREVSPWZhbHNlIHwgQ0xPU0VfU0FJTD1mYWxzZSB8IE9QRU5fU0FJTD1mYWxzZSB8IFNBSUxPUlNfQVY9MjA=
 >>> 
UlVEREVSPWZhbHNlIHwgQ0xPU0VfU0FJTD1mYWxzZSB8IE9QRU5fU0FJTD1mYWxzZSB8IFNBSUxPUlNfQVY9MjA=
 >>> 
UlVEREVSPWZhbHNlIHwgQ0xPU0VfU0FJTD1mYWxzZSB8IE9QRU5fU0FJTD1mYWxzZSB8IFNBSUxPUlNfQVY9MjA=
 >>> 
UlVEREVSPWZhbHNlIHwgQ0xPU0VfU0FJTD1mYWxzZSB8IE9QRU5fU0FJTD1mYWxzZSB8IFNBSUxPUlNfQVY9MjA=
 >>> 
UlVEREVSPXRydWUgfCBDTE9TRV9TQUlMPWZhbHNlIHwgT1BFTl9TQUlMPWZhbHNlIHwgU0FJTE9SU19BVj0yMA==
 >>> 
UlVEREVSPXRydWUgfCBDTE9TRV9TQUlMPWZhbHNlIHwgT1BFTl9TQUlMPWZhbHNlIHwgU0FJTE9SU19BVj0yMA==
 >>> 
UlVEREVSPXRydWUgfCBDTE9TRV9TQUlMPWZhbHNlIHwgT1BFTl9TQUlMPWZhbHNlIHwgU0FJTE9SU19BVj0yMA==
 >>> 
UlVEREVSPWZhbHNlIHwgQ0xPU0VfU0FJTD1mYWxzZSB8IE9QRU5fU0FJTD1mYWxzZSB8IFNBSUxPUlNfQVY9MjA=
 >>> 
UlVEREVSPWZhbHNlIHwgQ0xPU0VfU0FJTD1mYWxzZSB8IE9QRU5fU0FJTD1mYWxzZSB8IFNBSUxPUlNfQVY9MjA=
 >>> 
UlVEREVSPXRydWUgfCBDTE9TRV9TQUlMPWZhbHNlIHwgT1BFTl9TQUlMPWZhbHNlIHwgU0FJTE9SU19BVj0yMA==
 >>> 
UlVEREVSPXRydWUgfCBDTE9TRV9TQUlMPWZhbHNlIHwgT1BFTl9TQUlMPXRydWUgfCBTQUlMT1JTX0FWPTIw
 >>> 
UlVEREVSPWZhbHNlIHwgQ0xPU0VfU0FJTD1mYWxzZSB8IE9QRU5fU0FJTD1mYWxzZSB8IFNBSUxPUlNfQVY9MjA=
 >>> 
UlVEREVSPWZhbHNlIHwgQ0xPU0VfU0FJTD1mYWxzZSB8IE9QRU5fU0FJTD10cnVlIHwgU0FJTE9SU19BVj0yMA==
 >>> 
UlVEREVSPWZhbHNlIHwgQ0xPU0VfU0FJTD1mYWxzZSB8IE9QRU5fU0FJTD1mYWxzZSB8IFNBSUxPUlNfQVY9MjA=
 >>> 
UlVEREVSPWZhbHNlIHwgQ0xPU0VfU0FJTD1mYWxzZSB8IE9QRU5fU0FJTD1mYWxzZSB8IFNBSUxPUlNfQVY9MjA=
 >>> 
UlVEREVSPWZhbHNlIHwgQ0xPU0VfU0FJTD1mYWxzZSB8IE9QRU5fU0FJTD1mYWxzZSB8IFNBSUxPUlNfQVY9MjA=
 >>> 
UlVEREVSPXRydWUgfCBDTE9TRV9TQUlMPWZhbHNlIHwgT1BFTl9TQUlMPWZhbHNlIHwgU0FJTE9SU19BVj0yMA==
 >>> 
UlVEREVSPXRydWUgfCBDTE9TRV9TQUlMPWZhbHNlIHwgT1BFTl9TQUlMPWZhbHNlIHwgU0FJTE9SU19BVj0yMA==
 >>> 
UlVEREVSPWZhbHNlIHwgQ0xPU0VfU0FJTD1mYWxzZSB8IE9QRU5fU0FJTD1mYWxzZSB8IFNBSUxPUlNfQVY9MjA=
 >>> 
UlVEREVSPWZhbHNlIHwgQ0xPU0VfU0FJTD1mYWxzZSB8IE9QRU5fU0FJTD1mYWxzZSB8IFNBSUxPUlNfQVY9MjA=
 >>> 
UlVEREVSPWZhbHNlIHwgQ0xPU0VfU0FJTD1mYWxzZSB8IE9QRU5fU0FJTD1mYWxzZSB8IFNBSUxPUlNfQVY9MjA=
 >>> 
UlVEREVSPWZhbHNlIHwgQ0xPU0VfU0FJTD1mYWxzZSB8IE9QRU5fU0FJTD1mYWxzZSB8IFNBSUxPUlNfQVY9MjA=
 >>> 
UlVEREVSPWZhbHNlIHwgQ0xPU0VfU0FJTD1mYWxzZSB8IE9QRU5fU0FJTD1mYWxzZSB8IFNBSUxPUlNfQVY9MjA=
 >>> 
UlVEREVSPXRydWUgfCBDTE9TRV9TQUlMPWZhbHNlIHwgT1BFTl9TQUlMPXRydWUgfCBTQUlMT1JTX0FWPTIw
 >>> 
UlVEREVSPXRydWUgfCBDTE9TRV9TQUlMPWZhbHNlIHwgT1BFTl9TQUlMPXRydWUgfCBTQUlMT1JTX0FWPTIw
 >>> 
UlVEREVSPXRydWUgfCBDTE9TRV9TQUlMPWZhbHNlIHwgT1BFTl9TQUlMPXRydWUgfCBTQUlMT1JTX0FWPTIw
 >>> 
UlVEREVSPXRydWUgfCBDTE9TRV9TQUlMPXRydWUgfCBPUEVOX1NBSUw9ZmFsc2UgfCBTQUlMT1JTX0FWPTIw
 >>> 
UlVEREVSPWZhbHNlIHwgQ0xPU0VfU0FJTD1mYWxzZSB8IE9QRU5fU0FJTD1mYWxzZSB8IFNBSUxPUlNfQVY9MjA=
 >>> 
UlVEREVSPWZhbHNlIHwgQ0xPU0VfU0FJTD1mYWxzZSB8IE9QRU5fU0FJTD1mYWxzZSB8IFNBSUxPUlNfQVY9MjA=
 >>> 
UlVEREVSPXRydWUgfCBDTE9TRV9TQUlMPWZhbHNlIHwgT1BFTl9TQUlMPWZhbHNlIHwgU0FJTE9SU19BVj0yMA==
 >>> 
UlVEREVSPXRydWUgfCBDTE9TRV9TQUlMPWZhbHNlIHwgT1BFTl9TQUlMPWZhbHNlIHwgU0FJTE9SU19BVj0yMA==
 >>> 
UlVEREVSPXRydWUgfCBDTE9TRV9TQUlMPWZhbHNlIHwgT1BFTl9TQUlMPWZhbHNlIHwgU0FJTE9SU19BVj0yMA==
 >>> 
UlVEREVSPWZhbHNlIHwgQ0xPU0VfU0FJTD1mYWxzZSB8IE9QRU5fU0FJTD1mYWxzZSB8IFNBSUxPUlNfQVY9MjA=
 >>> 
UlVEREVSPWZhbHNlIHwgQ0xPU0VfU0FJTD1mYWxzZSB8IE9QRU5fU0FJTD1mYWxzZSB8IFNBSUxPUlNfQVY9MjA=
 >>> 
UlVEREVSPWZhbHNlIHwgQ0xPU0VfU0FJTD1mYWxzZSB8IE9QRU5fU0FJTD1mYWxzZSB8IFNBSUxPUlNfQVY9MjA=
 >>> 
UlVEREVSPXRydWUgfCBDTE9TRV9TQUlMPWZhbHNlIHwgT1BFTl9TQUlMPWZhbHNlIHwgU0FJTE9SU19BVj0yMA==
 >>> 
UlVEREVSPXRydWUgfCBDTE9TRV9TQUlMPWZhbHNlIHwgT1BFTl9TQUlMPWZhbHNlIHwgU0FJTE9SU19BVj0yMA==
 >>> 
UlVEREVSPXRydWUgfCBDTE9TRV9TQUlMPWZhbHNlIHwgT1BFTl9TQUlMPWZhbHNlIHwgU0FJTE9SU19BVj0yMA==
