-Sailor n°0 moves +6/+1
-Sailor n°0 turned the rudder with an angle of +4
-Sailor n°8 moves +2/-2
-Sailor n°8 rows.
-Sailor n°6 moves -1/+0
-Sailor n°6 rows.
-Sailor n°2 moves +2/+0
-Sail...
-Sailor n°0 moves +0/+0
-Sailor n°0 turned the rudder with an angle of +4
-Sailor n°8 moves +0/+0
-Sailor n°8 rows.
-Sailor n°6 moves +0/+0
-Sailor n°6 rows.
-Sailor n°2 moves +0/+0
-Sail...
-Sailor n°0 moves +0/+0
-Sailor n°0 turned the rudder with an angle of +4
-Sailor n°8 moves +0/+0
-Sailor n°8 rows.
-Sailor n°6 moves +0/+0
-Sailor n°6 rows.
-Sailor n°2 moves +0/+0
-Sail...
-Sailor n°0 moves +0/+0
-Sailor n°0 turned the rudder with an angle of +5
-Sailor n°8 moves +0/+0
-Sailor n°8 rows.
-Sailor n°6 moves +0/+0
-Sailor n°6 rows.
-Sailor n°2 moves +0/+0
-Sail...
-Sailor n°0 moves +0/+0
-Sailor n°0 turned the rudder with an angle of +5
-Sailor n°8 moves +0/+0
-Sailor n°8 rows.
-Sailor n°6 moves +0/+0
-Sailor n°6 rows.
-Sailor n°2 moves +0/+0
-Sail...
-Sailor n°0 moves +0/+0
-Sailor n°0 turned the rudder with an angle of +6
-Sailor n°8 moves +0/+0
-Sailor n°8 rows.
-Sailor n°6 moves +0/+0
-Sailor n°6 rows.
-Sailor n°2 moves +0/+0
-Sail...
-Sailor n°0 moves +0/+0
-Sailor n°0 turned the rudder with an angle of +7
-Sailor n°8 moves +0/+0
-Sailor n°8 rows.
-Sailor n°6 moves +0/+0
-Sailor n°6 rows.
-Sailor n°2 moves +0/+0
-Sail...
-Sailor n°0 moves +0/+0
-Sailor n°0 turned the rudder with an angle of +8
-Sailor n°8 moves +0/+0
-Sailor n°8 rows.
-Sailor n°6 moves +0/+0
-Sailor n°6 rows.
-Sailor n°2 moves +0/+0
-Sail...
-Sailor n°0 moves +0/+0
-Sailor n°0 turned the rudder with an angle of -8
-Sailor n°8 moves +0/+0
-Sailor n°8 rows.
-Sailor n°6 moves +0/+0
-Sailor n°6 rows.
-Sailor n°2 moves +0/+0
-Sail...
-Sailor n°0 moves +0/+0
-Sailor n°0 turned the rudder with an angle of -8
-Sailor n°8 moves +0/+0
-Sailor n°8 rows.
-Sailor n°6 moves +0/+0
-Sailor n°6 rows.
-Sailor n°2 moves +0/+0
-Sail...
-Sailor n°0 moves +0/+0
-Sailor n°0 turned the rudder with an angle of +7
-Sailor n°8 moves -1/+0
-Sailor n°8 rows.
-Sailor n°6 moves +1/+0
-Sailor n°6 rows.
-Sailor n°2 moves +0/+0
-Sail...
-Sailor n°0 moves +0/+0
-Sailor n°0 turned the rudder with an angle of +6
-Sailor n°8 moves +1/+0
-Sailor n°8 rows.
-Sailor n°6 moves -1/+0
-Sailor n°6 rows.
-Sailor n°2 moves +0/+0
-Sail...
-Sailor n°0 moves +0/+0
-Sailor n°0 turned the rudder with an angle of -4
-Sailor n°8 moves +0/+0
-Sailor n°8 rows.
-Sailor n°6 moves +0/+0
-Sailor n°6 rows.
-Sailor n°2 moves +0/+0
-Sail...
-Sailor n°0 moves +0/+0
-Sailor n°0 turned the rudder with an angle of +5
-Sailor n°8 moves +0/+0
-Sailor n°8 rows.
-Sailor n°6 moves +0/+0
-Sailor n°6 rows.
-Sailor n°2 moves +0/+0
-Sail...
-Sailor n°0 moves +0/+0
-Sailor n°0 turned the rudder with an angle of +7
-Sailor n°8 moves +0/+0
-Sailor n°8 rows.
-Sailor n°6 moves +0/+0
-Sailor n°6 rows.
-Sailor n°2 moves +0/+0
-Sail...
-Sailor n°0 moves +0/+0
-Sailor n°0 turned the rudder with an angle of +7
-Sailor n°8 moves +0/+0
-Sailor n°8 rows.
-Sailor n°6 moves +0/+0
-Sailor n°6 rows.
-Sailor n°2 moves +0/+0
-Sail...
-Sailor n°0 moves +0/+0
-Sailor n°0 turned the rudder with an angle of +7
-Sailor n°8 moves +0/+0
-Sailor n°8 rows.
-Sailor n°6 moves +0/+0
-Sailor n°6 rows.
-Sailor n°2 moves +0/+0
-Sail...
-Sailor n°0 moves +0/+0
-Sailor n°0 turned the rudder with an angle of +8
-Sailor n°8 moves +0/+0
-Sailor n°8 rows.
-Sailor n°6 moves +0/+0
-Sailor n°6 rows.
-Sailor n°2 moves +0/+0
-Sail...
-Sailor n°0 moves +0/+0
-Sailor n°0 turned the rudder with an angle of +9
-Sailor n°8 moves +0/+0
-Sailor n°8 rows.
-Sailor n°6 moves +0/+0
-Sailor n°6 rows.
-Sailor n°2 moves +0/+0
-Sail...
-Sailor n°0 moves +0/+0
-Sailor n°0 turned the rudder with an angle of -9
-Sailor n°8 moves +0/+0
-Sailor n°8 rows.
-Sailor n°6 moves +0/+0
-Sailor n°6 rows.
-Sailor n°2 moves +0/+0
-Sail...
-Sailor n°0 moves +0/+0
-Sailor n°0 turned the rudder with an angle of -9
-Sailor n°8 moves +0/+0
-Sailor n°8 rows.
-Sailor n°6 moves +0/+0
-Sailor n°6 rows.
-Sailor n°2 moves +0/+0
-Sail...
-Sailor n°0 moves +0/+0
-Sailor n°0 turned the rudder with an angle of +8
-Sailor n°8 moves -1/+0
-Sailor n°8 rows.
-Sailor n°6 moves +1/+0
-Sailor n°6 rows.
-Sailor n°2 moves +0/+0
-Sail...
-Sailor n°0 moves +0/+0
-Sailor n°0 turned the rudder with an angle of +8
-Sailor n°8 moves +1/+0
-Sailor n°8 rows.
-Sailor n°6 moves -1/+0
-Sailor n°6 rows.
-Sailor n°2 moves +0/+0
-Sail...
-Sailor n°0 moves +0/+0
-Sailor n°0 turned the rudder with an angle of -9
-Sailor n°8 moves +0/+0
-Sailor n°8 rows.
-Sailor n°6 moves +0/+0
-Sailor n°6 rows.
-Sailor n°2 moves +0/+0
-Sail...
-Sailor n°0 moves +0/+0
-Sailor n°0 turned the rudder with an angle of -8
-Sailor n°8 moves +0/+0
-Sailor n°8 rows.
-Sailor n°6 moves +0/+0
-Sailor n°6 rows.
-Sailor n°2 moves +0/+0
-Sail...
-Sailor n°0 moves +0/+0
-Sailor n°0 turned the rudder with an angle of +8
-Sailor n°8 moves -1/+0
-Sailor n°8 rows.
-Sailor n°6 moves +1/+0
-Sailor n°6 rows.
-Sailor n°2 moves +0/+0
-Sail...
-Sailor n°0 moves +0/+0
-Sailor n°0 turned the rudder with an angle of +8
-Sailor n°8 moves +1/+0
-Sailor n°8 rows.
-Sailor n°6 moves -1/+0
-Sailor n°6 rows.
-Sailor n°2 moves +0/+0
-Sail...
-Sailor n°0 moves +0/+0
-Sailor n°0 turned the rudder with an angle of -8
-Sailor n°8 moves +0/+0
-Sailor n°8 rows.
-Sailor n°6 moves +0/+0
-Sailor n°6 rows.
-Sailor n°2 moves +0/+0
-Sail...
-Sailor n°0 moves +0/+0
-Sailor n°0 turned the rudder with an angle of -8
-Sailor n°8 moves +0/+0
-Sailor n°8 rows.
-Sailor n°6 moves +0/+0
-Sailor n°6 rows.
-Sailor n°2 moves +0/+0
-Sail...
-Sailor n°0 moves +0/+0
-Sailor n°0 turned the rudder with an angle of +7
-Sailor n°8 moves -1/+0
-Sailor n°8 rows.
-Sailor n°6 moves +1/+0
-Sailor n°6 rows.
-Sailor n°2 moves +0/+0
-Sail...
-Sailor n°0 moves +0/+0
-Sailor n°0 turned the rudder with an angle of +5
-Sailor n°8 moves +1/+0
-Sailor n°8 rows.
-Sailor n°6 moves -1/+0
-Sailor n°6 rows.
-Sailor n°2 moves +0/+0
-Sail...
-Sailor n°0 moves +0/+0
-Sailor n°0 turned the rudder with an angle of +7
-Sailor n°8 moves +0/+0
-Sailor n°8 rows.
-Sailor n°6 moves +0/+0
-Sailor n°6 rows.
-Sailor n°2 moves +0/+0
-Sail...
-Sailor n°0 moves +0/+0
-Sailor n°0 turned the rudder with an angle of -8
-Sailor n°8 moves +0/+0
-Sailor n°8 rows.
-Sailor n°6 moves +0/+0
-Sailor n°6 rows.
-Sailor n°2 moves +0/+0
-Sail...
-Sailor n°0 moves +0/+0
-Sailor n°0 turned the rudder with an angle of -8
-Sailor n°8 moves +0/+0
-Sailor n°8 rows.
-Sailor n°6 moves +0/+0
-Sailor n°6 rows.
-Sailor n°2 moves +0/+0
-Sail...
-Sailor n°0 moves +0/+0
-Sailor n°0 turned the rudder with an angle of +9
-Sailor n°8 moves -1/+0
-Sailor n°8 rows.
-Sailor n°6 moves +1/+0
-Sailor n°6 rows.
-Sailor n°2 moves +0/+0
-Sail...
-Sailor n°0 moves +0/+0
-Sailor n°0 turned the rudder with an angle of +8
-Sailor n°8 moves +1/+0
-Sailor n°8 rows.
-Sailor n°6 moves -1/+0
-Sailor n°6 rows.
-Sailor n°2 moves +0/+0
-Sail...
-Sailor n°0 moves +0/+0
-Sailor n°0 turned the rudder with an angle of -8
-Sailor n°8 moves +0/+0
-Sailor n°8 rows.
-Sailor n°6 moves +0/+0
-Sailor n°6 rows.
-Sailor n°2 moves +0/+0
-Sail...
-Sailor n°0 moves +0/+0
-Sailor n°0 turned the rudder with an angle of -7
-Sailor n°8 moves +0/+0
-Sailor n°8 rows.
-Sailor n°6 moves +0/+0
-Sailor n°6 rows.
-Sailor n°2 moves +0/+0
-Sail...
-Sailor n°0 moves +0/+0
-Sailor n°0 turned the rudder with an angle of +8
-Sailor n°8 moves -1/+0
-Sailor n°8 rows.
-Sailor n°6 moves +1/+0
-Sailor n°6 rows.
-Sailor n°2 moves +0/+0
-Sail...
-Sailor n°0 moves +0/+0
-Sailor n°0 turned the rudder with an angle of +7
-Sailor n°8 moves +1/+0
-Sailor n°8 rows.
-Sailor n°6 moves -1/+0
-Sailor n°6 rows.
-Sailor n°2 moves +0/+0
-Sail...
-Sailor n°0 moves +0/+0
-Sailor n°0 turned the rudder with an angle of -3
-Sailor n°6 moves +0/+0
-Sailor n°6 rows.
-Sailor n°2 moves +0/+0
-Sailor n°2 rows.
-Sailor n°1 moves +0/+0
-Sail...
-Sailor n°0 moves -5/+1
-Sailor n°0 rows.
-Sailor n°8 moves -1/+0
-Sailor n°8 rows.
-Sailor n°6 moves +1/+0
-Sailor n°6 rows.
-Sailor n°2 moves +1/+0
-Sailor n°2 rows.
-Sailor n°9 moves +...
-Sailor n°0 moves +0/+0
-Sailor n°0 rows.
-Sailor n°8 moves +0/+0
-Sailor n°8 rows.
-Sailor n°6 moves +0/+0
-Sailor n°6 rows.
-Sailor n°2 moves +0/+0
-Sailor n°2 rows.
-Sailor n°1 moves +...
-Sailor n°0 moves +5/-1
-Sailor n°0 turned the rudder with an angle of +5
-Sailor n°8 moves +1/+0
-Sailor n°8 rows.
-Sailor n°6 moves -1/+0
-Sailor n°6 rows.
-Sailor n°2 moves -1/+0
-Sail...
-Sailor n°0 moves +0/+0
-Sailor n°0 turned the rudder with an angle of +8
-Sailor n°8 moves +0/+0
-Sailor n°8 rows.
-Sailor n°6 moves +0/+0
-Sailor n°6 rows.
-Sailor n°2 moves +0/+0
-Sail...
-Sailor n°0 moves +0/+0
-Sailor n°0 turned the rudder with an angle of -7
-Sailor n°8 moves +0/+0
-Sailor n°8 rows.
-Sailor n°6 moves +0/+0
-Sailor n°6 rows.
-Sailor n°2 moves +0/+0
-Sail...
-Sailor n°0 moves +0/+0
-Sailor n°0 turned the rudder with an angle of -6
-Sailor n°8 moves +0/+0
-Sailor n°8 rows.
-Sailor n°6 moves +0/+0
-Sailor n°6 rows.
-Sailor n°2 moves +0/+0
-Sail...
-Sailor n°0 moves +0/+0
-Sailor n°0 turned the rudder with an angle of +6
-Sailor n°8 moves -1/+0
-Sailor n°8 rows.
-Sailor n°6 moves +1/+0
-Sailor n°6 rows.
-Sailor n°2 moves +0/+0
-Sail...
-Sailor n°0 moves +0/+0
-Sailor n°0 turned the rudder with an angle of -4
-Sailor n°2 moves +0/+0
-Sailor n°2 rows.
-Sailor n°1 moves +0/+0
-Sailor n°1 rows.
-Sailor n°3 moves +0/+0
-Sail...
-Sailor n°0 moves +0/+0
-Sailor n°0 turned the rudder with an angle of -3
-Sailor n°8 moves +1/+0
-Sailor n°8 rows.
-Sailor n°6 moves -1/+0
-Sailor n°6 rows.
-Sailor n°2 moves +0/+0
-Sail...
-Sailor n°0 moves +0/+0
-Sailor n°0 turned the rudder with an angle of -3
-Sailor n°8 moves +0/+0
-Sailor n°8 rows.
-Sailor n°6 moves +0/+0
-Sailor n°6 rows.
-Sailor n°2 moves +0/+0
-Sail...
-Sailor n°0 moves +0/+0
-Sailor n°0 turned the rudder with an angle of -4
-Sailor n°8 moves +0/+0
-Sailor n°8 rows.
-Sailor n°6 moves +0/+0
-Sailor n°6 rows.
-Sailor n°2 moves +0/+0
-Sail...
-Sailor n°0 moves +0/+0
-Sailor n°0 turned the rudder with an angle of -4
-Sailor n°8 moves +0/+0
-Sailor n°8 rows.
-Sailor n°6 moves +0/+0
-Sailor n°6 rows.
-Sailor n°2 moves +0/+0
-Sail...
-Sailor n°0 moves +0/+0
-Sailor n°0 turned the rudder with an angle of -4
-Sailor n°8 moves +0/+0
-Sailor n°8 rows.
-Sailor n°6 moves +0/+0
-Sailor n°6 rows.
-Sailor n°2 moves +0/+0
-Sail...
-Sailor n°0 moves +0/+0
-Sailor n°0 turned the rudder with an angle of -4
-Sailor n°8 moves +0/+0
-Sailor n°8 rows.
-Sailor n°6 moves +0/+0
-Sailor n°6 rows.
-Sailor n°2 moves +0/+0
-Sail...
-Sailor n°0 moves +0/+0
-Sailor n°0 turned the rudder with an angle of -5
-Sailor n°8 moves +0/+0
-Sailor n°8 rows.
-Sailor n°6 moves +0/+0
-Sailor n°6 rows.
-Sailor n°2 moves +0/+0
-Sail...
-Sailor n°0 moves +0/+0
-Sailor n°0 turned the rudder with an angle of -5
-Sailor n°8 moves +0/+0
-Sailor n°8 rows.
-Sailor n°6 moves +0/+0
-Sailor n°6 rows.
-Sailor n°2 moves +0/+0
-Sail...
-Sailor n°0 moves +0/+0
-Sailor n°0 turned the rudder with an angle of -5
-Sailor n°8 moves +0/+0
-Sailor n°8 rows.
-Sailor n°6 moves +0/+0
-Sailor n°6 rows.
-Sailor n°2 moves +0/+0
-Sail...
-Sailor n°0 moves +0/+0
-Sailor n°0 turned the rudder with an angle of -6
-Sailor n°8 moves +0/+0
-Sailor n°8 rows.
-Sailor n°6 moves +0/+0
-Sailor n°6 rows.
-Sailor n°2 moves +0/+0
-Sail...
-Sailor n°0 moves +0/+0
-Sailor n°0 turned the rudder with an angle of -6
-Sailor n°8 moves +0/+0
-Sailor n°8 rows.
-Sailor n°6 moves +0/+0
-Sailor n°6 rows.
-Sailor n°2 moves +0/+0
-Sail...
-Sailor n°0 moves +0/+0
-Sailor n°0 turned the rudder with an angle of -7
-Sailor n°8 moves +0/+0
-Sailor n°8 rows.
-Sailor n°6 moves +0/+0
-Sailor n°6 rows.
-Sailor n°2 moves +0/+0
-Sail...
-Sailor n°0 moves +0/+0
-Sailor n°0 turned the rudder with an angle of -8
-Sailor n°8 moves +0/+0
-Sailor n°8 rows.
-Sailor n°6 moves +0/+0
-Sailor n°6 rows.
-Sailor n°2 moves +0/+0
-Sail...
-Sailor n°0 moves +0/+0
-Sailor n°0 turned the rudder with an angle of -9
-Sailor n°8 moves +0/+0
-Sailor n°8 rows.
-Sailor n°6 moves +0/+0
-Sailor n°6 rows.
-Sailor n°2 moves +0/+0
-Sail...
-Sailor n°0 moves +0/+0
-Sailor n°0 turned the rudder with an angle of +8
-Sailor n°8 moves -1/+0
-Sailor n°8 rows.
-Sailor n°6 moves +1/+0
-Sailor n°6 rows.
-Sailor n°2 moves +0/+0
-Sail...
-Sailor n°0 moves +0/+0
-Sailor n°0 turned the rudder with an angle of +8
-Sailor n°8 moves +1/+0
-Sailor n°8 rows.
-Sailor n°6 moves -1/+0
-Sailor n°6 rows.
-Sailor n°2 moves +0/+0
-Sail...
-Sailor n°0 moves +0/+0
-Sailor n°0 turned the rudder with an angle of -8
-Sailor n°8 moves +0/+0
-Sailor n°8 rows.
-Sailor n°6 moves +0/+0
-Sailor n°6 rows.
-Sailor n°2 moves +0/+0
-Sail...
-Sailor n°0 moves +0/+0
-Sailor n°0 turned the rudder with an angle of -8
-Sailor n°8 moves +0/+0
-Sailor n°8 rows.
-Sailor n°6 moves +0/+0
-Sailor n°6 rows.
-Sailor n°2 moves +0/+0
-Sail...
-Sailor n°0 moves +0/+0
-Sailor n°0 turned the rudder with an angle of +7
-Sailor n°8 moves -1/+0
-Sailor n°8 rows.
-Sailor n°6 moves +1/+0
-Sailor n°6 rows.
-Sailor n°2 moves +0/+0
-Sail...
-Sailor n°0 moves +0/+0
-Sailor n°0 turned the rudder with an angle of +6
-Sailor n°8 moves +1/+0
-Sailor n°8 rows.
-Sailor n°6 moves -1/+0
-Sailor n°6 rows.
-Sailor n°2 moves +0/+0
-Sail...
-Sailor n°0 moves +0/+0
-Sailor n°0 turned the rudder with an angle of -6
-Sailor n°8 moves +0/+0
-Sailor n°8 rows.
-Sailor n°6 moves +0/+0
-Sailor n°6 rows.
-Sailor n°2 moves +0/+0
-Sail...
