Init game input:
>Boat:
>>Position X: 2460.9375
>>Position Y: 2513.020833333333
>>Angle: 0.0
>>Life: 1800
>>Checkpoint number: 1
>>Next Checkpoint :
>>>X: 5533.854166666661
>>>Y: 2499.9999999999973
>>
> Wind, Orientation : 0.0, strength : 0.0

Capichef order :
Turn of -0.004237262776247513° sailors !

> Wind, Orientation : 0.0, strength : 0.0

Capichef order :
Turn of -6.773314673691293E-5° sailors !

> Wind, Orientation : 0.0, strength : 0.0

Capichef order :
Turn of -1.4091615516799785E-6° sailors !

> Wind, Orientation : 0.0, strength : 0.0

Capichef order :
Turn of -3.0576731810567914E-8° sailors !

> Wind, Orientation : 0.0, strength : 0.0

Capichef order :
Turn of 0.8023275395388254° sailors !

> Wind, Orientation : 0.0, strength : 0.0

Capichef order :
Turn of 0.801380468436744° sailors !

> Wind, Orientation : 0.0, strength : 0.0

Capichef order :
Turn of 0.7821771301581831° sailors !

> Wind, Orientation : 0.0, strength : 0.0

Capichef order :
Turn of 0.7501295120392089° sailors !

> Wind, Orientation : 0.0, strength : 0.0

Capichef order :
Turn of 0.7222269330325752° sailors !

> Wind, Orientation : 0.0, strength : 0.0

Capichef order :
Turn of 0.7137367344353054° sailors !

> Wind, Orientation : 0.0, strength : 0.0

Capichef order :
Turn of 0.7270286950892465° sailors !

> Wind, Orientation : 0.0, strength : 0.0

Capichef order :
Turn of 0.754769647602035° sailors !

> Wind, Orientation : 0.0, strength : 0.0

Capichef order :
Turn of 0.7841533177399245° sailors !

> Wind, Orientation : 0.0, strength : 0.0

Capichef order :
Turn of 0.800190939087979° sailors !

> Wind, Orientation : 0.0, strength : 0.0

Capichef order :
Turn of 0.7956693248118987° sailors !

> Wind, Orientation : 0.0, strength : 0.0

Capichef order :
Turn of 0.7734200245550452° sailors !

> Wind, Orientation : 0.0, strength : 0.0

Capichef order :
Turn of 0.74046727546399° sailors !

> Wind, Orientation : 0.0, strength : 0.0

Capichef order :
Turn of 0.7141623659422236° sailors !

> Wind, Orientation : 0.0, strength : 0.0

Capichef order :
Turn of 0.7082136418071543° sailors !

> Wind, Orientation : 0.0, strength : 0.0

Capichef order :
Turn of 0.7235859674578793° sailors !

> Wind, Orientation : 0.0, strength : 0.0

Capichef order :
Turn of 0.7522812839933107° sailors !

> Wind, Orientation : 0.0, strength : 0.0

Capichef order :
Turn of 0.7812683977007531° sailors !

> Wind, Orientation : 0.0, strength : 0.0

Capichef order :
Turn of 0.7957124003903185° sailors !

> Wind, Orientation : 0.0, strength : 0.0

Capichef order :
Turn of 0.7891651117232198° sailors !

> Wind, Orientation : 0.0, strength : 0.0

Capichef order :
Turn of 0.7653292432670485° sailors !

> Wind, Orientation : 0.0, strength : 0.0

Capichef order :
Turn of 0.7319603980527362° sailors !

> Wind, Orientation : 0.0, strength : 0.0

Capichef order :
Turn of 0.7063836993611159° sailors !

> Wind, Orientation : 0.0, strength : 0.0

Capichef order :
Turn of 0.701462792711685° sailors !

> Wind, Orientation : 0.0, strength : 0.0

Capichef order :
Turn of 0.7175866756816° sailors !

> Wind, Orientation : 0.0, strength : 0.0

Capichef order :
Turn of 0.7466256818690449° sailors !

> Wind, Orientation : 0.0, strength : 0.0

Capichef order :
Turn of 0.7756456771955385° sailors !

> Wind, Orientation : 0.0, strength : 0.0

Capichef order :
Turn of 0.7899861773413852° sailors !

> Wind, Orientation : 0.0, strength : 0.0

Capichef order :
Turn of 0.7833586807048721° sailors !

> Wind, Orientation : 0.0, strength : 0.0

Capichef order :
Turn of 0.7573117724853426° sailors !

> Wind, Orientation : 0.0, strength : 0.0

Capichef order :
Turn of 0.7240640909925811° sailors !

> Wind, Orientation : 0.0, strength : 0.0

Capichef order :
Turn of 0.7033572400437393° sailors !

> Wind, Orientation : 0.0, strength : 0.0

Capichef order :
Turn of 0.7045938065316277° sailors !

> Wind, Orientation : 0.0, strength : 0.0

Capichef order :
Turn of 0.7253453880147036° sailors !

> Wind, Orientation : 0.0, strength : 0.0

Capichef order :
Turn of 0.7558552056327545° sailors !

> Wind, Orientation : 0.0, strength : 0.0

Capichef order :
Turn of 0.7822943799465216° sailors !

> Wind, Orientation : 0.0, strength : 0.0

Capichef order :
Turn of 0.7904193488391285° sailors !

> Wind, Orientation : 0.0, strength : 0.0

Capichef order :
Turn of 0.7766726476663699° sailors !

> Wind, Orientation : 0.0, strength : 0.0

Capichef order :
Turn of 0.7465069847943872° sailors !

> Wind, Orientation : 0.0, strength : 0.0

Capichef order :
Turn of 0.7150188093035186° sailors !

> Wind, Orientation : 0.0, strength : 0.0

Capichef order :
Turn of 0.6999771711875596° sailors !

> Wind, Orientation : 0.0, strength : 0.0

Capichef order :
Turn of 0.7071733999099332° sailors !

> Wind, Orientation : 0.0, strength : 0.0

Capichef order :
Turn of 0.7317529608482645° sailors !

> Wind, Orientation : 0.0, strength : 0.0

Capichef order :
Turn of 0.762641863175175° sailors !

> Wind, Orientation : 0.0, strength : 0.0

Capichef order :
Turn of 0.7854623913037639° sailors !

> Wind, Orientation : 0.0, strength : 0.0

