INIT >>> 
DONE
 >>> 
UlVEREVSPWZhbHNlIHwgQ0xPU0VfU0FJTD1mYWxzZSB8IE9QRU5fU0FJTD1mYWxzZSB8IFNBSUxPUlNfQVY9MTE=
 >>> 
UlVEREVSPWZhbHNlIHwgQ0xPU0VfU0FJTD1mYWxzZSB8IE9QRU5fU0FJTD1mYWxzZSB8IFNBSUxPUlNfQVY9MTE=
 >>> 
UlVEREVSPWZhbHNlIHwgQ0xPU0VfU0FJTD1mYWxzZSB8IE9QRU5fU0FJTD1mYWxzZSB8IFNBSUxPUlNfQVY9MTE=
 >>> 
UlVEREVSPWZhbHNlIHwgQ0xPU0VfU0FJTD1mYWxzZSB8IE9QRU5fU0FJTD1mYWxzZSB8IFNBSUxPUlNfQVY9MTE=
 >>> 
UlVEREVSPWZhbHNlIHwgQ0xPU0VfU0FJTD1mYWxzZSB8IE9QRU5fU0FJTD1mYWxzZSB8IFNBSUxPUlNfQVY9MTE=
 >>> 
UlVEREVSPWZhbHNlIHwgQ0xPU0VfU0FJTD1mYWxzZSB8IE9QRU5fU0FJTD1mYWxzZSB8IFNBSUxPUlNfQVY9MTE=
 >>> 
UlVEREVSPWZhbHNlIHwgQ0xPU0VfU0FJTD1mYWxzZSB8IE9QRU5fU0FJTD1mYWxzZSB8IFNBSUxPUlNfQVY9MTE=
 >>> 
UlVEREVSPWZhbHNlIHwgQ0xPU0VfU0FJTD1mYWxzZSB8IE9QRU5fU0FJTD1mYWxzZSB8IFNBSUxPUlNfQVY9MTE=
 >>> 
UlVEREVSPWZhbHNlIHwgQ0xPU0VfU0FJTD1mYWxzZSB8IE9QRU5fU0FJTD1mYWxzZSB8IFNBSUxPUlNfQVY9MTE=
 >>> 
UlVEREVSPWZhbHNlIHwgQ0xPU0VfU0FJTD1mYWxzZSB8IE9QRU5fU0FJTD1mYWxzZSB8IFNBSUxPUlNfQVY9MTE=
 >>> 
UlVEREVSPWZhbHNlIHwgQ0xPU0VfU0FJTD1mYWxzZSB8IE9QRU5fU0FJTD1mYWxzZSB8IFNBSUxPUlNfQVY9MTE=
 >>> 
UlVEREVSPWZhbHNlIHwgQ0xPU0VfU0FJTD1mYWxzZSB8IE9QRU5fU0FJTD1mYWxzZSB8IFNBSUxPUlNfQVY9MTE=
 >>> 
UlVEREVSPWZhbHNlIHwgQ0xPU0VfU0FJTD1mYWxzZSB8IE9QRU5fU0FJTD1mYWxzZSB8IFNBSUxPUlNfQVY9MTE=
 >>> 
UlVEREVSPWZhbHNlIHwgQ0xPU0VfU0FJTD1mYWxzZSB8IE9QRU5fU0FJTD1mYWxzZSB8IFNBSUxPUlNfQVY9MTE=
 >>> 
UlVEREVSPWZhbHNlIHwgQ0xPU0VfU0FJTD1mYWxzZSB8IE9QRU5fU0FJTD1mYWxzZSB8IFNBSUxPUlNfQVY9MTE=
 >>> 
UlVEREVSPXRydWUgfCBDTE9TRV9TQUlMPWZhbHNlIHwgT1BFTl9TQUlMPWZhbHNlIHwgU0FJTE9SU19BVj0xMQ==
 >>> 
UlVEREVSPWZhbHNlIHwgQ0xPU0VfU0FJTD1mYWxzZSB8IE9QRU5fU0FJTD1mYWxzZSB8IFNBSUxPUlNfQVY9MTE=
 >>> 
UlVEREVSPXRydWUgfCBDTE9TRV9TQUlMPWZhbHNlIHwgT1BFTl9TQUlMPWZhbHNlIHwgU0FJTE9SU19BVj0xMQ==
 >>> 
UlVEREVSPWZhbHNlIHwgQ0xPU0VfU0FJTD1mYWxzZSB8IE9QRU5fU0FJTD1mYWxzZSB8IFNBSUxPUlNfQVY9MTE=
 >>> 
UlVEREVSPWZhbHNlIHwgQ0xPU0VfU0FJTD1mYWxzZSB8IE9QRU5fU0FJTD1mYWxzZSB8IFNBSUxPUlNfQVY9MTE=
 >>> 
UlVEREVSPWZhbHNlIHwgQ0xPU0VfU0FJTD1mYWxzZSB8IE9QRU5fU0FJTD1mYWxzZSB8IFNBSUxPUlNfQVY9MTE=
 >>> 
UlVEREVSPWZhbHNlIHwgQ0xPU0VfU0FJTD1mYWxzZSB8IE9QRU5fU0FJTD1mYWxzZSB8IFNBSUxPUlNfQVY9MTE=
 >>> 
UlVEREVSPXRydWUgfCBDTE9TRV9TQUlMPWZhbHNlIHwgT1BFTl9TQUlMPWZhbHNlIHwgU0FJTE9SU19BVj0xMQ==
 >>> 
UlVEREVSPWZhbHNlIHwgQ0xPU0VfU0FJTD1mYWxzZSB8IE9QRU5fU0FJTD1mYWxzZSB8IFNBSUxPUlNfQVY9MTE=
 >>> 
UlVEREVSPWZhbHNlIHwgQ0xPU0VfU0FJTD1mYWxzZSB8IE9QRU5fU0FJTD1mYWxzZSB8IFNBSUxPUlNfQVY9MTE=
 >>> 
UlVEREVSPWZhbHNlIHwgQ0xPU0VfU0FJTD1mYWxzZSB8IE9QRU5fU0FJTD1mYWxzZSB8IFNBSUxPUlNfQVY9MTE=
 >>> 
UlVEREVSPXRydWUgfCBDTE9TRV9TQUlMPWZhbHNlIHwgT1BFTl9TQUlMPWZhbHNlIHwgU0FJTE9SU19BVj0xMQ==
 >>> 
UlVEREVSPWZhbHNlIHwgQ0xPU0VfU0FJTD1mYWxzZSB8IE9QRU5fU0FJTD1mYWxzZSB8IFNBSUxPUlNfQVY9MTE=
 >>> 
UlVEREVSPWZhbHNlIHwgQ0xPU0VfU0FJTD1mYWxzZSB8IE9QRU5fU0FJTD1mYWxzZSB8IFNBSUxPUlNfQVY9MTE=
 >>> 
UlVEREVSPWZhbHNlIHwgQ0xPU0VfU0FJTD1mYWxzZSB8IE9QRU5fU0FJTD1mYWxzZSB8IFNBSUxPUlNfQVY9MTE=
 >>> 
UlVEREVSPWZhbHNlIHwgQ0xPU0VfU0FJTD1mYWxzZSB8IE9QRU5fU0FJTD1mYWxzZSB8IFNBSUxPUlNfQVY9MTE=
 >>> 
UlVEREVSPWZhbHNlIHwgQ0xPU0VfU0FJTD1mYWxzZSB8IE9QRU5fU0FJTD1mYWxzZSB8IFNBSUxPUlNfQVY9MTE=
 >>> 
UlVEREVSPWZhbHNlIHwgQ0xPU0VfU0FJTD1mYWxzZSB8IE9QRU5fU0FJTD1mYWxzZSB8IFNBSUxPUlNfQVY9MTE=
 >>> 
UlVEREVSPWZhbHNlIHwgQ0xPU0VfU0FJTD1mYWxzZSB8IE9QRU5fU0FJTD1mYWxzZSB8IFNBSUxPUlNfQVY9MTE=
 >>> 
UlVEREVSPWZhbHNlIHwgQ0xPU0VfU0FJTD1mYWxzZSB8IE9QRU5fU0FJTD1mYWxzZSB8IFNBSUxPUlNfQVY9MTE=
 >>> 
UlVEREVSPWZhbHNlIHwgQ0xPU0VfU0FJTD1mYWxzZSB8IE9QRU5fU0FJTD1mYWxzZSB8IFNBSUxPUlNfQVY9MTE=
 >>> 
UlVEREVSPWZhbHNlIHwgQ0xPU0VfU0FJTD1mYWxzZSB8IE9QRU5fU0FJTD1mYWxzZSB8IFNBSUxPUlNfQVY9MTE=
 >>> 
UlVEREVSPWZhbHNlIHwgQ0xPU0VfU0FJTD1mYWxzZSB8IE9QRU5fU0FJTD1mYWxzZSB8IFNBSUxPUlNfQVY9MTE=
 >>> 
UlVEREVSPWZhbHNlIHwgQ0xPU0VfU0FJTD1mYWxzZSB8IE9QRU5fU0FJTD1mYWxzZSB8IFNBSUxPUlNfQVY9MTE=
 >>> 
UlVEREVSPWZhbHNlIHwgQ0xPU0VfU0FJTD1mYWxzZSB8IE9QRU5fU0FJTD1mYWxzZSB8IFNBSUxPUlNfQVY9MTE=
 >>> 
UlVEREVSPWZhbHNlIHwgQ0xPU0VfU0FJTD1mYWxzZSB8IE9QRU5fU0FJTD1mYWxzZSB8IFNBSUxPUlNfQVY9MTE=
 >>> 
UlVEREVSPWZhbHNlIHwgQ0xPU0VfU0FJTD1mYWxzZSB8IE9QRU5fU0FJTD1mYWxzZSB8IFNBSUxPUlNfQVY9MTE=
 >>> 
UlVEREVSPWZhbHNlIHwgQ0xPU0VfU0FJTD1mYWxzZSB8IE9QRU5fU0FJTD1mYWxzZSB8IFNBSUxPUlNfQVY9MTE=
 >>> 
UlVEREVSPXRydWUgfCBDTE9TRV9TQUlMPWZhbHNlIHwgT1BFTl9TQUlMPWZhbHNlIHwgU0FJTE9SU19BVj0xMQ==
 >>> 
UlVEREVSPXRydWUgfCBDTE9TRV9TQUlMPWZhbHNlIHwgT1BFTl9TQUlMPWZhbHNlIHwgU0FJTE9SU19BVj0xMQ==
 >>> 
UlVEREVSPWZhbHNlIHwgQ0xPU0VfU0FJTD1mYWxzZSB8IE9QRU5fU0FJTD1mYWxzZSB8IFNBSUxPUlNfQVY9MTE=
 >>> 
UlVEREVSPWZhbHNlIHwgQ0xPU0VfU0FJTD1mYWxzZSB8IE9QRU5fU0FJTD1mYWxzZSB8IFNBSUxPUlNfQVY9MTE=
 >>> 
UlVEREVSPWZhbHNlIHwgQ0xPU0VfU0FJTD1mYWxzZSB8IE9QRU5fU0FJTD1mYWxzZSB8IFNBSUxPUlNfQVY9MTE=
 >>> 
UlVEREVSPWZhbHNlIHwgQ0xPU0VfU0FJTD1mYWxzZSB8IE9QRU5fU0FJTD1mYWxzZSB8IFNBSUxPUlNfQVY9MTE=
