-Sailor n°12 moves +1/+0
-Sailor n°21 moves +3/+0
-Sailor n°17 moves +0/+3
-Sailor n°17 rows.
-Sailor n°14 moves +5/+0
-Sailor n°11 moves +5/+0
-Sailor n°19 moves +2/+0
-Sailor n°15 moves...
-Sailor n°12 moves +0/+3
-Sailor n°12 rows.
-Sailor n°21 rows.
-Sailor n°14 moves +0/-1
-Sailor n°14 lifted the sail.
-Sailor n°17 moves +0/-4
-Sailor n°17 rows.
-Sailor n°19 moves +0/-3
...
-Sailor n°12 rows.
-Sailor n°21 rows.
-Sailor n°14 lowered the sail.
-Sailor n°17 rows.
-Sailor n°19 rows.
-Sailor n°11 rows.
-Sailor n°16 moves +0/+2
-Sailor n°16 turned the rudder with ...
-Sailor n°12 rows.
-Sailor n°21 rows.
-Sailor n°14 lifted the sail.
-Sailor n°17 rows.
-Sailor n°11 moves +0/+4
-Sailor n°11 rows.
-Sailor n°19 rows.
-Sailor n°15 moves +0/-4
-Sailor n°15...
-Sailor n°12 rows.
-Sailor n°21 rows.
-Sailor n°14 lowered the sail.
-Sailor n°17 rows.
-Sailor n°11 rows.
-Sailor n°19 rows.
-Sailor n°15 rows.
-Sailor n°20 rows.
-Sailor n°13 rows.
-Sai...
-Sailor n°12 rows.
-Sailor n°21 rows.
-Sailor n°14 lifted the sail.
-Sailor n°17 rows.
-Sailor n°11 rows.
-Sailor n°19 rows.
-Sailor n°15 rows.
-Sailor n°20 rows.
-Sailor n°13 rows.
-Sail...
-Sailor n°12 rows.
-Sailor n°21 rows.
-Sailor n°14 lowered the sail.
-Sailor n°17 rows.
-Sailor n°11 rows.
-Sailor n°19 rows.
-Sailor n°15 rows.
-Sailor n°20 rows.
-Sailor n°13 rows.
-Sai...
-Sailor n°12 rows.
-Sailor n°21 rows.
-Sailor n°14 lifted the sail.
-Sailor n°17 rows.
-Sailor n°11 rows.
-Sailor n°19 rows.
-Sailor n°15 rows.
-Sailor n°20 rows.
-Sailor n°13 rows.
-Sail...
-Sailor n°12 rows.
-Sailor n°21 rows.
-Sailor n°14 lowered the sail.
-Sailor n°17 rows.
-Sailor n°11 rows.
-Sailor n°19 rows.
-Sailor n°15 rows.
-Sailor n°20 rows.
-Sailor n°13 rows.
-Sai...
-Sailor n°12 rows.
-Sailor n°21 rows.
-Sailor n°14 lifted the sail.
-Sailor n°17 rows.
-Sailor n°11 rows.
-Sailor n°19 rows.
-Sailor n°15 rows.
-Sailor n°20 rows.
-Sailor n°13 rows.
-Sail...
-Sailor n°12 rows.
-Sailor n°21 rows.
-Sailor n°14 lowered the sail.
-Sailor n°17 rows.
-Sailor n°11 rows.
-Sailor n°19 rows.
-Sailor n°15 rows.
-Sailor n°20 rows.
-Sailor n°13 rows.
-Sai...
-Sailor n°12 rows.
-Sailor n°21 rows.
-Sailor n°14 lifted the sail.
-Sailor n°17 rows.
-Sailor n°11 rows.
-Sailor n°19 rows.
-Sailor n°15 rows.
-Sailor n°20 rows.
-Sailor n°13 rows.
-Sail...
-Sailor n°12 rows.
-Sailor n°21 rows.
-Sailor n°14 lowered the sail.
-Sailor n°17 rows.
-Sailor n°11 rows.
-Sailor n°19 rows.
-Sailor n°15 rows.
-Sailor n°20 rows.
-Sailor n°13 rows.
-Sai...
-Sailor n°12 rows.
-Sailor n°21 rows.
-Sailor n°14 lifted the sail.
-Sailor n°17 rows.
-Sailor n°11 rows.
-Sailor n°19 rows.
-Sailor n°15 rows.
-Sailor n°20 rows.
-Sailor n°13 rows.
-Sail...
-Sailor n°12 rows.
-Sailor n°21 rows.
-Sailor n°14 lowered the sail.
-Sailor n°17 rows.
-Sailor n°11 rows.
-Sailor n°19 rows.
-Sailor n°15 rows.
-Sailor n°20 rows.
-Sailor n°13 rows.
-Sai...
-Sailor n°12 rows.
-Sailor n°21 rows.
-Sailor n°14 lifted the sail.
-Sailor n°17 rows.
-Sailor n°11 rows.
-Sailor n°19 rows.
-Sailor n°15 rows.
-Sailor n°20 rows.
-Sailor n°13 rows.
-Sail...
-Sailor n°12 rows.
-Sailor n°21 rows.
-Sailor n°14 lowered the sail.
-Sailor n°17 rows.
-Sailor n°11 rows.
-Sailor n°19 rows.
-Sailor n°15 rows.
-Sailor n°16 turned the rudder with an ang...
-Sailor n°12 rows.
-Sailor n°21 rows.
-Sailor n°14 lifted the sail.
-Sailor n°17 rows.
-Sailor n°19 rows.
-Sailor n°20 rows.
-Sailor n°13 rows.
-Sailor n°18 uses the watch

-Sailor n°12 rows.
-Sailor n°21 rows.
-Sailor n°14 lowered the sail.
-Sailor n°17 rows.
-Sailor n°19 rows.
-Sailor n°11 moves +0/-4
-Sailor n°11 rows.
-Sailor n°20 rows.
-Sailor n°13 rows...
-Sailor n°12 rows.
-Sailor n°21 rows.
-Sailor n°14 lifted the sail.
-Sailor n°17 rows.
-Sailor n°11 moves +0/+4
-Sailor n°11 rows.
-Sailor n°19 rows.
-Sailor n°15 rows.
-Sailor n°16 turne...
-Sailor n°12 rows.
-Sailor n°14 lowered the sail.
-Sailor n°17 rows.
-Sailor n°11 moves +0/-4
-Sailor n°11 rows.
-Sailor n°16 turned the rudder with an angle of -6
-Sailor n°20 moves +0/-...
-Sailor n°12 rows.
-Sailor n°14 moves +0/+2
-Sailor n°14 rows.
-Sailor n°17 rows.
-Sailor n°19 rows.
-Sailor n°11 rows.
-Sailor n°16 turned the rudder with an angle of +11
-Sailor n°20 ro...
-Sailor n°12 rows.
-Sailor n°14 rows.
-Sailor n°17 rows.
-Sailor n°11 moves +0/+4
-Sailor n°11 rows.
-Sailor n°19 rows.
-Sailor n°15 rows.
-Sailor n°16 turned the rudder with an angle of ...
-Sailor n°12 rows.
-Sailor n°14 rows.
-Sailor n°11 rows.
-Sailor n°16 turned the rudder with an angle of +30
-Sailor n°13 rows.
-Sailor n°18 uses the watch

-Sailor n°12 rows.
-Sailor n°21 rows.
-Sailor n°14 moves +0/-2
-Sailor n°14 lifted the sail.
-Sailor n°17 rows.
-Sailor n°11 rows.
-Sailor n°19 rows.
-Sailor n°15 rows.
-Sailor n°16 turne...
-Sailor n°12 rows.
-Sailor n°21 rows.
-Sailor n°14 lowered the sail.
-Sailor n°17 rows.
-Sailor n°11 rows.
-Sailor n°19 rows.
-Sailor n°15 rows.
-Sailor n°20 rows.
-Sailor n°13 rows.
-Sai...
-Sailor n°12 rows.
-Sailor n°21 rows.
-Sailor n°14 lifted the sail.
-Sailor n°17 rows.
-Sailor n°11 rows.
-Sailor n°19 rows.
-Sailor n°15 rows.
-Sailor n°20 rows.
-Sailor n°13 rows.
-Sail...
-Sailor n°12 rows.
-Sailor n°21 rows.
-Sailor n°14 lowered the sail.
-Sailor n°17 rows.
-Sailor n°11 rows.
-Sailor n°19 rows.
-Sailor n°15 rows.
-Sailor n°20 rows.
-Sailor n°13 rows.
-Sai...
-Sailor n°12 rows.
-Sailor n°14 lifted the sail.
-Sailor n°17 rows.
-Sailor n°16 turned the rudder with an angle of +11
-Sailor n°18 uses the watch

-Sailor n°12 rows.
-Sailor n°21 rows.
-Sailor n°14 lowered the sail.
-Sailor n°17 rows.
-Sailor n°11 rows.
-Sailor n°19 rows.
-Sailor n°15 rows.
-Sailor n°16 turned the rudder with an ang...
-Sailor n°12 rows.
-Sailor n°21 rows.
-Sailor n°14 lifted the sail.
-Sailor n°17 rows.
-Sailor n°11 rows.
-Sailor n°19 rows.
-Sailor n°15 rows.
-Sailor n°20 rows.
-Sailor n°13 rows.
-Sail...
-Sailor n°12 rows.
-Sailor n°21 rows.
-Sailor n°14 lowered the sail.
-Sailor n°17 rows.
-Sailor n°11 rows.
-Sailor n°19 rows.
-Sailor n°15 rows.
-Sailor n°20 rows.
-Sailor n°13 rows.
-Sai...
-Sailor n°12 rows.
-Sailor n°21 rows.
-Sailor n°14 lifted the sail.
-Sailor n°17 rows.
-Sailor n°11 rows.
-Sailor n°19 rows.
-Sailor n°15 rows.
-Sailor n°20 rows.
-Sailor n°13 rows.
-Sail...
-Sailor n°12 rows.
-Sailor n°21 rows.
-Sailor n°14 lowered the sail.
-Sailor n°17 rows.
-Sailor n°11 rows.
-Sailor n°19 rows.
-Sailor n°15 rows.
-Sailor n°20 rows.
-Sailor n°13 rows.
-Sai...
-Sailor n°12 rows.
-Sailor n°21 rows.
-Sailor n°14 lifted the sail.
-Sailor n°17 rows.
-Sailor n°11 rows.
-Sailor n°19 rows.
-Sailor n°15 rows.
-Sailor n°20 rows.
-Sailor n°13 rows.
-Sail...
-Sailor n°12 rows.
-Sailor n°21 rows.
-Sailor n°14 lowered the sail.
-Sailor n°17 rows.
-Sailor n°11 rows.
-Sailor n°19 rows.
-Sailor n°15 rows.
-Sailor n°20 rows.
-Sailor n°13 rows.
-Sai...
-Sailor n°12 rows.
-Sailor n°21 rows.
-Sailor n°14 lifted the sail.
-Sailor n°17 rows.
-Sailor n°11 rows.
-Sailor n°19 rows.
-Sailor n°15 rows.
-Sailor n°20 rows.
-Sailor n°13 rows.
-Sail...
-Sailor n°12 rows.
-Sailor n°21 rows.
-Sailor n°14 lowered the sail.
-Sailor n°17 rows.
-Sailor n°11 rows.
-Sailor n°19 rows.
-Sailor n°15 rows.
-Sailor n°16 turned the rudder with an ang...
-Sailor n°12 rows.
-Sailor n°21 rows.
-Sailor n°14 lifted the sail.
-Sailor n°17 rows.
-Sailor n°19 rows.
-Sailor n°16 turned the rudder with an angle of -3
-Sailor n°20 rows.
-Sailor n°1...
-Sailor n°12 moves +0/-4
-Sailor n°12 rows.
-Sailor n°14 lowered the sail.
-Sailor n°11 moves +0/-4
-Sailor n°11 rows.
-Sailor n°16 turned the rudder with an angle of -45
-Sailor n°20 mov...
-Sailor n°12 moves +0/+4
-Sailor n°12 rows.
-Sailor n°17 rows.
-Sailor n°14 moves +0/-2
-Sailor n°14 rows.
-Sailor n°19 rows.
-Sailor n°11 rows.
-Sailor n°16 turned the rudder with an ang...
-Sailor n°12 rows.
-Sailor n°14 moves +0/+4
-Sailor n°14 rows.
-Sailor n°17 rows.
-Sailor n°11 moves +0/+4
-Sailor n°11 rows.
-Sailor n°19 rows.
-Sailor n°15 rows.
-Sailor n°20 rows.
-Sai...
-Sailor n°12 rows.
-Sailor n°14 rows.
-Sailor n°17 rows.
-Sailor n°11 rows.
-Sailor n°19 rows.
-Sailor n°15 rows.
-Sailor n°20 rows.
-Sailor n°13 rows.
-Sailor n°18 uses the watch

-Sailor n°12 rows.
-Sailor n°14 rows.
-Sailor n°17 rows.
-Sailor n°11 rows.
-Sailor n°19 rows.
-Sailor n°15 rows.
-Sailor n°20 rows.
-Sailor n°13 rows.
-Sailor n°18 uses the watch

-Sailor n°12 rows.
-Sailor n°14 rows.
-Sailor n°17 rows.
-Sailor n°11 rows.
-Sailor n°19 rows.
-Sailor n°15 rows.
-Sailor n°20 rows.
-Sailor n°13 rows.
-Sailor n°18 uses the watch

-Sailor n°12 rows.
-Sailor n°14 rows.
-Sailor n°17 rows.
-Sailor n°11 rows.
-Sailor n°19 rows.
-Sailor n°15 rows.
-Sailor n°16 turned the rudder with an angle of -2
-Sailor n°20 rows.
-Sa...
-Sailor n°12 rows.
-Sailor n°14 rows.
-Sailor n°17 rows.
-Sailor n°11 rows.
-Sailor n°19 rows.
-Sailor n°15 rows.
-Sailor n°20 rows.
-Sailor n°13 rows.
-Sailor n°18 uses the watch

-Sailor n°12 rows.
-Sailor n°14 rows.
-Sailor n°17 rows.
-Sailor n°11 rows.
-Sailor n°19 rows.
-Sailor n°15 rows.
-Sailor n°20 rows.
-Sailor n°13 rows.
-Sailor n°18 uses the watch

-Sailor n°12 rows.
-Sailor n°14 rows.
-Sailor n°17 rows.
-Sailor n°11 rows.
-Sailor n°19 rows.
-Sailor n°15 rows.
-Sailor n°20 rows.
-Sailor n°13 rows.
-Sailor n°18 uses the watch

-Sailor n°12 rows.
-Sailor n°14 rows.
-Sailor n°17 rows.
-Sailor n°11 rows.
-Sailor n°19 rows.
-Sailor n°15 rows.
-Sailor n°20 rows.
-Sailor n°13 rows.
-Sailor n°18 uses the watch

-Sailor n°12 rows.
-Sailor n°14 rows.
-Sailor n°17 rows.
-Sailor n°19 rows.
-Sailor n°20 rows.
-Sailor n°13 rows.
-Sailor n°18 uses the watch

-Sailor n°12 rows.
-Sailor n°14 rows.
-Sailor n°17 rows.
-Sailor n°19 rows.
-Sailor n°11 moves +0/-4
-Sailor n°11 rows.
-Sailor n°16 turned the rudder with an angle of +10
-Sailor n°20 ro...
-Sailor n°12 rows.
-Sailor n°14 rows.
-Sailor n°17 rows.
-Sailor n°11 moves +0/+4
-Sailor n°11 rows.
-Sailor n°19 rows.
-Sailor n°15 rows.
-Sailor n°20 rows.
-Sailor n°13 rows.
-Sailor n°...
-Sailor n°12 rows.
-Sailor n°14 rows.
-Sailor n°17 rows.
-Sailor n°11 rows.
-Sailor n°19 rows.
-Sailor n°15 rows.
-Sailor n°20 rows.
-Sailor n°13 rows.
-Sailor n°18 uses the watch

-Sailor n°12 rows.
-Sailor n°14 rows.
-Sailor n°17 rows.
-Sailor n°11 rows.
-Sailor n°19 rows.
-Sailor n°15 rows.
-Sailor n°20 rows.
-Sailor n°13 rows.
-Sailor n°18 uses the watch

-Sailor n°12 rows.
-Sailor n°14 rows.
-Sailor n°17 rows.
-Sailor n°11 rows.
-Sailor n°19 rows.
-Sailor n°15 rows.
-Sailor n°20 rows.
-Sailor n°13 rows.
-Sailor n°18 uses the watch

-Sailor n°12 rows.
-Sailor n°14 rows.
-Sailor n°17 rows.
-Sailor n°11 rows.
-Sailor n°19 rows.
-Sailor n°15 rows.
-Sailor n°20 rows.
-Sailor n°13 rows.
-Sailor n°18 uses the watch

-Sailor n°12 rows.
-Sailor n°14 rows.
-Sailor n°17 rows.
-Sailor n°11 rows.
-Sailor n°19 rows.
-Sailor n°15 rows.
-Sailor n°20 rows.
-Sailor n°13 rows.
-Sailor n°18 uses the watch

-Sailor n°12 rows.
-Sailor n°14 rows.
-Sailor n°17 rows.
-Sailor n°11 rows.
-Sailor n°19 rows.
-Sailor n°15 rows.
-Sailor n°20 rows.
-Sailor n°13 rows.
-Sailor n°18 uses the watch

-Sailor n°12 rows.
-Sailor n°14 rows.
-Sailor n°17 rows.
-Sailor n°11 rows.
-Sailor n°19 rows.
-Sailor n°15 rows.
-Sailor n°20 rows.
-Sailor n°13 rows.
-Sailor n°18 uses the watch

-Sailor n°12 rows.
-Sailor n°14 rows.
-Sailor n°17 rows.
-Sailor n°11 rows.
-Sailor n°19 rows.
-Sailor n°15 rows.
-Sailor n°20 rows.
-Sailor n°13 rows.
-Sailor n°18 uses the watch

-Sailor n°12 rows.
-Sailor n°14 rows.
-Sailor n°17 rows.
-Sailor n°11 rows.
-Sailor n°19 rows.
-Sailor n°15 rows.
-Sailor n°20 rows.
-Sailor n°13 rows.
-Sailor n°18 uses the watch

-Sailor n°12 rows.
-Sailor n°14 rows.
-Sailor n°17 rows.
-Sailor n°11 rows.
-Sailor n°19 rows.
-Sailor n°15 rows.
-Sailor n°20 rows.
-Sailor n°13 rows.
-Sailor n°18 uses the watch

-Sailor n°12 rows.
-Sailor n°14 rows.
-Sailor n°17 rows.
-Sailor n°11 rows.
-Sailor n°19 rows.
-Sailor n°15 rows.
-Sailor n°20 rows.
-Sailor n°13 rows.
-Sailor n°18 uses the watch

-Sailor n°12 rows.
-Sailor n°14 rows.
-Sailor n°17 rows.
-Sailor n°11 rows.
-Sailor n°19 rows.
-Sailor n°15 rows.
-Sailor n°20 rows.
-Sailor n°13 rows.
-Sailor n°18 uses the watch

-Sailor n°12 rows.
-Sailor n°14 rows.
-Sailor n°17 rows.
-Sailor n°11 rows.
-Sailor n°19 rows.
-Sailor n°15 rows.
-Sailor n°20 rows.
-Sailor n°13 rows.
-Sailor n°18 uses the watch

-Sailor n°12 rows.
-Sailor n°14 rows.
-Sailor n°17 rows.
-Sailor n°11 rows.
-Sailor n°19 rows.
-Sailor n°15 rows.
-Sailor n°20 rows.
-Sailor n°13 rows.
-Sailor n°18 uses the watch

-Sailor n°12 rows.
-Sailor n°14 rows.
-Sailor n°17 rows.
-Sailor n°11 rows.
-Sailor n°19 rows.
-Sailor n°15 rows.
-Sailor n°20 rows.
-Sailor n°13 rows.
-Sailor n°18 uses the watch

-Sailor n°12 rows.
-Sailor n°14 rows.
-Sailor n°17 rows.
-Sailor n°11 rows.
-Sailor n°19 rows.
-Sailor n°15 rows.
-Sailor n°20 rows.
-Sailor n°13 rows.
-Sailor n°18 uses the watch

-Sailor n°12 rows.
-Sailor n°14 rows.
-Sailor n°17 rows.
-Sailor n°11 rows.
-Sailor n°19 rows.
-Sailor n°15 rows.
-Sailor n°20 rows.
-Sailor n°13 rows.
-Sailor n°18 uses the watch

-Sailor n°12 rows.
-Sailor n°14 rows.
-Sailor n°17 rows.
-Sailor n°11 rows.
-Sailor n°19 rows.
-Sailor n°15 rows.
-Sailor n°20 rows.
-Sailor n°13 rows.
-Sailor n°18 uses the watch

-Sailor n°12 rows.
-Sailor n°14 rows.
-Sailor n°17 rows.
-Sailor n°11 rows.
-Sailor n°19 rows.
-Sailor n°15 rows.
-Sailor n°20 rows.
-Sailor n°13 rows.
-Sailor n°18 uses the watch

-Sailor n°12 rows.
-Sailor n°14 rows.
-Sailor n°17 rows.
-Sailor n°11 rows.
-Sailor n°19 rows.
-Sailor n°15 rows.
-Sailor n°20 rows.
-Sailor n°13 rows.
-Sailor n°18 uses the watch

-Sailor n°12 rows.
-Sailor n°14 rows.
-Sailor n°17 rows.
-Sailor n°11 rows.
-Sailor n°19 rows.
-Sailor n°15 rows.
-Sailor n°20 rows.
-Sailor n°13 rows.
-Sailor n°18 uses the watch

-Sailor n°12 rows.
-Sailor n°14 rows.
-Sailor n°17 rows.
-Sailor n°11 rows.
-Sailor n°19 rows.
-Sailor n°15 rows.
-Sailor n°20 rows.
-Sailor n°13 rows.
-Sailor n°18 uses the watch

-Sailor n°12 rows.
-Sailor n°14 rows.
-Sailor n°17 rows.
-Sailor n°11 rows.
-Sailor n°19 rows.
-Sailor n°15 rows.
-Sailor n°16 turned the rudder with an angle of -3
-Sailor n°20 rows.
-Sa...
-Sailor n°12 rows.
-Sailor n°14 rows.
-Sailor n°11 rows.
-Sailor n°16 turned the rudder with an angle of +45
-Sailor n°13 rows.
-Sailor n°18 uses the watch

-Sailor n°12 rows.
-Sailor n°21 rows.
-Sailor n°14 moves +0/-2
-Sailor n°14 lifted the sail.
-Sailor n°17 rows.
-Sailor n°19 rows.
-Sailor n°11 moves +0/-4
-Sailor n°11 rows.
-Sailor n°16...
-Sailor n°12 rows.
-Sailor n°21 rows.
-Sailor n°14 lowered the sail.
-Sailor n°17 rows.
-Sailor n°11 moves +0/+4
-Sailor n°11 rows.
-Sailor n°19 rows.
-Sailor n°15 rows.
-Sailor n°16 turn...
-Sailor n°12 rows.
-Sailor n°14 moves +0/+2
-Sailor n°14 rows.
-Sailor n°17 rows.
-Sailor n°11 rows.
-Sailor n°19 rows.
-Sailor n°15 rows.
-Sailor n°16 turned the rudder with an angle of ...
