-Sailor n°2 moves +2/+0
-Sailor n°2 rows.
-Sailor n°0 moves +1/+0
-Sailor n°0 rows.
-Sailor n°1 moves +2/-1
-Sailor n°1 rows.

-Sailor n°2 moves -2/+0
-Sailor n°2 rows.
-Sailor n°3 moves +1/-1
-Sailor n°3 rows.
-Sailor n°0 moves +0/+1
-Sailor n°0 rows.
-Sailor n°1 moves +0/+1
-Sailor n°1 rows.

-Sailor n°2 moves +0/+0
-Sailor n°2 rows.
-Sailor n°3 moves +0/+0
-Sailor n°3 rows.
-Sailor n°0 moves +0/+0
-Sailor n°0 rows.
-Sailor n°1 moves +0/+0
-Sailor n°1 rows.

-Sailor n°2 moves +1/+0
-Sailor n°2 rows.
-Sailor n°0 moves +0/+0
-Sailor n°0 rows.
-Sailor n°1 moves -1/-1
-Sailor n°1 rows.

-Sailor n°2 moves +1/+0
-Sailor n°2 rows.
-Sailor n°0 moves +0/-1
-Sailor n°0 rows.
-Sailor n°1 moves +1/+0
-Sailor n°1 rows.

-Sailor n°2 moves -1/+0
-Sailor n°2 rows.
-Sailor n°3 moves +1/+0
-Sailor n°3 rows.
-Sailor n°0 moves +0/+1
-Sailor n°0 rows.
-Sailor n°1 moves -1/+0
-Sailor n°1 rows.

-Sailor n°2 moves -1/+0
-Sailor n°2 rows.
-Sailor n°3 moves -1/+0
-Sailor n°3 rows.
-Sailor n°0 moves +0/+0
-Sailor n°0 rows.
-Sailor n°1 moves +1/+1
-Sailor n°1 rows.

-Sailor n°2 moves +0/+0
-Sailor n°2 rows.
-Sailor n°3 moves +0/+0
-Sailor n°3 rows.
-Sailor n°0 moves +0/+0
-Sailor n°0 rows.
-Sailor n°1 moves +0/+0
-Sailor n°1 rows.

-Sailor n°2 moves +0/+0
-Sailor n°2 rows.
-Sailor n°3 moves +0/+0
-Sailor n°3 rows.
-Sailor n°0 moves +0/+0
-Sailor n°0 rows.
-Sailor n°1 moves +0/+0
-Sailor n°1 rows.

-Sailor n°2 moves +0/+0
-Sailor n°2 rows.
-Sailor n°3 moves +0/+0
-Sailor n°3 rows.
-Sailor n°0 moves +0/+0
-Sailor n°0 rows.
-Sailor n°1 moves +0/+0
-Sailor n°1 rows.

-Sailor n°2 moves +0/+0
-Sailor n°2 rows.
-Sailor n°3 moves +0/+0
-Sailor n°3 rows.
-Sailor n°0 moves +0/+0
-Sailor n°0 rows.
-Sailor n°1 moves +0/+0
-Sailor n°1 rows.

-Sailor n°2 moves +0/+0
-Sailor n°2 rows.
-Sailor n°3 moves +0/+0
-Sailor n°3 rows.
-Sailor n°0 moves +0/+0
-Sailor n°0 rows.
-Sailor n°1 moves +0/+0
-Sailor n°1 rows.

-Sailor n°2 moves +0/+0
-Sailor n°2 rows.
-Sailor n°3 moves +0/+0
-Sailor n°3 rows.
-Sailor n°0 moves +0/+0
-Sailor n°0 rows.
-Sailor n°1 moves +0/+0
-Sailor n°1 rows.

-Sailor n°2 moves +0/+0
-Sailor n°2 rows.
-Sailor n°3 moves +0/+0
-Sailor n°3 rows.
-Sailor n°0 moves +0/+0
-Sailor n°0 rows.
-Sailor n°1 moves +0/+0
-Sailor n°1 rows.

-Sailor n°2 moves +0/+0
-Sailor n°2 rows.
-Sailor n°3 moves +0/+0
-Sailor n°3 rows.
-Sailor n°0 moves +0/+0
-Sailor n°0 rows.
-Sailor n°1 moves +0/+0
-Sailor n°1 rows.

-Sailor n°2 moves +0/+0
-Sailor n°2 rows.
-Sailor n°3 moves +0/+0
-Sailor n°3 rows.
-Sailor n°0 moves +0/+0
-Sailor n°0 rows.
-Sailor n°1 moves +0/+0
-Sailor n°1 rows.

-Sailor n°2 moves +0/+0
-Sailor n°2 rows.
-Sailor n°3 moves +0/+0
-Sailor n°3 rows.
-Sailor n°0 moves +0/+0
-Sailor n°0 rows.
-Sailor n°1 moves +0/+0
-Sailor n°1 rows.

-Sailor n°2 moves +0/+0
-Sailor n°2 rows.
-Sailor n°3 moves +0/+0
-Sailor n°3 rows.
-Sailor n°0 moves +0/+0
-Sailor n°0 rows.
-Sailor n°1 moves +0/+0
-Sailor n°1 rows.

-Sailor n°2 moves +0/+0
-Sailor n°2 rows.
-Sailor n°0 moves +0/+0
-Sailor n°0 rows.
-Sailor n°1 moves +0/+0
-Sailor n°1 rows.

-Sailor n°2 moves +0/+0
-Sailor n°2 rows.
-Sailor n°3 moves +0/+0
-Sailor n°3 rows.
-Sailor n°0 moves +0/+0
-Sailor n°0 rows.
-Sailor n°1 moves +0/+0
-Sailor n°1 rows.

