-Sailor n°48 moves +2/+1
-Sailor n°48 turned the rudder with an angle of +4
-Sailor n°41 moves +2/+0
-Sailor n°41 rows.
-Sailor n°40 uses the watch
-Sailor n°43 moves +1/-1
-Sailor n°43 r...
-Sailor n°48 moves +0/-1
-Sailor n°48 rows.
-Sailor n°41 rows.
-Sailor n°40 uses the watch
-Sailor n°43 rows.
-Sailor n°47 moves +1/-2
-Sailor n°47 rows.
-Sailor n°44 rows.
-Sailor n°45 m...
-Sailor n°48 moves -2/+0
-Sailor n°48 rows.
-Sailor n°41 rows.
-Sailor n°40 uses the watch
-Sailor n°43 rows.
-Sailor n°47 moves +1/+2
-Sailor n°47 rows.
-Sailor n°44 moves +2/-1
-Sailor ...
-Sailor n°48 moves +1/+0
-Sailor n°48 rows.
-Sailor n°41 rows.
-Sailor n°40 uses the watch
-Sailor n°43 rows.
-Sailor n°47 moves -2/-2
-Sailor n°47 rows.
-Sailor n°44 moves -2/+1
-Sailor ...
-Sailor n°48 moves -1/+0
-Sailor n°48 rows.
-Sailor n°41 rows.
-Sailor n°40 uses the watch
-Sailor n°43 rows.
-Sailor n°47 moves +2/+2
-Sailor n°47 rows.
-Sailor n°44 moves +2/-1
-Sailor ...
-Sailor n°48 moves +1/+0
-Sailor n°48 rows.
-Sailor n°41 rows.
-Sailor n°40 uses the watch
-Sailor n°43 rows.
-Sailor n°47 moves -2/-2
-Sailor n°47 rows.
-Sailor n°44 moves -2/+1
-Sailor ...
-Sailor n°48 rows.
-Sailor n°41 rows.
-Sailor n°40 uses the watch
-Sailor n°43 rows.
-Sailor n°47 rows.
-Sailor n°44 rows.
-Sailor n°45 rows.
-Sailor n°42 rows.
-Sailor n°49 rows.
-Sailor...
-Sailor n°48 rows.
-Sailor n°41 rows.
-Sailor n°40 uses the watch
-Sailor n°43 rows.
-Sailor n°47 rows.
-Sailor n°44 rows.
-Sailor n°45 rows.
-Sailor n°42 rows.
-Sailor n°49 rows.
-Sailor...
-Sailor n°48 rows.
-Sailor n°41 rows.
-Sailor n°40 uses the watch
-Sailor n°43 rows.
-Sailor n°47 rows.
-Sailor n°44 rows.
-Sailor n°45 rows.
-Sailor n°42 rows.
-Sailor n°49 rows.
-Sailor...
-Sailor n°48 rows.
-Sailor n°41 rows.
-Sailor n°40 uses the watch
-Sailor n°43 rows.
-Sailor n°47 rows.
-Sailor n°44 rows.
-Sailor n°45 rows.
-Sailor n°42 rows.
-Sailor n°49 rows.
-Sailor...
-Sailor n°48 rows.
-Sailor n°41 rows.
-Sailor n°40 uses the watch
-Sailor n°43 rows.
-Sailor n°47 rows.
-Sailor n°44 rows.
-Sailor n°45 rows.
-Sailor n°42 rows.
-Sailor n°49 rows.
-Sailor...
-Sailor n°48 rows.
-Sailor n°41 rows.
-Sailor n°40 uses the watch
-Sailor n°43 rows.
-Sailor n°47 rows.
-Sailor n°44 rows.
-Sailor n°45 rows.
-Sailor n°42 rows.
-Sailor n°49 rows.
-Sailor...
-Sailor n°48 rows.
-Sailor n°41 rows.
-Sailor n°40 uses the watch
-Sailor n°43 rows.
-Sailor n°47 rows.
-Sailor n°44 rows.
-Sailor n°45 rows.
-Sailor n°42 rows.
-Sailor n°49 rows.
-Sailor...
-Sailor n°48 rows.
-Sailor n°41 rows.
-Sailor n°40 uses the watch
-Sailor n°43 rows.
-Sailor n°47 rows.
-Sailor n°44 rows.
-Sailor n°45 rows.
-Sailor n°42 rows.
-Sailor n°49 rows.
-Sailor...
-Sailor n°48 rows.
-Sailor n°41 rows.
-Sailor n°40 uses the watch
-Sailor n°43 rows.
-Sailor n°47 rows.
-Sailor n°44 rows.
-Sailor n°45 rows.
-Sailor n°42 rows.
-Sailor n°49 rows.
-Sailor...
-Sailor n°48 rows.
-Sailor n°41 rows.
-Sailor n°40 uses the watch
-Sailor n°43 rows.
-Sailor n°47 rows.
-Sailor n°44 rows.
-Sailor n°45 rows.
-Sailor n°42 rows.
-Sailor n°49 rows.
-Sailor...
-Sailor n°48 rows.
-Sailor n°41 rows.
-Sailor n°40 uses the watch
-Sailor n°43 rows.
-Sailor n°47 rows.
-Sailor n°44 rows.
-Sailor n°45 rows.
-Sailor n°42 rows.
-Sailor n°49 rows.
-Sailor...
-Sailor n°48 rows.
-Sailor n°41 rows.
-Sailor n°40 uses the watch
-Sailor n°43 rows.
-Sailor n°47 rows.
-Sailor n°44 rows.
-Sailor n°45 rows.
-Sailor n°42 rows.
-Sailor n°49 rows.
-Sailor...
-Sailor n°48 rows.
-Sailor n°41 rows.
-Sailor n°40 uses the watch
-Sailor n°43 rows.
-Sailor n°47 rows.
-Sailor n°44 rows.
-Sailor n°45 rows.
-Sailor n°42 rows.
-Sailor n°49 rows.
-Sailor...
-Sailor n°48 rows.
-Sailor n°41 rows.
-Sailor n°40 uses the watch
-Sailor n°43 rows.
-Sailor n°47 rows.
-Sailor n°44 rows.
-Sailor n°45 rows.
-Sailor n°42 rows.
-Sailor n°49 rows.
-Sailor...
-Sailor n°48 rows.
-Sailor n°41 rows.
-Sailor n°40 uses the watch
-Sailor n°43 rows.
-Sailor n°47 rows.
-Sailor n°44 rows.
-Sailor n°45 rows.
-Sailor n°42 rows.
-Sailor n°49 rows.
-Sailor...
-Sailor n°48 rows.
-Sailor n°41 rows.
-Sailor n°40 uses the watch
-Sailor n°43 rows.
-Sailor n°47 rows.
-Sailor n°44 rows.
-Sailor n°45 rows.
-Sailor n°42 rows.
-Sailor n°49 rows.
-Sailor...
-Sailor n°48 rows.
-Sailor n°41 rows.
-Sailor n°40 uses the watch
-Sailor n°43 rows.
-Sailor n°47 rows.
-Sailor n°44 rows.
-Sailor n°45 rows.
-Sailor n°42 rows.
-Sailor n°49 rows.
-Sailor...
-Sailor n°48 rows.
-Sailor n°41 rows.
-Sailor n°40 uses the watch
-Sailor n°43 rows.
-Sailor n°47 rows.
-Sailor n°44 rows.
-Sailor n°45 rows.
-Sailor n°42 rows.
-Sailor n°49 rows.
-Sailor...
-Sailor n°48 moves -1/+0
-Sailor n°48 rows.
-Sailor n°41 rows.
-Sailor n°40 uses the watch
-Sailor n°43 rows.
-Sailor n°47 moves +2/+2
-Sailor n°47 rows.
-Sailor n°44 moves +2/-1
-Sailor ...
-Sailor n°48 moves +1/+0
-Sailor n°48 rows.
-Sailor n°41 rows.
-Sailor n°40 uses the watch
-Sailor n°43 rows.
-Sailor n°47 moves -2/-2
-Sailor n°47 rows.
-Sailor n°44 moves -2/+1
-Sailor ...
-Sailor n°41 rows.
-Sailor n°40 uses the watch
-Sailor n°43 rows.
-Sailor n°44 rows.
-Sailor n°45 moves -1/-2
-Sailor n°45 rows.
-Sailor n°42 rows.
-Sailor n°39 rows.

-Sailor n°41 moves +0/-2
-Sailor n°41 rows.
-Sailor n°40 uses the watch
-Sailor n°47 moves +2/+0
-Sailor n°47 rows.
-Sailor n°44 moves +2/-1
-Sailor n°44 turned the rudder with an angle o...
-Sailor n°48 moves +1/+2
-Sailor n°48 rows.
-Sailor n°41 moves +0/+2
-Sailor n°41 rows.
-Sailor n°40 uses the watch
-Sailor n°43 rows.
-Sailor n°51 moves +1/+0
-Sailor n°51 rows.
-Sailor ...
-Sailor n°48 rows.
-Sailor n°41 rows.
-Sailor n°40 uses the watch
-Sailor n°43 rows.
-Sailor n°51 rows.
-Sailor n°50 rows.
-Sailor n°46 rows.
-Sailor n°47 rows.
-Sailor n°44 turned the ru...
-Sailor n°48 moves -2/-2
-Sailor n°48 rows.
-Sailor n°41 rows.
-Sailor n°40 uses the watch
-Sailor n°43 rows.
-Sailor n°47 moves +1/+0
-Sailor n°47 rows.
-Sailor n°44 moves -2/+0
-Sailor ...
-Sailor n°48 moves +2/+0
-Sailor n°48 rows.
-Sailor n°41 moves +0/-2
-Sailor n°41 rows.
-Sailor n°40 uses the watch
-Sailor n°47 moves -1/-2
-Sailor n°47 rows.
-Sailor n°44 moves +2/+0
-S...
-Sailor n°41 moves -1/+0
-Sailor n°41 rows.
-Sailor n°40 uses the watch
-Sailor n°47 moves +1/+0
-Sailor n°47 rows.
-Sailor n°44 turned the rudder with an angle of -4
-Sailor n°45 moves +...
-Sailor n°41 rows.
-Sailor n°40 uses the watch
-Sailor n°44 turned the rudder with an angle of -4
-Sailor n°45 rows.
-Sailor n°42 rows.
-Sailor n°39 rows.
-Sailor n°46 rows.

-Sailor n°41 moves +1/+0
-Sailor n°41 rows.
-Sailor n°40 uses the watch
-Sailor n°47 rows.
-Sailor n°44 turned the rudder with an angle of -3
-Sailor n°45 rows.
-Sailor n°39 moves +0/-2
-...
-Sailor n°48 rows.
-Sailor n°41 rows.
-Sailor n°40 uses the watch
-Sailor n°47 moves -1/+0
-Sailor n°47 rows.
-Sailor n°44 turned the rudder with an angle of -12
-Sailor n°45 moves +0/+1
...
-Sailor n°48 rows.
-Sailor n°41 rows.
-Sailor n°40 uses the watch
-Sailor n°47 rows.
-Sailor n°44 turned the rudder with an angle of +8
-Sailor n°45 lowered the sail.
-Sailor n°39 rows.
-...
-Sailor n°41 rows.
-Sailor n°40 uses the watch
-Sailor n°44 turned the rudder with an angle of +2
-Sailor n°45 moves +0/-1
-Sailor n°45 rows.
-Sailor n°39 rows.

-Sailor n°41 moves -1/+0
-Sailor n°41 rows.
-Sailor n°40 uses the watch
-Sailor n°47 moves +1/+0
-Sailor n°47 rows.
-Sailor n°44 turned the rudder with an angle of +4
-Sailor n°45 rows.
-...
-Sailor n°48 moves +0/+2
-Sailor n°48 rows.
-Sailor n°41 moves +1/+2
-Sailor n°41 rows.
-Sailor n°40 uses the watch
-Sailor n°43 rows.
-Sailor n°51 rows.
-Sailor n°50 moves -1/+0
-Sailor ...
-Sailor n°48 moves -2/-2
-Sailor n°48 rows.
-Sailor n°41 rows.
-Sailor n°40 uses the watch
-Sailor n°43 rows.
-Sailor n°47 moves +1/+0
-Sailor n°47 rows.
-Sailor n°44 moves -2/+0
-Sailor ...
-Sailor n°48 rows.
-Sailor n°41 rows.
-Sailor n°40 uses the watch
-Sailor n°43 rows.
-Sailor n°47 rows.
-Sailor n°44 lifted the sail.
-Sailor n°45 rows.
-Sailor n°50 rows.
-Sailor n°42 ro...
-Sailor n°48 moves +2/+0
-Sailor n°48 rows.
-Sailor n°41 rows.
-Sailor n°40 uses the watch
-Sailor n°43 rows.
-Sailor n°47 moves -1/-2
-Sailor n°47 rows.
-Sailor n°44 moves +2/+0
-Sailor ...
-Sailor n°48 moves -1/+0
-Sailor n°48 rows.
-Sailor n°41 rows.
-Sailor n°40 uses the watch
-Sailor n°43 rows.
-Sailor n°47 moves -1/+0
-Sailor n°47 rows.
-Sailor n°44 moves -2/+0
-Sailor ...
-Sailor n°48 moves +1/+2
-Sailor n°48 rows.
-Sailor n°41 rows.
-Sailor n°40 uses the watch
-Sailor n°43 rows.
-Sailor n°51 rows.
-Sailor n°50 moves -1/+0
-Sailor n°50 rows.
-Sailor n°46 m...
-Sailor n°48 moves -2/-2
-Sailor n°48 rows.
-Sailor n°41 rows.
-Sailor n°40 uses the watch
-Sailor n°43 rows.
-Sailor n°47 moves +1/+0
-Sailor n°47 rows.
-Sailor n°44 moves -2/+0
-Sailor ...
-Sailor n°48 rows.
-Sailor n°41 rows.
-Sailor n°40 uses the watch
-Sailor n°43 rows.
-Sailor n°47 rows.
-Sailor n°44 lowered the sail.
-Sailor n°45 rows.
-Sailor n°50 rows.
-Sailor n°42 r...
