6699.21875 2499.9999999999995 1.5882496193148399
6677.029087663809 2542.2113623365453 2.530727415391773
6552.445362843749 2577.5786204666283 3.205998227881743
6404.385406798531 2566.2044695593922 3.2307761840604883
6262.089170137351 2526.729285782276 3.5972953269792747
6131.731262906523 2455.700586072665 3.6845617895789857
6004.977961537221 2378.3335401996183 3.694751957802664
5878.683796340847 2300.218052438356 3.6963010039950035
5752.463809776653 2221.9827357125337 3.696637892378682
5626.262119795385 2143.717906986975 3.6967665788585986
5485.668612736589 2101.7084152486955 3.161781891785173
5337.38753976046 2107.7863025743295 3.0382358946224404
5190.165047300623 2127.082276383299 2.98375685523202
5055.227589164425 2185.2426744881564 2.4804828823924403
4943.153107930654 2282.5554590932584 2.371583189694901
4838.751973204446 2388.1458455376696 2.329053955279578
4713.20323927627 2440.9073568956906 3.1668328284487597
4566.1290823101535 2457.5963331346247 2.8875801481296843
4422.853400803657 2496.6252983171025 2.8634604445088225
4280.111529681756 2537.576445340144 2.8609278172016612
4137.428951861885 2578.733847827707 2.8605920560024174
3994.7545845436434 2619.9197058817194 2.86053169704614
3852.081816192114 2661.1111026823787 2.860514848966764
3709.409612711788 2702.3044559552686 2.860504334322542
3562.424244852038 2710.191631079338 3.3200601693961413
3414.931106069222 2693.9982929818852 3.1804338292366037
3266.9774994690392 2681.833160264225 3.2677002918363147
3119.034565285056 2669.538918316323 3.1804338292366037
2970.6081359971013 2664.912635591825 3.164913824413171
2823.188273561927 2648.673257811107 3.3394467496126374
2733.536506040998 2627.77785941716 3.402729126611767
2733.536506040998 2627.77785941716 3.402729126611767
