2852.173913043478 1978.827361563518 0.0
3016.426853174517 1936.194348654175 -0.5163353325650096
3196.0731791766098 1831.0654673263937 -0.542875200693704
3373.8834103782865 1723.5534775251756 -0.5447993667474834
3551.5571576318443 1615.8685620366366 -0.5449618387396101
3729.2191919377183 1508.1688323617998 -0.5449783085292422
3906.8800118463673 1400.4675669868343 -0.5449803973336828
4084.5406720247865 1292.7660996237241 -0.5449807510921497
4262.201303208014 1185.0645955945884 -0.5449808412352538
4439.86192549889 1077.3630803205888 -0.5449808876001324
4519.886968967076 1122.1288261225386 1.8112136025922145
4452.193613757492 1243.2415208810835 2.371450224596314
4359.166796065598 1332.496406209262 2.3824338331198986
4265.7781958085525 1421.09035663932 2.382638520296973
4172.382894395309 1509.6719765644568 2.382642472798677
4078.9874635038072 1598.2533582103865 2.3826425521527113
3985.5920300107095 1686.834735068581 2.382642553811873
3892.1965964631695 1775.416111826585 2.3826425538480662
3798.8011629144403 1863.9974885824026 2.3826425538488656
3705.4057293656733 1952.578865338172 2.38264255384891
3612.0102958169064 2041.1602420939412 2.38264255384891
3518.6148622681394 2129.7416188496895 2.38264255384891
3425.2194287193724 2218.322995605446 2.3826425538488656
3331.8239951706055 2306.904372361238 2.3826425538488656
3238.4285616218385 2395.48574911703 2.3826425538488656
3145.0331280730716 2484.067125872822 2.3826425538488656
3051.6376945243046 2572.648502628614 2.3826425538488656
2958.2422609755376 2661.229879384406 2.3826425538488656
2864.8468274267707 2749.811256140163 2.38264255384891
2771.4513938780037 2838.3926328959196 2.3826425538488656
2678.0559603292368 2926.9740096517116 2.3826425538488656
2584.66052678047 3015.5553864075036 2.3826425538488656
2491.265093231703 3104.1367631632957 2.3826425538488656
2397.869659682936 3192.7181399190526 2.38264255384891
2304.474226134169 3281.299516674809 2.3826425538488656
2211.078792585402 3369.880893430601 2.382642553848821
2117.683359036635 3458.462270186393 2.3826425538488656
2024.287925487874 3547.043646942185 2.3826425538488656
1930.8924919391297 3635.625023697977 2.3826425538488656
1837.4970583903676 3724.2064004537265 2.382642553849043
1808.2402106534714 3704.032098232811 4.7388370440413885
1836.0548066426916 3533.860725541955 5.009205768904201
1889.183306606662 3362.1145533532467 5.015647345187602
1942.9322840839661 3190.3942210877362 5.015818410774009
1996.697769560558 3018.674618201304 5.015823211731685
2050.4637190695016 2846.955035848728 5.015823354403959
2104.229682392715 2675.2354541074733 5.0158233589088885
2157.9956461529973 2503.5158723855598 5.015823359060678
2211.7616099280426 2331.7962906642992 5.015823359066185
2265.527573703624 2160.076708943045 5.015823359066363
2319.293537479219 1988.357127221799 5.015823359066363
2373.059501254814 1816.6375455005675 5.015823359066363
2426.8254650304093 1644.917963779336 5.015823359066363
2480.5914288060044 1473.1983820581047 5.015823359066363
2534.3573925815995 1301.4788003368733 5.015823359066363
2588.1233563571946 1129.7592186156419 5.015823359066363
2641.8893201327896 958.0396368944105 5.015823359066363
2695.6552839083847 786.3200551731791 5.015823359066363
2749.42124768398 614.6004734519477 5.015823359066363
2803.187211459575 442.8808917307139 5.015823359066363
2856.95317523517 271.16131000947684 5.015823359066363
2910.719139010765 99.44172828823974 5.015823359066274
3007.438847373558 91.40922632257003 1.0888325420790488
3074.04399272502 261.5999579754646 1.3110084940425257
3119.2048673131508 433.47208224131055 1.316742547247046
3163.8188999241365 605.3387901017751 1.3168928723262527
3208.4185841787903 777.2053236961735 1.3168970244367748
3253.017871520261 949.0718524465783 1.3168971457537313
3297.61714724484 1120.93838105519 1.316897149516055
3342.2164226084583 1292.8049096593954 1.3168971496403779
3386.815697960122 1464.6714382634523 1.3168971496447743
3431.41497331136 1636.5379668675027 1.316897149644952
3476.01424866258 1808.4044954715532 1.316897149644952
3520.6135240138 1980.2710240756037 1.316897149644952
3565.21279936502 2152.137552679654 1.316897149644952
3609.81207471624 2324.0040812837046 1.316897149644952
3654.4113500674603 2495.870609887755 1.316897149644952
3699.0106254186803 2667.7371384918056 1.3168971496449298
3743.6099007699004 2839.603667095856 1.3168971496449298
3788.2091761211204 3011.4701956999065 1.3168971496449298
3832.8084514723405 3183.336724303957 1.3168971496449298
3877.4077268235606 3355.2032529080075 1.3168971496449076
3922.0070021747806 3527.069781512058 1.3168971496448854
3966.6062775260025 3698.9363101161084 1.316897149644841
3942.3159640470617 3731.259007705367 3.6730916398371787
3841.9571239147576 3657.5232186019066 3.8777878099508283
3747.246735795095 3571.4112252701807 3.8811957652863165
3652.6436826937734 3485.093761593461 3.8812567362979338
3558.042555244343 3398.7726199425465 3.881257867893018
3463.441463559899 3312.4514099836456 3.881257889696466
3368.840372565079 3226.130198707628 3.8812578901332278
3274.239281584084 3139.808987405205 3.8812578901423316
3179.6381906033635 3053.4877761022262 3.8812578901425536
3085.037099622686 2967.166564799233 3.8812578901425536
2990.436008642009 2880.84535349624 3.8812578901425536
2895.8349176613315 2794.524142193247 3.8812578901425536
2801.233826680621 2708.202930890254 3.881257890142509
2706.632735699898 2621.8817195872607 3.881257890142509
2612.0316447191753 2535.5605082842676 3.881257890142509
2517.4305537384525 2449.2392969812745 3.881257890142509
