2460.9375 2513.020833333333 0.0
2555.2229363634556 2512.8230745192614 -0.004237262776247508
2696.650217962915 2512.219064530244 -0.00430499592298392
2838.0774783324346 2511.6100976234375 -0.004306700965457189
2977.3182515493736 2532.8255231139537 0.3098525643935254
3111.5848270882134 2577.2539710985466 0.32945653312643175
3245.3751759192996 2623.103508364183 0.3308654697099286
3379.130193950717 2669.0560484953726 0.33098353658881885
3512.882202083979 2715.0173489166127 0.33099539881912243
3646.633901038408 2760.979549072029 0.33099688662314686
3780.385559811139 2806.9418661575446 0.3309971348891879
3914.1372114137025 2852.9042041084435 0.33099719676106776
4047.888860887541 2898.866548253994 0.3309972272040548
4187.15569147085 2904.0697934385157 -0.2622409537950976
4323.198883338097 2865.4321926879816 -0.2914978395646717
4458.627916203014 2824.676661482775 -0.2931500695301925
4594.020786220642 2783.8010997579636 -0.293255132761141
4729.4113327002815 2742.917842302446 -0.2932627760293427
4864.801708229195 2702.0340187231204 -0.2932634256548017
5000.192069002217 2661.150146278384 -0.29326349204164215
5135.582428232466 2620.2662687246216 -0.29326350054703854
5270.972787257559 2579.3823904914707 -0.29326350200718165
5406.363146244819 2538.498512133036 -0.29326350238694454
5545.03397866054 2512.0890161237 -0.08100127220257658
5686.022486099332 2500.94220093222 -0.07675173913540362
5827.035173414239 2490.104174388093 -0.07666280038207907
5968.0483578249805 2479.2726168517597 -0.07666085849522775
6109.061553095271 2468.4412006936745 -0.07666081418012338
6250.074748613638 2457.6097877652737 -0.0766608131209609
6388.687825034892 2431.099371102183 -0.30355361588022417
6523.346829748098 2387.8714512155248 -0.31784088024141993
6657.668961505106 2343.604037031061 -0.3188737393698891
6791.966078623749 2299.2607721840623 -0.3189608835559619
6926.261050418252 2254.9110104382403 -0.3189697108742105
7060.555799954118 2210.5605756779814 -0.3189708294025471
7194.850520284595 2166.210052482809 -0.318971018608226
7329.145235320905 2121.859513256745 -0.31897106673370185
7463.439948737905 2077.508969127361 -0.3189710913968678
7602.961690798188 2061.8344052684647 0.09940312812269889
7743.5464384747775 2077.239729734212 0.11908340500420242
7883.964751556764 2094.1138630024475 0.12012089549721486
8024.37369833649 2111.065809035837 0.12018196636530384
8164.782088105311 2128.02236820408 0.12018603555784788
8305.190440407476 2144.979237612026 0.12018634790215663
8445.807366363844 2160.0696805804887 0.09335903056072561
8586.623887950547 2173.213024316447 0.09276912281494762
8727.444408731059 2186.313472519518 0.09275555990634723
8868.265021356297 2199.412933431277 0.092755233199426
9009.085636196358 2212.5123705334145 0.09275522493543373
9149.906251092518 2225.611807032523 0.09275522471537503
9290.726865990215 2238.7112435155514 0.0927552247091897
9431.547480887926 2251.8106799981224 0.09275522470900652
9572.368095785638 2264.9101164806934 0.09275522470900374
9713.18871068335 2278.0095529632645 0.09275522470899958
9852.873275036389 2299.582650336907 0.21492827234860337
9992.687390635796 2320.115122412521 0.07530193218905737
10132.530038677805 2340.4523572043754 0.21492827234860387
10272.344154277213 2360.9848292799875 0.07530193218904677
10356.601540984677 2370.844756891086 0.15907773628476937
