Init game input:
>Boat:
>>Position X: 2852.173913043478
>>Position Y: 1978.827361563518
>>Angle: -1.0297442586766543
>>Life: 1050
>>Checkpoint number: 1
>>Next Checkpoint :
>>>X: 4036.4115963579497
>>
> Wind, Orientation : 0.0, strength : 50.0

Capichef order :
Turn of 0.06358942340607532° sailors !

> Wind, Orientation : 0.0, strength : 50.0

Capichef order :
Turn of 0.06788775145820058° sailors !

> Wind, Orientation : 0.0, strength : 50.0

Capichef order :
Turn of 0.07415160199162019° sailors !

> Wind, Orientation : 0.0, strength : 50.0

Capichef order :
Turn of 0.08168601641973994° sailors !

> Wind, Orientation : 0.0, strength : 50.0

Capichef order :
Turn of 0.09092002160267387° sailors !

> Wind, Orientation : 0.0, strength : 50.0

Capichef order :
Turn of 0.10249953125303801° sailors !

> Wind, Orientation : 0.0, strength : 50.0

Capichef order :
Turn of 0.11744349271561327° sailors !

> Wind, Orientation : 0.0, strength : 50.0

Capichef order :
Turn of 0.137456600472871° sailors !

> Wind, Orientation : 0.0, strength : 50.0

Capichef order :
Turn of 0.16561635413319187° sailors !

> Wind, Orientation : 0.0, strength : 50.0

Capichef order :
Turn of 0.20807747932286902° sailors !

> Wind, Orientation : 0.0, strength : 50.0

Capichef order :
Turn of 0.27906096560067706° sailors !

> Wind, Orientation : 0.0, strength : 50.0

Capichef order :
Turn of 0.41929294620222646° sailors !

> Wind, Orientation : 0.0, strength : 50.0

Capichef order :
Turn of 0.11898472378185077° sailors !

> Wind, Orientation : 0.0, strength : 50.0

Capichef order :
Turn of 0.2527922556139183° sailors !

> Wind, Orientation : 0.0, strength : 50.0

Capichef order :
Turn of 1.5707963267948966° sailors !

> Wind, Orientation : 0.0, strength : 50.0

Capichef order :
Turn of -0.9424777960769379° sailors !

> Wind, Orientation : 0.0, strength : 50.0

Capichef order :
Turn of 1.5707963267948966° sailors !

> Wind, Orientation : 0.0, strength : 50.0

Capichef order :
Turn of -1.5707963267948966° sailors !

> Wind, Orientation : 0.0, strength : 50.0

Capichef order :
Turn of 0.07262854522132063° sailors !

> Wind, Orientation : 0.0, strength : 50.0

Capichef order :
Turn of 0.0775931098377008° sailors !

> Wind, Orientation : 0.0, strength : 50.0

Capichef order :
Turn of 0.08328449861794948° sailors !

> Wind, Orientation : 0.0, strength : 50.0

Capichef order :
Turn of 1.5707963267948966° sailors !

> Wind, Orientation : 0.0, strength : 50.0

Capichef order :
Turn of -1.5707963267948966° sailors !

> Wind, Orientation : 0.0, strength : 50.0

Capichef order :
Turn of 0.04156469648228015° sailors !

> Wind, Orientation : 0.0, strength : 50.0

Capichef order :
Turn of 0.04536042330884668° sailors !

> Wind, Orientation : 0.0, strength : 50.0

Capichef order :
Turn of 0.049918446535689984° sailors !

> Wind, Orientation : 0.0, strength : 50.0

Capichef order :
Turn of 0.055493775071254886° sailors !

> Wind, Orientation : 0.0, strength : 50.0

Capichef order :
Turn of 0.06246926921535719° sailors !

> Wind, Orientation : 0.0, strength : 50.0

Capichef order :
Turn of 0.07144709025113666° sailors !

> Wind, Orientation : 0.0, strength : 50.0

Capichef order :
Turn of 0.08343153311299496° sailors !

> Wind, Orientation : 0.0, strength : 50.0

Capichef order :
Turn of 1.5707963267948966° sailors !

> Wind, Orientation : 0.0, strength : 50.0

Capichef order :
Turn of -1.5707963267948966° sailors !

> Wind, Orientation : 0.0, strength : 50.0

Capichef order :
Turn of -0.03259867500009661° sailors !

> Wind, Orientation : 0.0, strength : 50.0

Capichef order :
Turn of -0.04246836625097222° sailors !

> Wind, Orientation : 0.0, strength : 50.0

Capichef order :
Turn of -0.06089896913940809° sailors !

> Wind, Orientation : 0.0, strength : 50.0

Capichef order :
Turn of -0.10748361016193983° sailors !

> Wind, Orientation : 0.0, strength : 50.0

Capichef order :
Turn of 1.5707963267948966° sailors !

> Wind, Orientation : 0.0, strength : 50.0

Capichef order :
Turn of -0.9424777960769379° sailors !

> Wind, Orientation : 0.0, strength : 50.0

Capichef order :
Turn of 0.09025577007112584° sailors !

> Wind, Orientation : 0.0, strength : 50.0

Capichef order :
Turn of 0.10206955778969429° sailors !

> Wind, Orientation : 0.0, strength : 50.0

Capichef order :
Turn of 0.11734394336819476° sailors !

> Wind, Orientation : 0.0, strength : 50.0

Capichef order :
Turn of 0.1387341561274118° sailors !

> Wind, Orientation : 0.0, strength : 50.0

Capichef order :
Turn of 0.17079347041252502° sailors !

> Wind, Orientation : 0.0, strength : 50.0

Capichef order :
Turn of 0.22399473243939183° sailors !

> Wind, Orientation : 0.0, strength : 50.0

Capichef order :
Turn of 0.32848772208199617° sailors !

> Wind, Orientation : 0.0, strength : 50.0

Capichef order :
Turn of 0.02708517060016713° sailors !

> Wind, Orientation : 0.0, strength : 50.0

Capichef order :
Turn of 0.05670214630919079° sailors !

> Wind, Orientation : 0.0, strength : 50.0

Capichef order :
Turn of 0.6661363519751328° sailors !

> Wind, Orientation : 0.0, strength : 50.0

Capichef order :
Turn of 0.04928254976261437° sailors !

> Wind, Orientation : 0.0, strength : 50.0

