-Sailor n°2 moves +1/+0
-Sailor n°2 rows.
-Sailor n°6 moves -1/+0
-Sailor n°6 rows.
-Sailor n°10 moves +0/-1
-Sailor n°10 rows.
-Sailor n°7 moves +1/+0
-Sailor n°0 moves +2/+1
-Sailor n°0...
-Sailor n°2 rows.
-Sailor n°6 rows.
-Sailor n°7 moves +0/-1
-Sailor n°7 rows.
-Sailor n°0 lowered the sail.
-Sailor n°9 moves +1/-2
-Sailor n°9 rows.
-Sailor n°1 uses the watch
-Sailor n°...
-Sailor n°2 rows.
-Sailor n°6 rows.
-Sailor n°7 rows.
-Sailor n°0 lifted the sail.
-Sailor n°9 rows.
-Sailor n°1 uses the watch
-Sailor n°4 rows.
-Sailor n°3 rows.
-Sailor n°5 rows.
-Sail...
-Sailor n°2 rows.
-Sailor n°6 rows.
-Sailor n°7 rows.
-Sailor n°0 lowered the sail.
-Sailor n°9 rows.
-Sailor n°1 uses the watch
-Sailor n°4 rows.
-Sailor n°3 rows.
-Sailor n°5 rows.
-Sai...
-Sailor n°2 rows.
-Sailor n°6 rows.
-Sailor n°7 rows.
-Sailor n°0 lifted the sail.
-Sailor n°9 rows.
-Sailor n°1 uses the watch
-Sailor n°4 rows.
-Sailor n°3 rows.
-Sailor n°5 rows.
-Sail...
-Sailor n°2 rows.
-Sailor n°6 rows.
-Sailor n°7 rows.
-Sailor n°0 lowered the sail.
-Sailor n°9 rows.
-Sailor n°1 uses the watch
-Sailor n°4 rows.
-Sailor n°3 rows.
-Sailor n°5 rows.
-Sai...
-Sailor n°2 rows.
-Sailor n°6 rows.
-Sailor n°7 rows.
-Sailor n°0 lifted the sail.
-Sailor n°9 rows.
-Sailor n°1 uses the watch
-Sailor n°4 rows.
-Sailor n°3 rows.
-Sailor n°5 rows.
-Sail...
-Sailor n°2 rows.
-Sailor n°6 rows.
-Sailor n°7 moves +1/+2
-Sailor n°7 rows.
-Sailor n°10 moves +1/+0
-Sailor n°10 rows.
-Sailor n°0 lowered the sail.
-Sailor n°9 moves -1/+0
-Sailor n°9...
-Sailor n°2 rows.
-Sailor n°6 rows.
-Sailor n°7 moves -1/-2
-Sailor n°7 rows.
-Sailor n°0 lifted the sail.
-Sailor n°9 moves +1/+0
-Sailor n°9 rows.
-Sailor n°1 uses the watch
-Sailor n°4...
-Sailor n°2 rows.
-Sailor n°6 rows.
-Sailor n°7 moves +1/+0
-Sailor n°7 rows.
-Sailor n°0 lowered the sail.
-Sailor n°1 uses the watch
-Sailor n°4 rows.
-Sailor n°3 rows.
-Sailor n°8 rows...
-Sailor n°2 rows.
-Sailor n°6 rows.
-Sailor n°7 moves +0/+2
-Sailor n°7 rows.
-Sailor n°10 rows.
-Sailor n°0 lifted the sail.
-Sailor n°9 moves -1/+0
-Sailor n°9 rows.
-Sailor n°1 uses th...
-Sailor n°2 rows.
-Sailor n°6 rows.
-Sailor n°7 moves -1/-2
-Sailor n°7 rows.
-Sailor n°0 lowered the sail.
-Sailor n°9 moves +1/+0
-Sailor n°9 rows.
-Sailor n°1 uses the watch
-Sailor n°...
-Sailor n°2 rows.
-Sailor n°6 rows.
-Sailor n°7 rows.
-Sailor n°0 lifted the sail.
-Sailor n°9 rows.
-Sailor n°1 uses the watch
-Sailor n°4 rows.
-Sailor n°3 rows.
-Sailor n°5 rows.
-Sail...
-Sailor n°2 rows.
-Sailor n°6 rows.
-Sailor n°7 rows.
-Sailor n°0 lowered the sail.
-Sailor n°9 rows.
-Sailor n°1 uses the watch
-Sailor n°4 rows.
-Sailor n°3 rows.
-Sailor n°5 rows.
-Sai...
-Sailor n°2 rows.
-Sailor n°6 rows.
-Sailor n°7 rows.
-Sailor n°0 lifted the sail.
-Sailor n°9 rows.
-Sailor n°1 uses the watch
-Sailor n°4 rows.
-Sailor n°3 moves +2/-1
-Sailor n°3 turne...
-Sailor n°2 rows.
-Sailor n°6 rows.
-Sailor n°7 rows.
-Sailor n°0 lowered the sail.
-Sailor n°9 rows.
-Sailor n°1 uses the watch
-Sailor n°4 rows.
-Sailor n°3 moves -2/+1
-Sailor n°3 rows...
-Sailor n°2 rows.
-Sailor n°6 rows.
-Sailor n°7 rows.
-Sailor n°0 lifted the sail.
-Sailor n°9 rows.
-Sailor n°1 uses the watch
-Sailor n°4 rows.
-Sailor n°3 rows.
-Sailor n°5 rows.
-Sail...
-Sailor n°2 rows.
-Sailor n°6 rows.
-Sailor n°7 rows.
-Sailor n°0 lowered the sail.
-Sailor n°9 rows.
-Sailor n°1 uses the watch
-Sailor n°4 rows.
-Sailor n°3 rows.
-Sailor n°5 rows.
-Sai...
-Sailor n°2 rows.
-Sailor n°6 rows.
-Sailor n°7 rows.
-Sailor n°0 lifted the sail.
-Sailor n°9 rows.
-Sailor n°1 uses the watch
-Sailor n°4 rows.
-Sailor n°3 rows.
-Sailor n°5 rows.
-Sail...
-Sailor n°2 rows.
-Sailor n°6 rows.
-Sailor n°7 rows.
-Sailor n°0 lowered the sail.
-Sailor n°9 rows.
-Sailor n°1 uses the watch
-Sailor n°4 rows.
-Sailor n°3 rows.
-Sailor n°5 rows.
-Sai...
-Sailor n°2 rows.
-Sailor n°6 rows.
-Sailor n°7 rows.
-Sailor n°0 lifted the sail.
-Sailor n°9 rows.
-Sailor n°1 uses the watch
-Sailor n°4 rows.
-Sailor n°3 rows.
-Sailor n°5 rows.
-Sail...
-Sailor n°2 rows.
-Sailor n°6 rows.
-Sailor n°7 rows.
-Sailor n°0 lowered the sail.
-Sailor n°9 rows.
-Sailor n°1 uses the watch
-Sailor n°4 rows.
-Sailor n°3 rows.
-Sailor n°5 rows.
-Sai...
-Sailor n°2 rows.
-Sailor n°6 rows.
-Sailor n°7 rows.
-Sailor n°0 lifted the sail.
-Sailor n°9 rows.
-Sailor n°1 uses the watch
-Sailor n°4 rows.
-Sailor n°3 moves +2/-1
-Sailor n°3 turne...
-Sailor n°2 rows.
-Sailor n°6 rows.
-Sailor n°7 rows.
-Sailor n°0 lowered the sail.
-Sailor n°9 rows.
-Sailor n°1 uses the watch
-Sailor n°4 rows.
-Sailor n°3 moves -2/+1
-Sailor n°3 rows...
-Sailor n°2 rows.
-Sailor n°6 rows.
-Sailor n°7 rows.
-Sailor n°0 lifted the sail.
-Sailor n°9 rows.
-Sailor n°1 uses the watch
-Sailor n°4 rows.
-Sailor n°3 rows.
-Sailor n°5 rows.
-Sail...
-Sailor n°2 rows.
-Sailor n°6 rows.
-Sailor n°7 rows.
-Sailor n°0 lowered the sail.
-Sailor n°9 rows.
-Sailor n°1 uses the watch
-Sailor n°4 rows.
-Sailor n°3 rows.
-Sailor n°5 rows.
-Sai...
-Sailor n°2 rows.
-Sailor n°6 rows.
-Sailor n°7 rows.
-Sailor n°0 lifted the sail.
-Sailor n°9 rows.
-Sailor n°1 uses the watch
-Sailor n°4 rows.
-Sailor n°3 rows.
-Sailor n°5 rows.
-Sail...
-Sailor n°2 rows.
-Sailor n°6 rows.
-Sailor n°7 rows.
-Sailor n°0 lowered the sail.
-Sailor n°9 rows.
-Sailor n°1 uses the watch
-Sailor n°4 rows.
-Sailor n°3 rows.
-Sailor n°5 rows.
-Sai...
-Sailor n°2 rows.
-Sailor n°6 rows.
-Sailor n°7 rows.
-Sailor n°0 lifted the sail.
-Sailor n°9 rows.
-Sailor n°1 uses the watch
-Sailor n°4 rows.
-Sailor n°3 rows.
-Sailor n°5 rows.
-Sail...
-Sailor n°2 rows.
-Sailor n°6 rows.
-Sailor n°7 rows.
-Sailor n°0 lowered the sail.
-Sailor n°9 rows.
-Sailor n°1 uses the watch
-Sailor n°4 rows.
-Sailor n°3 rows.
-Sailor n°5 rows.
-Sai...
-Sailor n°2 rows.
-Sailor n°6 rows.
-Sailor n°7 rows.
-Sailor n°0 lifted the sail.
-Sailor n°9 rows.
-Sailor n°1 uses the watch
-Sailor n°4 rows.
-Sailor n°3 rows.
-Sailor n°5 rows.
-Sail...
-Sailor n°2 rows.
-Sailor n°6 rows.
-Sailor n°7 moves +1/+2
-Sailor n°7 rows.
-Sailor n°10 rows.
-Sailor n°0 lowered the sail.
-Sailor n°9 moves -1/+0
-Sailor n°9 rows.
-Sailor n°1 uses t...
-Sailor n°2 rows.
-Sailor n°6 rows.
-Sailor n°0 lifted the sail.
-Sailor n°1 uses the watch
-Sailor n°4 rows.
-Sailor n°3 moves -2/+1
-Sailor n°3 rows.
-Sailor n°8 rows.
-Sailor n°5 moves...
-Sailor n°2 rows.
-Sailor n°7 rows.
-Sailor n°0 lowered the sail.
-Sailor n°1 uses the watch
-Sailor n°4 rows.
-Sailor n°3 moves +2/-1
-Sailor n°3 turned the rudder with an angle of -7
-S...
-Sailor n°2 rows.
-Sailor n°6 rows.
-Sailor n°7 rows.
-Sailor n°0 lifted the sail.
-Sailor n°1 uses the watch
-Sailor n°4 rows.
-Sailor n°3 turned the rudder with an angle of -8
-Sailor n...
-Sailor n°2 rows.
-Sailor n°6 rows.
-Sailor n°7 rows.
-Sailor n°0 lowered the sail.
-Sailor n°1 uses the watch
-Sailor n°4 rows.
-Sailor n°3 turned the rudder with an angle of -8
-Sailor ...
