Init game input:
>Boat:
>>Position X: 1903.1377899045021
>>Position Y: 1662.162162162162
>>Angle: 0.0
>>Life: 2250
>>Checkpoint number: 1
>>Next Checkpoint :
>>>X: 4638.47203274215
>>>Y: 2013.51351351
> Wind, Orientation : 0.0, strength : 0.0

Capichef order :
Turn of 0.7072059283384629° sailors !

> Wind, Orientation : 0.0, strength : 0.0

Capichef order :
Turn of 0.343345563997823° sailors !

> Wind, Orientation : 0.0, strength : 0.0

Capichef order :
Turn of 0.010779059724025264° sailors !

> Wind, Orientation : 0.0, strength : 0.0

Capichef order :
Turn of 0.003289953293946213° sailors !

> Wind, Orientation : 0.0, strength : 0.0

Capichef order :
Turn of 0.006896289732125416° sailors !

> Wind, Orientation : 0.0, strength : 0.0

Capichef order :
Turn of -0.7453009478902646° sailors !

> Wind, Orientation : 0.0, strength : 0.0

Capichef order :
Turn of -0.006362819405264191° sailors !

> Wind, Orientation : 0.0, strength : 0.0

Capichef order :
Turn of -2.451026995074178E-4° sailors !

> Wind, Orientation : 0.0, strength : 0.0

Capichef order :
Turn of -1.0221333194167063E-5° sailors !

> Wind, Orientation : 0.0, strength : 0.0

Capichef order :
Turn of -4.646203020514106E-7° sailors !

> Wind, Orientation : 0.0, strength : 0.0

Capichef order :
Turn of -2.3208819007261572E-8° sailors !

> Wind, Orientation : 0.0, strength : 0.0

Capichef order :
Turn of -1.2865962028402178E-9° sailors !

> Wind, Orientation : 0.0, strength : 0.0

Capichef order :
Turn of -8.011812567543242E-11° sailors !

> Wind, Orientation : 0.0, strength : 0.0

Capichef order :
Turn of 2.5292688296831532E-5° sailors !

> Wind, Orientation : 0.0, strength : 0.0

Capichef order :
Turn of 5.3677535713485096E-5° sailors !

> Wind, Orientation : 0.0, strength : 0.0

Capichef order :
Turn of 6.872168778164229E-5° sailors !

> Wind, Orientation : 0.0, strength : 0.0

Capichef order :
Turn of 9.046724585946419E-5° sailors !

> Wind, Orientation : 0.0, strength : 0.0

Capichef order :
Turn of 1.3016034459968715E-4° sailors !

> Wind, Orientation : 0.0, strength : 0.0

Capichef order :
Turn of 2.2385709739946094E-4° sailors !

> Wind, Orientation : 0.0, strength : 0.0

Capichef order :
Turn of 2.34855947714197E-4° sailors !

> Wind, Orientation : 0.0, strength : 0.0

Capichef order :
Turn of 0.5693655824475957° sailors !

> Wind, Orientation : 0.0, strength : 0.0

Capichef order :
Turn of 0.012671773951073662° sailors !

> Wind, Orientation : 0.0, strength : 0.0

Capichef order :
Turn of 0.003636135101047766° sailors !

> Wind, Orientation : 0.0, strength : 0.0

Capichef order :
Turn of 0.002416472621374899° sailors !

> Wind, Orientation : 0.0, strength : 0.0

Capichef order :
Turn of -0.6349075312763737° sailors !

> Wind, Orientation : 0.0, strength : 0.0

Capichef order :
Turn of -0.025575079772819087° sailors !

> Wind, Orientation : 0.0, strength : 0.0

Capichef order :
Turn of -0.006808382625250006° sailors !

