-Sailor n°0 moves +2/+1
-Sailor n°0 lifted the sail.
-Sailor n°2 moves +2/+0
-Sailor n°2 rows.
-Sailor n°4 moves +2/+0
-Sailor n°9 moves +0/+2
-Sailor n°9 rows.
-Sailor n°6 moves +...
-Sailor n°0 lowered the sail.
-Sailor n°2 rows.
-Sailor n°4 moves +0/+1
-Sailor n°4 rows.
-Sailor n°6 moves +1/+2
-Sailor n°6 rows.
-Sailor n°9 moves +1/-2
-Sailor n°9 rows.
-Sail...
-Sailor n°0 lifted the sail.
-Sailor n°2 rows.
-Sailor n°4 rows.
-Sailor n°6 rows.
-Sailor n°9 rows.
-Sailor n°1 rows.
-Sailor n°3 rows.
-Sailor n°5 rows.
-Sailor n°8 rows.

-Sailor n°0 lowered the sail.
-Sailor n°2 rows.
-Sailor n°4 rows.
-Sailor n°6 rows.
-Sailor n°9 rows.
-Sailor n°1 rows.
-Sailor n°3 rows.
-Sailor n°5 rows.
-Sailor n°8 rows.

-Sailor n°0 lifted the sail.
-Sailor n°2 rows.
-Sailor n°4 rows.
-Sailor n°6 rows.
-Sailor n°9 rows.
-Sailor n°1 rows.
-Sailor n°3 rows.
-Sailor n°5 rows.
-Sailor n°8 rows.

-Sailor n°0 lowered the sail.
-Sailor n°2 rows.
-Sailor n°4 rows.
-Sailor n°6 rows.
-Sailor n°9 rows.
-Sailor n°1 rows.
-Sailor n°3 rows.
-Sailor n°5 rows.
-Sailor n°8 rows.

-Sailor n°0 lifted the sail.
-Sailor n°2 rows.
-Sailor n°4 rows.
-Sailor n°6 rows.
-Sailor n°9 rows.
-Sailor n°1 rows.
-Sailor n°3 rows.
-Sailor n°5 rows.
-Sailor n°8 rows.

-Sailor n°0 lowered the sail.
-Sailor n°2 rows.
-Sailor n°4 moves +2/-1
-Sailor n°4 turned the rudder with an angle of -2
-Sailor n°6 moves -1/+0
-Sailor n°6 rows.
-Sailor n°9 moves...
-Sailor n°0 lifted the sail.
-Sailor n°2 rows.
-Sailor n°4 moves -2/+1
-Sailor n°4 rows.
-Sailor n°6 moves +1/+0
-Sailor n°6 rows.
-Sailor n°9 moves +1/+0
-Sailor n°9 rows.
-Sailo...
-Sailor n°0 lowered the sail.
-Sailor n°2 rows.
-Sailor n°4 rows.
-Sailor n°6 rows.
-Sailor n°9 rows.
-Sailor n°1 rows.
-Sailor n°3 rows.
-Sailor n°5 rows.
-Sailor n°8 rows.

-Sailor n°0 lifted the sail.
-Sailor n°2 rows.
-Sailor n°4 rows.
-Sailor n°6 rows.
-Sailor n°9 rows.
-Sailor n°1 rows.
-Sailor n°3 rows.
-Sailor n°5 rows.
-Sailor n°8 rows.

-Sailor n°0 lowered the sail.
-Sailor n°2 rows.
-Sailor n°4 rows.
-Sailor n°6 rows.
-Sailor n°9 rows.
-Sailor n°1 rows.
-Sailor n°3 rows.
-Sailor n°5 rows.
-Sailor n°8 rows.

-Sailor n°0 lifted the sail.
-Sailor n°2 rows.
-Sailor n°4 rows.
-Sailor n°6 rows.
-Sailor n°9 rows.
-Sailor n°1 rows.
-Sailor n°3 rows.
-Sailor n°5 rows.
-Sailor n°8 rows.

-Sailor n°0 lowered the sail.
-Sailor n°2 rows.
-Sailor n°4 rows.
-Sailor n°6 rows.
-Sailor n°9 rows.
-Sailor n°1 rows.
-Sailor n°3 rows.
-Sailor n°5 rows.
-Sailor n°8 rows.

-Sailor n°0 lifted the sail.
-Sailor n°2 rows.
-Sailor n°4 rows.
-Sailor n°6 rows.
-Sailor n°9 rows.
-Sailor n°1 rows.
-Sailor n°3 rows.
-Sailor n°5 rows.
-Sailor n°8 rows.

-Sailor n°0 lowered the sail.
-Sailor n°2 rows.
-Sailor n°4 rows.
-Sailor n°6 rows.
-Sailor n°9 rows.
-Sailor n°1 rows.
-Sailor n°3 rows.
-Sailor n°5 rows.
-Sailor n°8 rows.

-Sailor n°0 lifted the sail.
-Sailor n°2 rows.
-Sailor n°4 rows.
-Sailor n°6 rows.
-Sailor n°9 rows.
-Sailor n°1 rows.
-Sailor n°3 rows.
-Sailor n°5 rows.
-Sailor n°8 rows.

-Sailor n°0 lowered the sail.
-Sailor n°2 rows.
-Sailor n°4 rows.
-Sailor n°6 rows.
-Sailor n°9 rows.
-Sailor n°1 rows.
-Sailor n°3 rows.
-Sailor n°5 rows.
-Sailor n°8 rows.

-Sailor n°0 lifted the sail.
-Sailor n°2 rows.
-Sailor n°4 moves +2/-1
-Sailor n°4 turned the rudder with an angle of +2
-Sailor n°6 moves -1/+0
-Sailor n°6 rows.
-Sailor n°9 moves ...
-Sailor n°0 lowered the sail.
-Sailor n°2 rows.
-Sailor n°4 moves -2/+1
-Sailor n°4 rows.
-Sailor n°6 moves +1/+0
-Sailor n°6 rows.
-Sailor n°9 moves +1/+0
-Sailor n°9 rows.
-Sail...
-Sailor n°0 lifted the sail.
-Sailor n°2 rows.
-Sailor n°4 rows.
-Sailor n°6 rows.
-Sailor n°9 rows.
-Sailor n°1 rows.
-Sailor n°3 rows.
-Sailor n°5 rows.
-Sailor n°8 rows.

-Sailor n°0 lowered the sail.
-Sailor n°2 rows.
-Sailor n°4 rows.
-Sailor n°6 rows.
-Sailor n°9 rows.
-Sailor n°1 rows.
-Sailor n°3 rows.
-Sailor n°5 rows.
-Sailor n°8 rows.

-Sailor n°0 lifted the sail.
-Sailor n°2 rows.
-Sailor n°4 rows.
-Sailor n°6 rows.
-Sailor n°9 rows.
-Sailor n°1 rows.
-Sailor n°3 rows.
-Sailor n°5 rows.
-Sailor n°8 rows.

-Sailor n°0 lowered the sail.
-Sailor n°2 rows.
-Sailor n°4 rows.
-Sailor n°6 rows.
-Sailor n°9 rows.
-Sailor n°1 rows.
-Sailor n°3 rows.
-Sailor n°5 rows.
-Sailor n°8 rows.

-Sailor n°0 lifted the sail.
-Sailor n°2 rows.
-Sailor n°4 rows.
-Sailor n°6 rows.
-Sailor n°9 rows.
-Sailor n°1 rows.
-Sailor n°3 rows.
-Sailor n°5 rows.
-Sailor n°8 rows.

-Sailor n°0 lowered the sail.
-Sailor n°2 rows.
-Sailor n°4 rows.
-Sailor n°6 rows.
-Sailor n°9 rows.
-Sailor n°1 rows.
-Sailor n°3 rows.
-Sailor n°5 rows.
-Sailor n°8 rows.

-Sailor n°0 lifted the sail.
-Sailor n°2 rows.
-Sailor n°4 rows.
-Sailor n°6 rows.
-Sailor n°9 rows.
-Sailor n°1 rows.
-Sailor n°3 rows.
-Sailor n°5 rows.
-Sailor n°8 rows.

-Sailor n°0 lowered the sail.
-Sailor n°2 rows.
-Sailor n°4 rows.
-Sailor n°6 rows.
-Sailor n°9 rows.
-Sailor n°1 rows.
-Sailor n°3 rows.
-Sailor n°5 rows.
-Sailor n°8 rows.

-Sailor n°0 lifted the sail.
-Sailor n°2 rows.
-Sailor n°4 rows.
-Sailor n°6 rows.
-Sailor n°9 rows.
-Sailor n°1 rows.
-Sailor n°3 rows.
-Sailor n°5 rows.
-Sailor n°8 rows.

-Sailor n°0 lowered the sail.
-Sailor n°2 rows.
-Sailor n°4 rows.
-Sailor n°6 rows.
-Sailor n°9 rows.
-Sailor n°1 rows.
-Sailor n°3 rows.
-Sailor n°5 rows.
-Sailor n°8 rows.

-Sailor n°0 lifted the sail.
-Sailor n°2 rows.
-Sailor n°4 rows.
-Sailor n°6 rows.
-Sailor n°9 rows.
-Sailor n°1 rows.
-Sailor n°3 rows.
-Sailor n°5 rows.
-Sailor n°8 rows.

