Init game input:
>Boat:
>>Position X: 2460.9375
>>Position Y: 2513.020833333333
>>Angle: 0.0
>>Life: 1800
>>Checkpoint number: 1
>>Next Checkpoint :
>>>X: 5533.854166666661
>>>Y: 2499.9999999999973
>>
> Wind, Orientation : 0.0, strength : 0.0

Capichef order :
Turn of -0.004237262776247513° sailors !

> Wind, Orientation : 0.0, strength : 0.0

Capichef order :
Turn of -6.773314673691293E-5° sailors !

> Wind, Orientation : 0.0, strength : 0.0

Capichef order :
Turn of -1.4091615516799785E-6° sailors !

> Wind, Orientation : 0.0, strength : 0.0

Capichef order :
Turn of -3.0576731810567914E-8° sailors !

> Wind, Orientation : 0.0, strength : 0.0

Capichef order :
Turn of 0.3005080042445725° sailors !

> Wind, Orientation : 0.0, strength : 0.0

Capichef order :
Turn of 0.002010948198689133° sailors !

> Wind, Orientation : 0.0, strength : 0.0

Capichef order :
Turn of 1.5649184841348696E-4° sailors !

> Wind, Orientation : 0.0, strength : 0.0

Capichef order :
Turn of 1.4396705611097182E-5° sailors !

> Wind, Orientation : 0.0, strength : 0.0

Capichef order :
Turn of 1.6194673523872716E-6° sailors !

> Wind, Orientation : 0.0, strength : 0.0

Capichef order :
Turn of 2.3437998858399922E-7° sailors !

> Wind, Orientation : 0.0, strength : 0.0

Capichef order :
Turn of 4.7547543402526316E-8° sailors !

> Wind, Orientation : 0.0, strength : 0.0

Capichef order :
Turn of 1.612226857572452E-8° sailors !

> Wind, Orientation : 0.0, strength : 0.0

Capichef order :
Turn of 1.6638278255154404E-8° sailors !

> Wind, Orientation : 0.0, strength : 0.0

Capichef order :
Turn of -0.3328486731914666° sailors !

> Wind, Orientation : 0.0, strength : 0.0

Capichef order :
Turn of -0.003910215249120594° sailors !

> Wind, Orientation : 0.0, strength : 0.0

Capichef order :
Turn of -6.059489510754218E-4° sailors !

> Wind, Orientation : 0.0, strength : 0.0

Capichef order :
Turn of -1.3547302653531268E-4° sailors !

> Wind, Orientation : 0.0, strength : 0.0

Capichef order :
Turn of -5.4349209528556375E-5° sailors !

> Wind, Orientation : 0.0, strength : 0.0

Capichef order :
Turn of -1.0605919579002171E-4° sailors !

> Wind, Orientation : 0.0, strength : 0.0

Capichef order :
Turn of -0.19805125596970732° sailors !

> Wind, Orientation : 0.0, strength : 0.0

Capichef order :
Turn of -0.0010377975516734361° sailors !

> Wind, Orientation : 0.0, strength : 0.0

Capichef order :
Turn of -6.0901138605157223E-5° sailors !

> Wind, Orientation : 0.0, strength : 0.0

Capichef order :
Turn of -4.043768053046959E-6° sailors !

> Wind, Orientation : 0.0, strength : 0.0

Capichef order :
Turn of -3.091496177665132E-7° sailors !

> Wind, Orientation : 0.0, strength : 0.0

Capichef order :
Turn of -2.7851073336471188E-8° sailors !

> Wind, Orientation : 0.0, strength : 0.0

Capichef order :
Turn of -3.0538794548728987E-9° sailors !

> Wind, Orientation : 0.0, strength : 0.0

Capichef order :
Turn of -4.2773315445110427E-10° sailors !

> Wind, Orientation : 0.0, strength : 0.0

Capichef order :
Turn of -8.290337860650254E-11° sailors !

> Wind, Orientation : 0.0, strength : 0.0

Capichef order :
Turn of -2.607569715706859E-11° sailors !

> Wind, Orientation : 0.0, strength : 0.0

Capichef order :
Turn of 0.16206926678474404° sailors !

> Wind, Orientation : 0.0, strength : 0.0

Capichef order :
Turn of 2.656634992336121E-4° sailors !

> Wind, Orientation : 0.0, strength : 0.0

Capichef order :
Turn of 4.5111417090737405E-6° sailors !

> Wind, Orientation : 0.0, strength : 0.0

Capichef order :
Turn of 7.926754343190456E-8° sailors !

> Wind, Orientation : 0.0, strength : 0.0

Capichef order :
Turn of 1.4430610456583892E-9° sailors !

> Wind, Orientation : 0.0, strength : 0.0

Capichef order :
Turn of 2.7253296841500685E-11° sailors !

> Wind, Orientation : 0.0, strength : 0.0

Capichef order :
Turn of 5.348776976887848E-13° sailors !

> Wind, Orientation : 0.0, strength : 0.0

Capichef order :
Turn of -0.3206880883486513° sailors !

> Wind, Orientation : 0.0, strength : 0.0

Capichef order :
Turn of -0.001918398384663067° sailors !

> Wind, Orientation : 0.0, strength : 0.0

Capichef order :
Turn of -1.314685273253735E-4° sailors !

> Wind, Orientation : 0.0, strength : 0.0

Capichef order :
Turn of -1.0424189191005073E-5° sailors !

> Wind, Orientation : 0.0, strength : 0.0

Capichef order :
Turn of -9.804843910665717E-7° sailors !

> Wind, Orientation : 0.0, strength : 0.0

Capichef order :
Turn of -1.1333147215131234E-7° sailors !

> Wind, Orientation : 0.0, strength : 0.0

Capichef order :
Turn of -1.6987976858562348E-8° sailors !

> Wind, Orientation : 0.0, strength : 0.0

Capichef order :
Turn of -3.621339006443236E-9° sailors !

> Wind, Orientation : 0.0, strength : 0.0

Capichef order :
Turn of -1.3358624761927729E-9° sailors !

> Wind, Orientation : 0.0, strength : 0.0

Capichef order :
Turn of -1.8282324543150708E-9° sailors !

> Wind, Orientation : 0.0, strength : 0.0

Capichef order :
Turn of 0.4399469777644446° sailors !

> Wind, Orientation : 0.0, strength : 0.0

Capichef order :
Turn of 0.007576972210761625° sailors !

> Wind, Orientation : 0.0, strength : 0.0

Capichef order :
Turn of 8.022404323898627E-4° sailors !

> Wind, Orientation : 0.0, strength : 0.0

