Init game input:
>Boat:
>>Position X: 2460.9375
>>Position Y: 2513.020833333333
>>Angle: 0.0
>>Life: 1800
>>Checkpoint number: 1
>>Next Checkpoint :
>>>X: 5533.854166666661
>>>Y: 2499.9999999999973
>>
> Wind, Orientation : 0.0, strength : 0.0

Capichef order :
Turn of -0.004237262776247513° sailors !

> Wind, Orientation : 0.0, strength : 0.0

Capichef order :
Turn of -6.773314673691293E-5° sailors !

> Wind, Orientation : 0.0, strength : 0.0

Capichef order :
Turn of -1.4091615516799785E-6° sailors !

> Wind, Orientation : 0.0, strength : 0.0

Capichef order :
Turn of -3.0576731810567914E-8° sailors !

> Wind, Orientation : 0.0, strength : 0.0

Capichef order :
Turn of 0.3005044345533759° sailors !

> Wind, Orientation : 0.0, strength : 0.0

Capichef order :
Turn of 0.0020109360210281424° sailors !

> Wind, Orientation : 0.0, strength : 0.0

Capichef order :
Turn of 1.5649191979955068E-4° sailors !

> Wind, Orientation : 0.0, strength : 0.0

Capichef order :
Turn of 1.4396823010409676E-5° sailors !

> Wind, Orientation : 0.0, strength : 0.0

Capichef order :
Turn of 1.6194957977444524E-6° sailors !

> Wind, Orientation : 0.0, strength : 0.0

Capichef order :
Turn of 2.3438694679578376E-7° sailors !

> Wind, Orientation : 0.0, strength : 0.0

Capichef order :
Turn of 4.75497540231018E-8° sailors !

> Wind, Orientation : 0.0, strength : 0.0

Capichef order :
Turn of 1.612347916291057E-8° sailors !

> Wind, Orientation : 0.0, strength : 0.0

Capichef order :
Turn of 1.6640975153414672E-8° sailors !

> Wind, Orientation : 0.0, strength : 0.0

Capichef order :
Turn of 2.356194490192345° sailors !

> Wind, Orientation : 0.0, strength : 0.0

Capichef order :
Turn of 1.3923690261801767° sailors !

> Wind, Orientation : 0.0, strength : 0.0

Capichef order :
Turn of 0.6571787128613389° sailors !

> Wind, Orientation : 0.0, strength : 0.0

Capichef order :
Turn of 0.30354453787708957° sailors !

> Wind, Orientation : 0.0, strength : 0.0

Capichef order :
Turn of 0.06819146834740275° sailors !

> Wind, Orientation : 0.0, strength : 0.0

Capichef order :
Turn of 2.356194490192345° sailors !

> Wind, Orientation : 0.0, strength : 0.0

Capichef order :
Turn of 2.356194490192345° sailors !

> Wind, Orientation : 0.0, strength : 0.0

Capichef order :
Turn of 2.356194490192345° sailors !

> Wind, Orientation : 0.0, strength : 0.0

Capichef order :
Turn of 2.356194490192345° sailors !

> Wind, Orientation : 0.0, strength : 0.0

Capichef order :
Turn of 2.356194490192345° sailors !

> Wind, Orientation : 0.0, strength : 0.0

Capichef order :
Turn of 2.356194490192345° sailors !

