Init game input:
>Boat:
>>Position X: 2185.3061761027725
>>Position Y: -227.86458333333408
>>Angle: 1.5882496193148399
>>Life: 300
>>Checkpoint number: 1
>>Next Checkpoint :
>>>X: 2279.6317218053687
>
Next Round:
>Boat :
>>Position X: 2185.3061761027725
>>Position Y: -227.86458333333408
>>Angle: 1.5882496193148399
>>Life:300
>>Checkpoint number: 1
>>Next Checkpoint :
>>>X: 2279.6317218053687
>>>Y: 
Capichef order :
BOOM BOOM ! Forward sailors !

Next Round:
>Boat :
>>Position X: 2183.3864113946725
>>Position Y: -117.88133686613074
>>Angle: 1.5882496193148399
>>Life:300
>>Checkpoint number: 1
>>Next Checkpoint :
>>>X: 2279.6317218053687
>>>Y: 
Capichef order :
BOOM BOOM ! Forward sailors !

Next Round:
>Boat :
>>Position X: 2181.4666466865724
>>Position Y: -7.898090398927471
>>Angle: 1.5882496193148399
>>Life:300
>>Checkpoint number: 1
>>Next Checkpoint :
>>>X: 2279.6317218053687
>>>Y: 2
Capichef order :
BOOM BOOM ! Forward sailors !

Next Round:
>Boat :
>>Position X: 2179.5468819784724
>>Position Y: 102.08515606827575
>>Angle: 1.5882496193148399
>>Life:300
>>Checkpoint number: 1
>>Next Checkpoint :
>>>X: 2279.6317218053687
>>>Y: 2
Capichef order :
BOOM BOOM ! Forward sailors !

Next Round:
>Boat :
>>Position X: 2177.6271172703723
>>Position Y: 212.0684025354791
>>Angle: 1.5882496193148399
>>Life:300
>>Checkpoint number: 1
>>Next Checkpoint :
>>>X: 2279.6317218053687
>>>Y: 28
Capichef order :
BOOM BOOM ! Forward sailors !

Next Round:
>Boat :
>>Position X: 2175.7073525622723
>>Position Y: 322.05164900268244
>>Angle: 1.5882496193148399
>>Life:300
>>Checkpoint number: 1
>>Next Checkpoint :
>>>X: 2279.6317218053687
>>>Y: 2
Capichef order :
BOOM BOOM ! Forward sailors !

Next Round:
>Boat :
>>Position X: 2173.787587854172
>>Position Y: 432.0348954698858
>>Angle: 1.5882496193148399
>>Life:300
>>Checkpoint number: 1
>>Next Checkpoint :
>>>X: 2279.6317218053687
>>>Y: 287
Capichef order :
BOOM BOOM ! Forward sailors !

Next Round:
>Boat :
>>Position X: 2171.867823146072
>>Position Y: 542.0181419370875
>>Angle: 1.5882496193148399
>>Life:300
>>Checkpoint number: 1
>>Next Checkpoint :
>>>X: 2279.6317218053687
>>>Y: 287
Capichef order :
BOOM BOOM ! Forward sailors !

Next Round:
>Boat :
>>Position X: 2169.948058437972
>>Position Y: 652.0013884042852
>>Angle: 1.5882496193148399
>>Life:300
>>Checkpoint number: 1
>>Next Checkpoint :
>>>X: 2279.6317218053687
>>>Y: 287
Capichef order :
BOOM BOOM ! Forward sailors !

Next Round:
>Boat :
>>Position X: 2168.028293729872
>>Position Y: 761.9846348714829
>>Angle: 1.5882496193148399
>>Life:300
>>Checkpoint number: 1
>>Next Checkpoint :
>>>X: 2279.6317218053687
>>>Y: 287
Capichef order :
BOOM BOOM ! Forward sailors !

Next Round:
>Boat :
>>Position X: 2166.108529021772
>>Position Y: 871.9678813386805
>>Angle: 1.5882496193148399
>>Life:300
>>Checkpoint number: 1
>>Next Checkpoint :
>>>X: 2279.6317218053687
>>>Y: 287
Capichef order :
BOOM BOOM ! Forward sailors !

Next Round:
>Boat :
>>Position X: 2164.188764313672
>>Position Y: 981.9511278058782
>>Angle: 1.5882496193148399
>>Life:300
>>Checkpoint number: 1
>>Next Checkpoint :
>>>X: 2279.6317218053687
>>>Y: 287
Capichef order :
BOOM BOOM ! Forward sailors !

Next Round:
>Boat :
>>Position X: 2162.268999605572
>>Position Y: 1091.9343742730828
>>Angle: 1.5882496193148399
>>Life:300
>>Checkpoint number: 1
>>Next Checkpoint :
>>>X: 2279.6317218053687
>>>Y: 28
Capichef order :
BOOM BOOM ! Forward sailors !

Next Round:
>Boat :
>>Position X: 2160.349234897472
>>Position Y: 1201.9176207402918
>>Angle: 1.5882496193148399
>>Life:300
>>Checkpoint number: 1
>>Next Checkpoint :
>>>X: 2279.6317218053687
>>>Y: 28
Capichef order :
BOOM BOOM ! Forward sailors !

Next Round:
>Boat :
>>Position X: 2158.429470189372
>>Position Y: 1311.9008672075008
>>Angle: 1.5882496193148399
>>Life:300
>>Checkpoint number: 1
>>Next Checkpoint :
>>>X: 2279.6317218053687
>>>Y: 28
Capichef order :
BOOM BOOM ! Forward sailors !

Next Round:
>Boat :
>>Position X: 2156.509705481272
>>Position Y: 1421.8841136747099
>>Angle: 1.5882496193148399
>>Life:300
>>Checkpoint number: 1
>>Next Checkpoint :
>>>X: 2279.6317218053687
>>>Y: 28
Capichef order :
BOOM BOOM ! Forward sailors !

Next Round:
>Boat :
>>Position X: 2154.5899407731717
>>Position Y: 1531.8673601419189
>>Angle: 1.5882496193148399
>>Life:300
>>Checkpoint number: 1
>>Next Checkpoint :
>>>X: 2279.6317218053687
>>>Y: 2
Capichef order :
BOOM BOOM ! Forward sailors !

Next Round:
>Boat :
>>Position X: 2152.6701760650717
>>Position Y: 1641.850606609128
>>Angle: 1.5882496193148399
>>Life:300
>>Checkpoint number: 1
>>Next Checkpoint :
>>>X: 2279.6317218053687
>>>Y: 28
Capichef order :
BOOM BOOM ! Forward sailors !

Next Round:
>Boat :
>>Position X: 2150.7504113569717
>>Position Y: 1751.833853076337
>>Angle: 1.5882496193148399
>>Life:300
>>Checkpoint number: 1
>>Next Checkpoint :
>>>X: 2279.6317218053687
>>>Y: 28
Capichef order :
BOOM BOOM ! Forward sailors !

Next Round:
>Boat :
>>Position X: 2148.8306466488716
>>Position Y: 1861.817099543546
>>Angle: 1.5882496193148399
>>Life:300
>>Checkpoint number: 1
>>Next Checkpoint :
>>>X: 2279.6317218053687
>>>Y: 28
Capichef order :
BOOM BOOM ! Forward sailors !

Next Round:
>Boat :
>>Position X: 2146.9108819407716
>>Position Y: 1971.800346010755
>>Angle: 1.5882496193148399
>>Life:300
>>Checkpoint number: 1
>>Next Checkpoint :
>>>X: 2279.6317218053687
>>>Y: 28
Capichef order :
BOOM BOOM ! Forward sailors !

Next Round:
>Boat :
>>Position X: 2144.9911172326715
>>Position Y: 2081.783592477964
>>Angle: 1.5882496193148399
>>Life:300
>>Checkpoint number: 1
>>Next Checkpoint :
>>>X: 2279.6317218053687
>>>Y: 28
Capichef order :
BOOM BOOM ! Forward sailors !

Next Round:
>Boat :
>>Position X: 2143.0713525245715
>>Position Y: 2191.766838945173
>>Angle: 1.5882496193148399
>>Life:300
>>Checkpoint number: 1
>>Next Checkpoint :
>>>X: 2279.6317218053687
>>>Y: 28
Capichef order :
BOOM BOOM ! Forward sailors !

Next Round:
>Boat :
>>Position X: 2141.1515878164714
>>Position Y: 2301.750085412382
>>Angle: 1.5882496193148399
>>Life:300
>>Checkpoint number: 1
>>Next Checkpoint :
>>>X: 2279.6317218053687
>>>Y: 28
Capichef order :
BOOM BOOM ! Forward sailors !

Next Round:
>Boat :
>>Position X: 2139.2318231083714
>>Position Y: 2411.733331879591
>>Angle: 1.5882496193148399
>>Life:300
>>Checkpoint number: 1
>>Next Checkpoint :
>>>X: 2279.6317218053687
>>>Y: 28
Capichef order :
BOOM BOOM ! Forward sailors !

Next Round:
>Boat :
>>Position X: 2137.3120584002713
>>Position Y: 2521.7165783468
>>Angle: 1.5882496193148399
>>Life:300
>>Checkpoint number: 1
>>Next Checkpoint :
>>>X: 2279.6317218053687
>>>Y: 2879
Capichef order :
BOOM BOOM ! Forward sailors !

Next Round:
>Boat :
>>Position X: 2135.3922936921713
>>Position Y: 2631.699824814009
>>Angle: 1.5882496193148399
>>Life:300
>>Checkpoint number: 1
>>Next Checkpoint :
>>>X: 2279.6317218053687
>>>Y: 28
Capichef order :
BOOM BOOM ! Forward sailors !

Next Round:
>Boat :
>>Position X: 2133.4725289840712
>>Position Y: 2741.683071281218
>>Angle: 1.5882496193148399
>>Life:300
>>Checkpoint number: 1
>>Next Checkpoint :
>>>X: 2279.6317218053687
>>>Y: 28
Capichef order :
BOOM BOOM ! Forward sailors !

Next Round:
>Boat :
>>Position X: 2131.552764275971
>>Position Y: 2851.666317748427
>>Angle: 1.5882496193148399
>>Life:300
>>Checkpoint number: 1
>>Next Checkpoint :
>>>X: 2279.6317218053687
>>>Y: 287
Capichef order :
BOOM BOOM ! Forward sailors !

Next Round:
>Boat :
>>Position X: 2129.632999567871
>>Position Y: 2961.649564215636
>>Angle: 1.5882496193148399
>>Life:300
>>Checkpoint number: 1
>>Next Checkpoint :
>>>X: 2279.6317218053687
>>>Y: 287
Capichef order :
Turn of -1.5707963267948966° sailors !

Next Round:
>Boat :
>>Position X: 2154.854996137905
>>Position Y: 3007.718483479662
>>Angle: 0.5410520681182407
>>Life:300
>>Checkpoint number: 1
>>Next Checkpoint :
>>>X: 2279.6317218053687
>>>Y: 287
Capichef order :
Turn of -1.5707963267948966° sailors !

Next Round:
>Boat :
>>Position X: 2207.362848830465
>>Position Y: 3008.9100533478636
>>Angle: -0.5061454830783575
>>Life:300
>>Checkpoint number: 1
>>Next Checkpoint :
>>>X: 2279.6317218053687
>>>Y: 2
Capichef order :
BOOM BOOM ! Forward sailors !

Next Round:
>Boat :
>>Position X: 2266.180982002897
>>Position Y: 2952.4068780589982
>>Angle: -1.0297442586766565
>>Life:300
>>Checkpoint number: 1
>>Next Checkpoint :
>>>X: 2279.6317218053687
>>>Y: 2
Capichef order :
BOOM BOOM ! Forward sailors !

Next Round:
>Boat :
>>Position X: 2288.867391888967
>>Position Y: 2874.064626278141
>>Angle: -1.553343034274945
>>Life:300
>>Checkpoint number: 2
>>Next Checkpoint :
>>>X: 2256.4589017735334
>>>Y: 135
Capichef order :
BOOM BOOM ! Forward sailors !

Next Round:
>Boat :
>>Position X: 2269.34327328054
>>Position Y: 2794.875041103207
>>Angle: -2.0769418098732366
>>Life:300
>>Checkpoint number: 2
>>Next Checkpoint :
>>>X: 2256.4589017735334
>>>Y: 135
Capichef order :
BOOM BOOM ! Forward sailors !

Next Round:
>Boat :
>>Position X: 2212.8400979916746
>>Position Y: 2736.056907930774
>>Angle: -2.6005405854715473
>>Life:300
>>Checkpoint number: 2
>>Next Checkpoint :
>>>X: 2256.4589017735334
>>>Y: 1
Capichef order :
BOOM BOOM ! Forward sailors !

Next Round:
>Boat :
>>Position X: 2134.4978462108174
>>Position Y: 2713.3704980447037
>>Angle: -3.124139361069858
>>Life:300
>>Checkpoint number: 2
>>Next Checkpoint :
>>>X: 2256.4589017735334
>>>Y: 1
Capichef order :
Turn of 1.5707963267948966° sailors !

Next Round:
>Boat :
>>Position X: 2089.3372258737886
>>Position Y: 2686.5560839375657
>>Angle: -2.076941809873281
>>Life:300
>>Checkpoint number: 2
>>Next Checkpoint :
>>>X: 2256.4589017735334
>>>Y: 1
Capichef order :
BOOM BOOM ! Forward sailors !

Next Round:
>Boat :
>>Position X: 2032.834050584921
>>Position Y: 2627.7379507651362
>>Angle: -2.6005405854715917
>>Life:300
>>Checkpoint number: 2
>>Next Checkpoint :
>>>X: 2256.4589017735334
>>>Y: 1
Capichef order :
Turn of 1.5707963267948966° sailors !

Next Round:
>Boat :
>>Position X: 2007.1310131759594
>>Position Y: 2581.935676792246
>>Angle: -1.5533430342750052
>>Life:300
>>Checkpoint number: 2
>>Next Checkpoint :
>>>X: 2256.4589017735334
>>>Y: 1
Capichef order :
BOOM BOOM ! Forward sailors !

Next Round:
>Boat :
>>Position X: 1987.606894567529
>>Position Y: 2502.746091617314
>>Angle: -2.076941809873297
>>Life:300
>>Checkpoint number: 2
>>Next Checkpoint :
>>>X: 2256.4589017735334
>>>Y: 135
Capichef order :
BOOM BOOM ! Forward sailors !

Next Round:
>Boat :
>>Position X: 1931.1037192786605
>>Position Y: 2443.9279584448855
>>Angle: -2.6005405854716077
>>Life:300
>>Checkpoint number: 2
>>Next Checkpoint :
>>>X: 2256.4589017735334
>>>Y: 
Capichef order :
Turn of 1.5707963267948966° sailors !

Next Round:
>Boat :
>>Position X: 1905.4006818696987
>>Position Y: 2398.125684471996
>>Angle: -1.5533430342750212
>>Life:300
>>Checkpoint number: 2
>>Next Checkpoint :
>>>X: 2256.4589017735334
>>>Y: 1
Capichef order :
BOOM BOOM ! Forward sailors !

Next Round:
>Boat :
>>Position X: 1885.8765632612663
>>Position Y: 2318.936099297064
>>Angle: -2.076941809873313
>>Life:300
>>Checkpoint number: 2
>>Next Checkpoint :
>>>X: 2256.4589017735334
>>>Y: 13
Capichef order :
BOOM BOOM ! Forward sailors !

Next Round:
>Boat :
>>Position X: 1829.373387972397
>>Position Y: 2260.1179661246356
>>Angle: -2.6005405854716237
>>Life:300
>>Checkpoint number: 2
>>Next Checkpoint :
>>>X: 2256.4589017735334
>>>Y: 1
Capichef order :
Turn of 1.5707963267948966° sailors !

Next Round:
>Boat :
>>Position X: 1803.6703505634334
>>Position Y: 2214.315692151746
>>Angle: -1.5533430342750372
>>Life:300
>>Checkpoint number: 2
>>Next Checkpoint :
>>>X: 2256.4589017735334
>>>Y: 1
Capichef order :
BOOM BOOM ! Forward sailors !

Next Round:
>Boat :
>>Position X: 1784.1462319550003
>>Position Y: 2135.1261069768143
>>Angle: -2.076941809873329
>>Life:300
>>Checkpoint number: 2
>>Next Checkpoint :
>>>X: 2256.4589017735334
>>>Y: 1
Capichef order :
Turn of 1.5707963267948966° sailors !

Next Round:
>Boat :
>>Position X: 1784.7878855908607
>>Position Y: 2082.608655460714
>>Angle: -1.0297442586767314
>>Life:300
>>Checkpoint number: 2
>>Next Checkpoint :
>>>X: 2256.4589017735334
>>>Y: 1
Capichef order :
BOOM BOOM ! Forward sailors !

Next Round:
>Boat :
>>Position X: 1807.4742954769235
>>Position Y: 2004.266403679853
>>Angle: -1.5533430342750199
>>Life:300
>>Checkpoint number: 2
>>Next Checkpoint :
>>>X: 2256.4589017735334
>>>Y: 1
Capichef order :
BOOM BOOM ! Forward sailors !

Next Round:
>Boat :
>>Position X: 1787.950176868491
>>Position Y: 1925.0768185049192
>>Angle: -2.0769418098733117
>>Life:300
>>Checkpoint number: 2
>>Next Checkpoint :
>>>X: 2256.4589017735334
>>>Y: 1
